<testsuites id="" name="" tests="23" failures="0" skipped="0" errors="1" time="869.898256">
<testsuite name="l0/failed-task.spec.ts" timestamp="2026-08-05T06:18:47.693Z" hostname="chromium" tests="1" failures="0" skipped="0" time="13.276" errors="0">
<testcase name="@L0 不存在的配置文件产生可诊断失败" classname="l0/failed-task.spec.ts" time="13.276">
</testcase>
</testsuite>
<testsuite name="l0/home.spec.ts" timestamp="2026-08-05T06:18:47.693Z" hostname="chromium" tests="1" failures="0" skipped="0" time="9.602" errors="0">
<testcase name="@L0 首页与核心入口可达" classname="l0/home.spec.ts" time="9.602">
</testcase>
</testsuite>
<testsuite name="l0/inference-model.spec.ts" timestamp="2026-08-05T06:18:47.693Z" hostname="chromium" tests="1" failures="0" skipped="0" time="5.647" errors="0">
<testcase name="@L0 推理模型性能评估完整闭环" classname="l0/inference-model.spec.ts" time="5.647">
</testcase>
</testsuite>
<testsuite name="l0/task-history.spec.ts" timestamp="2026-08-05T06:18:47.693Z" hostname="chromium" tests="1" failures="0" skipped="0" time="26.864" errors="0">
<testcase name="@L0 任务管理与历史结果回跳" classname="l0/task-history.spec.ts" time="26.864">
</testcase>
</testsuite>
<testsuite name="l0/training-model-estimate.spec.ts" timestamp="2026-08-05T06:18:47.693Z" hostname="chromium" tests="1" failures="0" skipped="0" time="23.921" errors="0">
<testcase name="@L0 训练模型评估从浏览器提交到报告和任务历史" classname="l0/training-model-estimate.spec.ts" time="23.921">
</testcase>
</testsuite>
<testsuite name="l1/asset-model.spec.ts" timestamp="2026-08-05T06:18:47.693Z" hostname="chromium" tests="1" failures="0" skipped="0" time="10.736" errors="0">
<testcase name="@L1 自定义模型 CRUD 与内置保护" classname="l1/asset-model.spec.ts" time="10.736">
</testcase>
</testsuite>
<testsuite name="l1/asset-module.spec.ts" timestamp="2026-08-05T06:18:47.693Z" hostname="chromium" tests="1" failures="0" skipped="0" time="8.231" errors="0">
<testcase name="@L1 Module CRUD 与复用" classname="l1/asset-module.spec.ts" time="8.231">
</testcase>
</testsuite>
<testsuite name="l1/asset-operator.spec.ts" timestamp="2026-08-05T06:18:47.693Z" hostname="chromium" tests="1" failures="0" skipped="0" time="9.508" errors="0">
<testcase name="@L1 自定义算子 CRUD" classname="l1/asset-operator.spec.ts" time="9.508">
</testcase>
</testsuite>
<testsuite name="l1/inference-compare.spec.ts" timestamp="2026-08-05T06:18:47.693Z" hostname="chromium" tests="1" failures="0" skipped="0" time="120.933" errors="0">
<testcase name="@L1 推理硬件性能对比" classname="l1/inference-compare.spec.ts" time="120.933">
</testcase>
</testsuite>
<testsuite name="l1/inference-operator.spec.ts" timestamp="2026-08-05T06:18:47.693Z" hostname="chromium" tests="1" failures="0" skipped="0" time="9.317" errors="0">
<testcase name="@L1 推理算子性能评估" classname="l1/inference-operator.spec.ts" time="9.317">
</testcase>
</testsuite>
<testsuite name="l1/inference-optimize.spec.ts" timestamp="2026-08-05T06:18:47.693Z" hostname="chromium" tests="1" failures="0" skipped="0" time="37.649" errors="1">
<testcase name="@L1 推理策略寻优与应用策略" classname="l1/inference-optimize.spec.ts" time="37.649">
<system-out>
<![CDATA[
[[ATTACHMENT|../test-results/l1-inference-optimize--L1-推理策略寻优与应用策略-chromium/test-failed-1.png]]

[[ATTACHMENT|../test-results/l1-inference-optimize--L1-推理策略寻优与应用策略-chromium/video.webm]]

[[ATTACHMENT|../test-results/l1-inference-optimize--L1-推理策略寻优与应用策略-chromium/error-context.md]]

[[ATTACHMENT|../test-results/l1-inference-optimize--L1-推理策略寻优与应用策略-chromium/trace.zip]]
]]>
</system-out>
<error message="locator.click: Timeout 15000ms exceeded." type="TimeoutError">
<![CDATA[  [chromium] › l1/inference-optimize.spec.ts:4:1 › @L1 推理策略寻优与应用策略 ─────────────────────────────────

    TimeoutError: locator.click: Timeout 15000ms exceeded.
    Call log:
      - waiting for locator('.opt-candidates-wrap').filter({ has: getByRole('button', { name: '应用策略' }) }).locator('tbody tr').first()


      37 |     has: page.getByRole('button', { name: '应用策略' }),
      38 |   })
    > 39 |   await optimalTable.locator('tbody tr').first().click()
         |                                                  ^
      40 |   await optimalTable.getByRole('button', { name: '应用策略' }).click()
      41 |   await expect(page).toHaveURL(/\/infer\/performance\/model/)
      42 | })
        at /home/runner/work/zrt-sim-ui/zrt-sim-ui/e2e/specs/l1/inference-optimize.spec.ts:39:50

    attachment #1: screenshot (image/png) ──────────────────────────────────────────────────────────
    ../../test-results/l1-inference-optimize--L1-推理策略寻优与应用策略-chromium/test-failed-1.png
    ────────────────────────────────────────────────────────────────────────────────────────────────

    attachment #2: video (video/webm) ──────────────────────────────────────────────────────────────
    ../../test-results/l1-inference-optimize--L1-推理策略寻优与应用策略-chromium/video.webm
    ────────────────────────────────────────────────────────────────────────────────────────────────

    Error Context: ../../test-results/l1-inference-optimize--L1-推理策略寻优与应用策略-chromium/error-context.md

    attachment #4: trace (application/zip) ─────────────────────────────────────────────────────────
    ../../test-results/l1-inference-optimize--L1-推理策略寻优与应用策略-chromium/trace.zip
    Usage:

        npx playwright show-trace ../../test-results/l1-inference-optimize--L1-推理策略寻优与应用策略-chromium/trace.zip

    ────────────────────────────────────────────────────────────────────────────────────────────────
]]>
</error>
</testcase>
</testsuite>
<testsuite name="l1/inference-pd-ratio.spec.ts" timestamp="2026-08-05T06:18:47.693Z" hostname="chromium" tests="2" failures="0" skipped="0" time="122.705" errors="0">
<testcase name="@L1 PD 配比可行结果" classname="l1/inference-pd-ratio.spec.ts" time="81.57">
</testcase>
<testcase name="@L1 PD 配比无可行解/OOM" classname="l1/inference-pd-ratio.spec.ts" time="41.135">
</testcase>
</testsuite>
<testsuite name="l1/inference-result.spec.ts" timestamp="2026-08-05T06:18:47.693Z" hostname="chromium" tests="1" failures="0" skipped="0" time="11.543" errors="0">
<testcase name="@L1 推理结果筛选和多硬件切换" classname="l1/inference-result.spec.ts" time="11.543">
</testcase>
</testsuite>
<testsuite name="l1/route-proxy.spec.ts" timestamp="2026-08-05T06:18:47.693Z" hostname="chromium" tests="1" failures="0" skipped="0" time="9.407" errors="0">
<testcase name="@L1 部署前缀和深层路由" classname="l1/route-proxy.spec.ts" time="9.407">
</testcase>
</testsuite>
<testsuite name="l1/statistics.spec.ts" timestamp="2026-08-05T06:18:47.693Z" hostname="chromium" tests="1" failures="0" skipped="0" time="3.639" errors="0">
<testcase name="@L1 信息统计访问与导出" classname="l1/statistics.spec.ts" time="3.639">
</testcase>
</testsuite>
<testsuite name="l1/task-filter-history.spec.ts" timestamp="2026-08-05T06:18:47.693Z" hostname="chromium" tests="1" failures="0" skipped="0" time="24.209" errors="0">
<testcase name="@L1 任务筛选、详情和历史 Run" classname="l1/task-filter-history.spec.ts" time="24.209">
</testcase>
</testsuite>
<testsuite name="l1/task-lifecycle.spec.ts" timestamp="2026-08-05T06:18:47.693Z" hostname="chromium" tests="1" failures="0" skipped="0" time="79.737" errors="0">
<testcase name="@L1 重跑、终止、单删和批删" classname="l1/task-lifecycle.spec.ts" time="79.737">
</testcase>
</testsuite>
<testsuite name="l1/training-compare.spec.ts" timestamp="2026-08-05T06:18:47.693Z" hostname="chromium" tests="1" failures="0" skipped="0" time="260.199" errors="0">
<testcase name="@L1 训练多硬件性能对比" classname="l1/training-compare.spec.ts" time="260.199">
</testcase>
</testsuite>
<testsuite name="l1/training-hardware-search.spec.ts" timestamp="2026-08-05T06:18:47.693Z" hostname="chromium" tests="1" failures="0" skipped="0" time="16.523" errors="0">
<testcase name="@L1 训练硬件寻优" classname="l1/training-hardware-search.spec.ts" time="16.523">
</testcase>
</testsuite>
<testsuite name="l1/training-operator.spec.ts" timestamp="2026-08-05T06:18:47.693Z" hostname="chromium" tests="1" failures="0" skipped="0" time="10.08" errors="0">
<testcase name="@L1 训练算子性能评估" classname="l1/training-operator.spec.ts" time="10.08">
</testcase>
</testsuite>
<testsuite name="l1/training-source.spec.ts" timestamp="2026-08-05T06:18:47.693Z" hostname="chromium" tests="1" failures="0" skipped="0" time="36.748" errors="0">
<testcase name="@L1 训练 YAML 与 file 来源" classname="l1/training-source.spec.ts" time="36.748">
</testcase>
</testsuite>
<testsuite name="l1/training-strategy-search.spec.ts" timestamp="2026-08-05T06:18:47.693Z" hostname="chromium" tests="1" failures="0" skipped="0" time="13.286" errors="0">
<testcase name="@L1 训练策略自动寻优" classname="l1/training-strategy-search.spec.ts" time="13.286">
</testcase>
</testsuite>
</testsuites>