<testsuites id="" name="" tests="31" failures="0" skipped="0" errors="0" time="919.5928119999999">
<testsuite name="l0/home.spec.ts" timestamp="2026-08-29T20:10:41.051Z" hostname="chromium" tests="1" failures="0" skipped="0" time="5.154" errors="0">
<testcase name="@L0 首页与核心入口可达" classname="l0/home.spec.ts" time="5.154">
</testcase>
</testsuite>
<testsuite name="l0/inference-model.spec.ts" timestamp="2026-08-29T20:10:41.051Z" hostname="chromium" tests="1" failures="0" skipped="0" time="7.167" errors="0">
<testcase name="@L0 推理模型性能评估完整闭环" classname="l0/inference-model.spec.ts" time="7.167">
</testcase>
</testsuite>
<testsuite name="l0/service-availability.spec.ts" timestamp="2026-08-29T20:10:41.051Z" hostname="chromium" tests="1" failures="0" skipped="0" time="3.428" errors="0">
<testcase name="@L0 服务读取链路的浏览器请求全部成功" classname="l0/service-availability.spec.ts" time="3.428">
</testcase>
</testsuite>
<testsuite name="l0/task-history.spec.ts" timestamp="2026-08-29T20:10:41.051Z" hostname="chromium" tests="1" failures="0" skipped="0" time="25.375" errors="0">
<testcase name="@L0 任务管理与历史结果回跳" classname="l0/task-history.spec.ts" time="25.375">
</testcase>
</testsuite>
<testsuite name="l0/training-model-estimate.spec.ts" timestamp="2026-08-29T20:10:41.051Z" hostname="chromium" tests="1" failures="0" skipped="0" time="26.47" errors="0">
<testcase name="@L0 训练模型评估从浏览器提交到报告和任务历史" classname="l0/training-model-estimate.spec.ts" time="26.47">
</testcase>
</testsuite>
<testsuite name="l0/user-manual-navigation.spec.ts" timestamp="2026-08-29T20:10:41.051Z" hostname="chromium" tests="1" failures="0" skipped="0" time="2.024" errors="0">
<testcase name="@L0 普通用户可打开用户手册" classname="l0/user-manual-navigation.spec.ts" time="2.024">
</testcase>
</testsuite>
<testsuite name="l1/asset-hardware.spec.ts" timestamp="2026-08-29T20:10:41.051Z" hostname="chromium" tests="1" failures="0" skipped="0" time="2.269" errors="0">
<testcase name="@L1 硬件资产 CRUD 与内置保护" classname="l1/asset-hardware.spec.ts" time="2.269">
</testcase>
</testsuite>
<testsuite name="l1/asset-model.spec.ts" timestamp="2026-08-29T20:10:41.051Z" hostname="chromium" tests="1" failures="0" skipped="0" time="4.034" errors="0">
<testcase name="@L1 自定义模型 CRUD 与内置保护" classname="l1/asset-model.spec.ts" time="4.034">
</testcase>
</testsuite>
<testsuite name="l1/asset-module.spec.ts" timestamp="2026-08-29T20:10:41.051Z" hostname="chromium" tests="1" failures="0" skipped="0" time="3.001" errors="0">
<testcase name="@L1 Module CRUD 与复用" classname="l1/asset-module.spec.ts" time="3.001">
</testcase>
</testsuite>
<testsuite name="l1/asset-operator.spec.ts" timestamp="2026-08-29T20:10:41.051Z" hostname="chromium" tests="2" failures="0" skipped="0" time="4.44" errors="0">
<testcase name="@L1 自定义算子 CRUD" classname="l1/asset-operator.spec.ts" time="3.036">
</testcase>
<testcase name="@L1 新增算子失败显示错误并保持弹窗打开" classname="l1/asset-operator.spec.ts" time="1.404">
</testcase>
</testsuite>
<testsuite name="l1/inference-batch-experiment.spec.ts" timestamp="2026-08-29T20:10:41.051Z" hostname="chromium" tests="1" failures="0" skipped="0" time="7.799" errors="0">
<testcase name="@L1 推理批量实验服务闭环" classname="l1/inference-batch-experiment.spec.ts" time="7.799">
</testcase>
</testsuite>
<testsuite name="l1/inference-compare.spec.ts" timestamp="2026-08-29T20:10:41.051Z" hostname="chromium" tests="1" failures="0" skipped="0" time="247.821" errors="0">
<testcase name="@L1 推理硬件性能对比" classname="l1/inference-compare.spec.ts" time="247.821">
</testcase>
</testsuite>
<testsuite name="l1/inference-custom-communication-tiers.spec.ts" timestamp="2026-08-29T20:10:41.051Z" hostname="chromium" tests="1" failures="0" skipped="0" time="8.129" errors="0">
<testcase name="@L1 推理任务提交用户新增的通信中间层" classname="l1/inference-custom-communication-tiers.spec.ts" time="8.129">
</testcase>
</testsuite>
<testsuite name="l1/inference-hardware-editable.spec.ts" timestamp="2026-08-29T20:10:41.051Z" hostname="chromium" tests="1" failures="0" skipped="0" time="8.079" errors="0">
<testcase name="@L1 推理任务提交修改后的硬件规格并生效" classname="l1/inference-hardware-editable.spec.ts" time="8.079">
</testcase>
</testsuite>
<testsuite name="l1/inference-operator.spec.ts" timestamp="2026-08-29T20:10:41.051Z" hostname="chromium" tests="1" failures="0" skipped="0" time="7.041" errors="0">
<testcase name="@L1 推理算子性能评估" classname="l1/inference-operator.spec.ts" time="7.041">
</testcase>
</testsuite>
<testsuite name="l1/inference-optimize.spec.ts" timestamp="2026-08-29T20:10:41.051Z" hostname="chromium" tests="1" failures="0" skipped="0" time="360.618" errors="0">
<testcase name="@L1 推理策略寻优与应用策略" classname="l1/inference-optimize.spec.ts" time="360.618">
</testcase>
</testsuite>
<testsuite name="l1/inference-pd-ratio.spec.ts" timestamp="2026-08-29T20:10:41.051Z" hostname="chromium" tests="2" failures="0" skipped="0" time="96.582" errors="0">
<testcase name="@L1 PD 配比可行结果" classname="l1/inference-pd-ratio.spec.ts" time="58.342">
</testcase>
<testcase name="@L1 PD 配比无可行解/OOM" classname="l1/inference-pd-ratio.spec.ts" time="38.24">
</testcase>
</testsuite>
<testsuite name="l1/inference-result.spec.ts" timestamp="2026-08-29T20:10:41.051Z" hostname="chromium" tests="1" failures="0" skipped="0" time="7.595" errors="0">
<testcase name="@L1 推理结果筛选和多硬件切换" classname="l1/inference-result.spec.ts" time="7.595">
</testcase>
</testsuite>
<testsuite name="l1/release-info.spec.ts" timestamp="2026-08-29T20:10:41.051Z" hostname="chromium" tests="2" failures="0" skipped="0" time="2.333" errors="0">
<testcase name="@L1 版本信息当前和历史读取" classname="l1/release-info.spec.ts" time="1.094">
</testcase>
<testcase name="@L1 管理员编辑版本信息并恢复" classname="l1/release-info.spec.ts" time="1.239">
</testcase>
</testsuite>
<testsuite name="l1/route-proxy.spec.ts" timestamp="2026-08-29T20:10:41.051Z" hostname="chromium" tests="1" failures="0" skipped="0" time="3.246" errors="0">
<testcase name="@L1 部署前缀和深层路由" classname="l1/route-proxy.spec.ts" time="3.246">
</testcase>
</testsuite>
<testsuite name="l1/statistics.spec.ts" timestamp="2026-08-29T20:10:41.051Z" hostname="chromium" tests="1" failures="0" skipped="0" time="1.124" errors="0">
<testcase name="@L1 信息统计访问与导出" classname="l1/statistics.spec.ts" time="1.124">
</testcase>
</testsuite>
<testsuite name="l1/task-filter-history.spec.ts" timestamp="2026-08-29T20:10:41.051Z" hostname="chromium" tests="1" failures="0" skipped="0" time="10.681" errors="0">
<testcase name="@L1 任务筛选、详情和历史 Run" classname="l1/task-filter-history.spec.ts" time="10.681">
</testcase>
</testsuite>
<testsuite name="l1/task-lifecycle.spec.ts" timestamp="2026-08-29T20:10:41.051Z" hostname="chromium" tests="1" failures="0" skipped="0" time="26.657" errors="0">
<testcase name="@L1 重跑、终止、单删和批删" classname="l1/task-lifecycle.spec.ts" time="26.657">
</testcase>
</testsuite>
<testsuite name="l1/training-batch-experiment.spec.ts" timestamp="2026-08-29T20:10:41.051Z" hostname="chromium" tests="1" failures="0" skipped="0" time="7.796" errors="0">
<testcase name="@L1 批量训练实验服务闭环" classname="l1/training-batch-experiment.spec.ts" time="7.796">
</testcase>
</testsuite>
<testsuite name="l1/training-compare.spec.ts" timestamp="2026-08-29T20:10:41.051Z" hostname="chromium" tests="1" failures="0" skipped="0" time="13.209" errors="0">
<testcase name="@L1 训练多硬件性能对比" classname="l1/training-compare.spec.ts" time="13.209">
</testcase>
</testsuite>
<testsuite name="l1/training-hardware-search.spec.ts" timestamp="2026-08-29T20:10:41.051Z" hostname="chromium" tests="1" failures="0" skipped="0" time="9.384" errors="0">
<testcase name="@L1 训练硬件寻优" classname="l1/training-hardware-search.spec.ts" time="9.384">
</testcase>
</testsuite>
<testsuite name="l1/training-operator.spec.ts" timestamp="2026-08-29T20:10:41.051Z" hostname="chromium" tests="1" failures="0" skipped="0" time="7.766" errors="0">
<testcase name="@L1 训练算子性能评估" classname="l1/training-operator.spec.ts" time="7.766">
</testcase>
</testsuite>
<testsuite name="l1/training-strategy-search.spec.ts" timestamp="2026-08-29T20:10:41.051Z" hostname="chromium" tests="1" failures="0" skipped="0" time="8.905" errors="0">
<testcase name="@L1 训练策略自动寻优" classname="l1/training-strategy-search.spec.ts" time="8.905">
</testcase>
</testsuite>
</testsuites>