<testsuites id="" name="" tests="23" failures="0" skipped="0" errors="0" time="1168.141295">
<testsuite name="l0/failed-task.spec.ts" timestamp="2026-08-05T09:37:21.139Z" hostname="chromium" tests="1" failures="0" skipped="0" time="12.177" errors="0">
<testcase name="@L0 不存在的配置文件产生可诊断失败" classname="l0/failed-task.spec.ts" time="12.177">
</testcase>
</testsuite>
<testsuite name="l0/home.spec.ts" timestamp="2026-08-05T09:37:21.139Z" hostname="chromium" tests="1" failures="0" skipped="0" time="8.559" errors="0">
<testcase name="@L0 首页与核心入口可达" classname="l0/home.spec.ts" time="8.559">
</testcase>
</testsuite>
<testsuite name="l0/inference-model.spec.ts" timestamp="2026-08-05T09:37:21.139Z" hostname="chromium" tests="1" failures="0" skipped="0" time="5.577" errors="0">
<testcase name="@L0 推理模型性能评估完整闭环" classname="l0/inference-model.spec.ts" time="5.577">
</testcase>
</testsuite>
<testsuite name="l0/task-history.spec.ts" timestamp="2026-08-05T09:37:21.139Z" hostname="chromium" tests="1" failures="0" skipped="0" time="35.456" errors="0">
<testcase name="@L0 任务管理与历史结果回跳" classname="l0/task-history.spec.ts" time="35.456">
</testcase>
</testsuite>
<testsuite name="l0/training-model-estimate.spec.ts" timestamp="2026-08-05T09:37:21.139Z" hostname="chromium" tests="1" failures="0" skipped="0" time="27.836" errors="0">
<testcase name="@L0 训练模型评估从浏览器提交到报告和任务历史" classname="l0/training-model-estimate.spec.ts" time="27.836">
</testcase>
</testsuite>
<testsuite name="l1/asset-model.spec.ts" timestamp="2026-08-05T09:37:21.139Z" hostname="chromium" tests="1" failures="0" skipped="0" time="10.66" errors="0">
<testcase name="@L1 自定义模型 CRUD 与内置保护" classname="l1/asset-model.spec.ts" time="10.66">
</testcase>
</testsuite>
<testsuite name="l1/asset-module.spec.ts" timestamp="2026-08-05T09:37:21.139Z" hostname="chromium" tests="1" failures="0" skipped="0" time="8.467" errors="0">
<testcase name="@L1 Module CRUD 与复用" classname="l1/asset-module.spec.ts" time="8.467">
</testcase>
</testsuite>
<testsuite name="l1/asset-operator.spec.ts" timestamp="2026-08-05T09:37:21.139Z" hostname="chromium" tests="1" failures="0" skipped="0" time="9.238" errors="0">
<testcase name="@L1 自定义算子 CRUD" classname="l1/asset-operator.spec.ts" time="9.238">
</testcase>
</testsuite>
<testsuite name="l1/inference-compare.spec.ts" timestamp="2026-08-05T09:37:21.139Z" hostname="chromium" tests="1" failures="0" skipped="0" time="280.824" errors="0">
<testcase name="@L1 推理硬件性能对比" classname="l1/inference-compare.spec.ts" time="280.824">
</testcase>
</testsuite>
<testsuite name="l1/inference-operator.spec.ts" timestamp="2026-08-05T09:37:21.139Z" hostname="chromium" tests="1" failures="0" skipped="0" time="8.917" errors="0">
<testcase name="@L1 推理算子性能评估" classname="l1/inference-operator.spec.ts" time="8.917">
</testcase>
</testsuite>
<testsuite name="l1/inference-optimize.spec.ts" timestamp="2026-08-05T09:37:21.139Z" hostname="chromium" tests="1" failures="0" skipped="0" time="123.382" errors="0">
<testcase name="@L1 推理策略寻优与应用策略" classname="l1/inference-optimize.spec.ts" time="123.382">
</testcase>
</testsuite>
<testsuite name="l1/inference-pd-ratio.spec.ts" timestamp="2026-08-05T09:37:21.139Z" hostname="chromium" tests="2" failures="0" skipped="0" time="122.083" errors="0">
<testcase name="@L1 PD 配比可行结果" classname="l1/inference-pd-ratio.spec.ts" time="81.221">
</testcase>
<testcase name="@L1 PD 配比无可行解/OOM" classname="l1/inference-pd-ratio.spec.ts" time="40.862">
</testcase>
</testsuite>
<testsuite name="l1/inference-result.spec.ts" timestamp="2026-08-05T09:37:21.139Z" hostname="chromium" tests="1" failures="0" skipped="0" time="11.021" errors="0">
<testcase name="@L1 推理结果筛选和多硬件切换" classname="l1/inference-result.spec.ts" time="11.021">
</testcase>
</testsuite>
<testsuite name="l1/route-proxy.spec.ts" timestamp="2026-08-05T09:37:21.139Z" hostname="chromium" tests="1" failures="0" skipped="0" time="10" errors="0">
<testcase name="@L1 部署前缀和深层路由" classname="l1/route-proxy.spec.ts" time="10">
</testcase>
</testsuite>
<testsuite name="l1/statistics.spec.ts" timestamp="2026-08-05T09:37:21.139Z" hostname="chromium" tests="1" failures="0" skipped="0" time="3.442" errors="0">
<testcase name="@L1 信息统计访问与导出" classname="l1/statistics.spec.ts" time="3.442">
</testcase>
</testsuite>
<testsuite name="l1/task-filter-history.spec.ts" timestamp="2026-08-05T09:37:21.139Z" hostname="chromium" tests="1" failures="0" skipped="0" time="29.027" errors="0">
<testcase name="@L1 任务筛选、详情和历史 Run" classname="l1/task-filter-history.spec.ts" time="29.027">
</testcase>
</testsuite>
<testsuite name="l1/task-lifecycle.spec.ts" timestamp="2026-08-05T09:37:21.139Z" hostname="chromium" tests="1" failures="0" skipped="0" time="82.812" errors="0">
<testcase name="@L1 重跑、终止、单删和批删" classname="l1/task-lifecycle.spec.ts" time="82.812">
</testcase>
</testsuite>
<testsuite name="l1/training-compare.spec.ts" timestamp="2026-08-05T09:37:21.139Z" hostname="chromium" tests="1" failures="0" skipped="0" time="289.772" errors="0">
<testcase name="@L1 训练多硬件性能对比" classname="l1/training-compare.spec.ts" time="289.772">
</testcase>
</testsuite>
<testsuite name="l1/training-hardware-search.spec.ts" timestamp="2026-08-05T09:37:21.139Z" hostname="chromium" tests="1" failures="0" skipped="0" time="16.3" errors="0">
<testcase name="@L1 训练硬件寻优" classname="l1/training-hardware-search.spec.ts" time="16.3">
</testcase>
</testsuite>
<testsuite name="l1/training-operator.spec.ts" timestamp="2026-08-05T09:37:21.139Z" hostname="chromium" tests="1" failures="0" skipped="0" time="11.775" errors="0">
<testcase name="@L1 训练算子性能评估" classname="l1/training-operator.spec.ts" time="11.775">
</testcase>
</testsuite>
<testsuite name="l1/training-source.spec.ts" timestamp="2026-08-05T09:37:21.139Z" hostname="chromium" tests="1" failures="0" skipped="0" time="41.84" errors="0">
<testcase name="@L1 训练 YAML 与 file 来源" classname="l1/training-source.spec.ts" time="41.84">
</testcase>
</testsuite>
<testsuite name="l1/training-strategy-search.spec.ts" timestamp="2026-08-05T09:37:21.139Z" hostname="chromium" tests="1" failures="0" skipped="0" time="12.795" errors="0">
<testcase name="@L1 训练策略自动寻优" classname="l1/training-strategy-search.spec.ts" time="12.795">
</testcase>
</testsuite>
</testsuites>