<testsuites id="" name="" tests="26" failures="2" skipped="0" errors="0" time="1754.416132">
<testsuite name="l0/failed-task.spec.ts" timestamp="2026-08-10T09:41:42.142Z" hostname="chromium" tests="1" failures="0" skipped="0" time="11.78" errors="0">
<testcase name="@L0 不存在的配置文件产生可诊断失败" classname="l0/failed-task.spec.ts" time="11.78">
</testcase>
</testsuite>
<testsuite name="l0/home.spec.ts" timestamp="2026-08-10T09:41:42.142Z" hostname="chromium" tests="1" failures="0" skipped="0" time="8.789" errors="0">
<testcase name="@L0 首页与核心入口可达" classname="l0/home.spec.ts" time="8.789">
</testcase>
</testsuite>
<testsuite name="l0/inference-model.spec.ts" timestamp="2026-08-10T09:41:42.142Z" hostname="chromium" tests="1" failures="0" skipped="0" time="5.981" errors="0">
<testcase name="@L0 推理模型性能评估完整闭环" classname="l0/inference-model.spec.ts" time="5.981">
</testcase>
</testsuite>
<testsuite name="l0/task-history.spec.ts" timestamp="2026-08-10T09:41:42.142Z" hostname="chromium" tests="1" failures="0" skipped="0" time="31.74" errors="0">
<testcase name="@L0 任务管理与历史结果回跳" classname="l0/task-history.spec.ts" time="31.74">
</testcase>
</testsuite>
<testsuite name="l0/training-model-estimate.spec.ts" timestamp="2026-08-10T09:41:42.142Z" hostname="chromium" tests="1" failures="0" skipped="0" time="27.236" errors="0">
<testcase name="@L0 训练模型评估从浏览器提交到报告和任务历史" classname="l0/training-model-estimate.spec.ts" time="27.236">
</testcase>
</testsuite>
<testsuite name="l0/user-manual-navigation.spec.ts" timestamp="2026-08-10T09:41:42.142Z" hostname="chromium" tests="2" failures="1" skipped="0" time="14.383" errors="0">
<testcase name="@L0 普通用户可打开用户手册且不可见 API Docs" classname="l0/user-manual-navigation.spec.ts" time="5.58">
</testcase>
<testcase name="@L0 管理员可见 API Docs" classname="l0/user-manual-navigation.spec.ts" time="8.803">
<system-out>
<![CDATA[
[[ATTACHMENT|../test-results/l0-user-manual-navigation--L0-管理员可见-API-Docs-chromium/test-failed-1.png]]

[[ATTACHMENT|../test-results/l0-user-manual-navigation--L0-管理员可见-API-Docs-chromium/video.webm]]

[[ATTACHMENT|../test-results/l0-user-manual-navigation--L0-管理员可见-API-Docs-chromium/error-context.md]]

[[ATTACHMENT|../test-results/l0-user-manual-navigation--L0-管理员可见-API-Docs-chromium/trace.zip]]
]]>
</system-out>
<failure message="expect(locator).toBeVisible() failed" type="expect.toBeVisible">
<![CDATA[  [chromium] › l0/user-manual-navigation.spec.ts:23:1 › @L0 管理员可见 API Docs ─────────────────────────

    Error: expect(locator).toBeVisible() failed

    Locator: getByRole('link', { name: 'API Docs' })
    Expected: visible
    Timeout: 5000ms
    Error: element(s) not found

    Call log:
      - Expect "toBeVisible" with timeout 5000ms
      - waiting for getByRole('link', { name: 'API Docs' })


      25 |
      26 |   await expect(page.getByRole('link', { name: '用户手册' })).toBeVisible()
    > 27 |   await expect(page.getByRole('link', { name: 'API Docs' })).toBeVisible()
         |                                                              ^
      28 | })
      29 |
        at /home/runner/work/zrt-sim-ui/zrt-sim-ui/e2e/specs/l0/user-manual-navigation.spec.ts:27:62

    attachment #1: screenshot (image/png) ──────────────────────────────────────────────────────────
    ../../test-results/l0-user-manual-navigation--L0-管理员可见-API-Docs-chromium/test-failed-1.png
    ────────────────────────────────────────────────────────────────────────────────────────────────

    attachment #2: video (video/webm) ──────────────────────────────────────────────────────────────
    ../../test-results/l0-user-manual-navigation--L0-管理员可见-API-Docs-chromium/video.webm
    ────────────────────────────────────────────────────────────────────────────────────────────────

    Error Context: ../../test-results/l0-user-manual-navigation--L0-管理员可见-API-Docs-chromium/error-context.md

    attachment #4: trace (application/zip) ─────────────────────────────────────────────────────────
    ../../test-results/l0-user-manual-navigation--L0-管理员可见-API-Docs-chromium/trace.zip
    Usage:

        npx playwright show-trace ../../test-results/l0-user-manual-navigation--L0-管理员可见-API-Docs-chromium/trace.zip

    ────────────────────────────────────────────────────────────────────────────────────────────────
]]>
</failure>
</testcase>
</testsuite>
<testsuite name="l1/asset-model.spec.ts" timestamp="2026-08-10T09:41:42.142Z" hostname="chromium" tests="1" failures="0" skipped="0" time="11.036" errors="0">
<testcase name="@L1 自定义模型 CRUD 与内置保护" classname="l1/asset-model.spec.ts" time="11.036">
</testcase>
</testsuite>
<testsuite name="l1/asset-module.spec.ts" timestamp="2026-08-10T09:41:42.142Z" hostname="chromium" tests="1" failures="0" skipped="0" time="8.12" errors="0">
<testcase name="@L1 Module CRUD 与复用" classname="l1/asset-module.spec.ts" time="8.12">
</testcase>
</testsuite>
<testsuite name="l1/asset-operator.spec.ts" timestamp="2026-08-10T09:41:42.142Z" hostname="chromium" tests="1" failures="0" skipped="0" time="8.161" errors="0">
<testcase name="@L1 自定义算子 CRUD" classname="l1/asset-operator.spec.ts" time="8.161">
</testcase>
</testsuite>
<testsuite name="l1/inference-compare.spec.ts" timestamp="2026-08-10T09:41:42.142Z" hostname="chromium" tests="1" failures="0" skipped="0" time="551.518" errors="0">
<testcase name="@L1 推理硬件性能对比" classname="l1/inference-compare.spec.ts" time="551.518">
</testcase>
</testsuite>
<testsuite name="l1/inference-hardware-editable.spec.ts" timestamp="2026-08-10T09:41:42.142Z" hostname="chromium" tests="1" failures="0" skipped="0" time="10.735" errors="0">
<testcase name="@L1 推理任务提交修改后的硬件规格并生效" classname="l1/inference-hardware-editable.spec.ts" time="10.735">
</testcase>
</testsuite>
<testsuite name="l1/inference-operator.spec.ts" timestamp="2026-08-10T09:41:42.142Z" hostname="chromium" tests="1" failures="0" skipped="0" time="11.706" errors="0">
<testcase name="@L1 推理算子性能评估" classname="l1/inference-operator.spec.ts" time="11.706">
</testcase>
</testsuite>
<testsuite name="l1/inference-optimize.spec.ts" timestamp="2026-08-10T09:41:42.142Z" hostname="chromium" tests="1" failures="0" skipped="0" time="293.954" errors="0">
<testcase name="@L1 推理策略寻优与应用策略" classname="l1/inference-optimize.spec.ts" time="293.954">
</testcase>
</testsuite>
<testsuite name="l1/inference-pd-ratio.spec.ts" timestamp="2026-08-10T09:41:42.142Z" hostname="chromium" tests="2" failures="0" skipped="0" time="241.901" errors="0">
<testcase name="@L1 PD 配比可行结果" classname="l1/inference-pd-ratio.spec.ts" time="160.939">
</testcase>
<testcase name="@L1 PD 配比无可行解/OOM" classname="l1/inference-pd-ratio.spec.ts" time="80.962">
</testcase>
</testsuite>
<testsuite name="l1/inference-result.spec.ts" timestamp="2026-08-10T09:41:42.142Z" hostname="chromium" tests="1" failures="0" skipped="0" time="10.938" errors="0">
<testcase name="@L1 推理结果筛选和多硬件切换" classname="l1/inference-result.spec.ts" time="10.938">
</testcase>
</testsuite>
<testsuite name="l1/route-proxy.spec.ts" timestamp="2026-08-10T09:41:42.142Z" hostname="chromium" tests="1" failures="1" skipped="0" time="9.789" errors="0">
<testcase name="@L1 部署前缀和深层路由" classname="l1/route-proxy.spec.ts" time="9.789">
<system-out>
<![CDATA[
[[ATTACHMENT|../test-results/l1-route-proxy--L1-部署前缀和深层路由-chromium/test-failed-1.png]]

[[ATTACHMENT|../test-results/l1-route-proxy--L1-部署前缀和深层路由-chromium/video.webm]]

[[ATTACHMENT|../test-results/l1-route-proxy--L1-部署前缀和深层路由-chromium/error-context.md]]

[[ATTACHMENT|../test-results/l1-route-proxy--L1-部署前缀和深层路由-chromium/trace.zip]]
]]>
</system-out>
<failure message="expect(received).toBe(expected) // Object.is equality" type="expect.toBe">
<![CDATA[  [chromium] › l1/route-proxy.spec.ts:3:1 › @L1 部署前缀和深层路由 ──────────────────────────────────────────

    Error: expect(received).toBe(expected) // Object.is equality

    Expected: 200
    Received: 401

      21 |   // 后端文档代理
      22 |   const docs = await page.request.get('/zrt-sim/docs')
    > 23 |   expect(docs.status()).toBe(200)
         |                         ^
      24 |   expect(await docs.text()).toContain('swagger')
      25 | })
      26 |
        at /home/runner/work/zrt-sim-ui/zrt-sim-ui/e2e/specs/l1/route-proxy.spec.ts:23:25

    attachment #1: screenshot (image/png) ──────────────────────────────────────────────────────────
    ../../test-results/l1-route-proxy--L1-部署前缀和深层路由-chromium/test-failed-1.png
    ────────────────────────────────────────────────────────────────────────────────────────────────

    attachment #2: video (video/webm) ──────────────────────────────────────────────────────────────
    ../../test-results/l1-route-proxy--L1-部署前缀和深层路由-chromium/video.webm
    ────────────────────────────────────────────────────────────────────────────────────────────────

    Error Context: ../../test-results/l1-route-proxy--L1-部署前缀和深层路由-chromium/error-context.md

    attachment #4: trace (application/zip) ─────────────────────────────────────────────────────────
    ../../test-results/l1-route-proxy--L1-部署前缀和深层路由-chromium/trace.zip
    Usage:

        npx playwright show-trace ../../test-results/l1-route-proxy--L1-部署前缀和深层路由-chromium/trace.zip

    ────────────────────────────────────────────────────────────────────────────────────────────────
]]>
</failure>
</testcase>
</testsuite>
<testsuite name="l1/statistics.spec.ts" timestamp="2026-08-10T09:41:42.142Z" hostname="chromium" tests="1" failures="0" skipped="0" time="3.369" errors="0">
<testcase name="@L1 信息统计访问与导出" classname="l1/statistics.spec.ts" time="3.369">
</testcase>
</testsuite>
<testsuite name="l1/task-filter-history.spec.ts" timestamp="2026-08-10T09:41:42.142Z" hostname="chromium" tests="1" failures="0" skipped="0" time="29.784" errors="0">
<testcase name="@L1 任务筛选、详情和历史 Run" classname="l1/task-filter-history.spec.ts" time="29.784">
</testcase>
</testsuite>
<testsuite name="l1/task-lifecycle.spec.ts" timestamp="2026-08-10T09:41:42.142Z" hostname="chromium" tests="1" failures="0" skipped="0" time="85.55" errors="0">
<testcase name="@L1 重跑、终止、单删和批删" classname="l1/task-lifecycle.spec.ts" time="85.55">
</testcase>
</testsuite>
<testsuite name="l1/training-compare.spec.ts" timestamp="2026-08-10T09:41:42.142Z" hostname="chromium" tests="1" failures="0" skipped="0" time="286.92" errors="0">
<testcase name="@L1 训练多硬件性能对比" classname="l1/training-compare.spec.ts" time="286.92">
</testcase>
</testsuite>
<testsuite name="l1/training-hardware-search.spec.ts" timestamp="2026-08-10T09:41:42.142Z" hostname="chromium" tests="1" failures="0" skipped="0" time="15.919" errors="0">
<testcase name="@L1 训练硬件寻优" classname="l1/training-hardware-search.spec.ts" time="15.919">
</testcase>
</testsuite>
<testsuite name="l1/training-operator.spec.ts" timestamp="2026-08-10T09:41:42.142Z" hostname="chromium" tests="1" failures="0" skipped="0" time="11.794" errors="0">
<testcase name="@L1 训练算子性能评估" classname="l1/training-operator.spec.ts" time="11.794">
</testcase>
</testsuite>
<testsuite name="l1/training-source.spec.ts" timestamp="2026-08-10T09:41:42.142Z" hostname="chromium" tests="1" failures="0" skipped="0" time="42.67" errors="0">
<testcase name="@L1 训练 YAML 与 file 来源" classname="l1/training-source.spec.ts" time="42.67">
</testcase>
</testsuite>
<testsuite name="l1/training-strategy-search.spec.ts" timestamp="2026-08-10T09:41:42.142Z" hostname="chromium" tests="1" failures="0" skipped="0" time="12.529" errors="0">
<testcase name="@L1 训练策略自动寻优" classname="l1/training-strategy-search.spec.ts" time="12.529">
</testcase>
</testsuite>
</testsuites>