<testsuites id="" name="" tests="8" failures="0" skipped="0" errors="0" time="43.411699">
<testsuite name="l0/failed-task.spec.ts" timestamp="2026-08-11T15:27:48.918Z" hostname="chromium" tests="1" failures="0" skipped="0" time="5.978" errors="0">
<testcase name="@L0 不存在的配置文件产生可诊断失败" classname="l0/failed-task.spec.ts" time="5.978">
</testcase>
</testsuite>
<testsuite name="l0/home.spec.ts" timestamp="2026-08-11T15:27:48.918Z" hostname="chromium" tests="1" failures="0" skipped="0" time="1.8" errors="0">
<testcase name="@L0 首页与核心入口可达" classname="l0/home.spec.ts" time="1.8">
</testcase>
</testsuite>
<testsuite name="l0/inference-model.spec.ts" timestamp="2026-08-11T15:27:48.918Z" hostname="chromium" tests="1" failures="0" skipped="0" time="11.497" errors="0">
<testcase name="@L0 推理模型性能评估完整闭环" classname="l0/inference-model.spec.ts" time="11.497">
</testcase>
</testsuite>
<testsuite name="l0/service-availability.spec.ts" timestamp="2026-08-11T15:27:48.918Z" hostname="chromium" tests="1" failures="0" skipped="0" time="1.916" errors="0">
<testcase name="@L0 服务读取链路的浏览器请求全部成功" classname="l0/service-availability.spec.ts" time="1.916">
</testcase>
</testsuite>
<testsuite name="l0/task-history.spec.ts" timestamp="2026-08-11T15:27:48.918Z" hostname="chromium" tests="1" failures="0" skipped="0" time="9.397" errors="0">
<testcase name="@L0 任务管理与历史结果回跳" classname="l0/task-history.spec.ts" time="9.397">
</testcase>
</testsuite>
<testsuite name="l0/training-model-estimate.spec.ts" timestamp="2026-08-11T15:27:48.918Z" hostname="chromium" tests="1" failures="0" skipped="0" time="8.876" errors="0">
<testcase name="@L0 训练模型评估从浏览器提交到报告和任务历史" classname="l0/training-model-estimate.spec.ts" time="8.876">
</testcase>
</testsuite>
<testsuite name="l0/user-manual-navigation.spec.ts" timestamp="2026-08-11T15:27:48.918Z" hostname="chromium" tests="2" failures="0" skipped="0" time="1.955" errors="0">
<testcase name="@L0 普通用户可打开用户手册且不可见 API Docs" classname="l0/user-manual-navigation.spec.ts" time="1.263">
</testcase>
<testcase name="@L0 管理员可见 API Docs" classname="l0/user-manual-navigation.spec.ts" time="0.692">
</testcase>
</testsuite>
</testsuites>