<testsuites id="" name="" tests="23" failures="0" skipped="0" errors="0" time="587.660163">
<testsuite name="l0/failed-task.spec.ts" timestamp="2026-07-31T19:04:18.280Z" hostname="chromium" tests="1" failures="0" skipped="0" time="11.434" errors="0">
<testcase name="@L0 不存在的配置文件产生可诊断失败" classname="l0/failed-task.spec.ts" time="11.434">
</testcase>
</testsuite>
<testsuite name="l0/home.spec.ts" timestamp="2026-07-31T19:04:18.280Z" hostname="chromium" tests="1" failures="0" skipped="0" time="7.398" errors="0">
<testcase name="@L0 首页与核心入口可达" classname="l0/home.spec.ts" time="7.398">
</testcase>
</testsuite>
<testsuite name="l0/inference-model.spec.ts" timestamp="2026-07-31T19:04:18.280Z" hostname="chromium" tests="1" failures="0" skipped="0" time="4.338" errors="0">
<testcase name="@L0 推理模型性能评估完整闭环" classname="l0/inference-model.spec.ts" time="4.338">
</testcase>
</testsuite>
<testsuite name="l0/task-history.spec.ts" timestamp="2026-07-31T19:04:18.280Z" hostname="chromium" tests="1" failures="0" skipped="0" time="30.099" errors="0">
<testcase name="@L0 任务管理与历史结果回跳" classname="l0/task-history.spec.ts" time="30.099">
</testcase>
</testsuite>
<testsuite name="l0/training-model-estimate.spec.ts" timestamp="2026-07-31T19:04:18.280Z" hostname="chromium" tests="1" failures="0" skipped="0" time="28.397" errors="0">
<testcase name="@L0 训练模型评估从浏览器提交到报告和任务历史" classname="l0/training-model-estimate.spec.ts" time="28.397">
</testcase>
</testsuite>
<testsuite name="l1/asset-model.spec.ts" timestamp="2026-07-31T19:04:18.280Z" hostname="chromium" tests="1" failures="0" skipped="0" time="10.379" errors="0">
<testcase name="@L1 自定义模型 CRUD 与内置保护" classname="l1/asset-model.spec.ts" time="10.379">
</testcase>
</testsuite>
<testsuite name="l1/asset-module.spec.ts" timestamp="2026-07-31T19:04:18.280Z" hostname="chromium" tests="1" failures="0" skipped="0" time="10.097" errors="0">
<testcase name="@L1 Module CRUD 与复用" classname="l1/asset-module.spec.ts" time="10.097">
</testcase>
</testsuite>
<testsuite name="l1/asset-operator.spec.ts" timestamp="2026-07-31T19:04:18.280Z" hostname="chromium" tests="1" failures="0" skipped="0" time="8.173" errors="0">
<testcase name="@L1 自定义算子 CRUD" classname="l1/asset-operator.spec.ts" time="8.173">
</testcase>
</testsuite>
<testsuite name="l1/inference-compare.spec.ts" timestamp="2026-07-31T19:04:18.280Z" hostname="chromium" tests="1" failures="0" skipped="0" time="40.184" errors="0">
<testcase name="@L1 推理硬件性能对比" classname="l1/inference-compare.spec.ts" time="40.184">
</testcase>
</testsuite>
<testsuite name="l1/inference-operator.spec.ts" timestamp="2026-07-31T19:04:18.280Z" hostname="chromium" tests="1" failures="0" skipped="0" time="8.95" errors="0">
<testcase name="@L1 推理算子性能评估" classname="l1/inference-operator.spec.ts" time="8.95">
</testcase>
</testsuite>
<testsuite name="l1/inference-optimize.spec.ts" timestamp="2026-07-31T19:04:18.280Z" hostname="chromium" tests="1" failures="0" skipped="0" time="112.81" errors="0">
<testcase name="@L1 推理策略寻优与应用策略" classname="l1/inference-optimize.spec.ts" time="112.81">
</testcase>
</testsuite>
<testsuite name="l1/inference-pd-ratio.spec.ts" timestamp="2026-07-31T19:04:18.280Z" hostname="chromium" tests="2" failures="0" skipped="0" time="104.852" errors="0">
<testcase name="@L1 PD 配比可行结果" classname="l1/inference-pd-ratio.spec.ts" time="90.967">
</testcase>
<testcase name="@L1 PD 配比无可行解/OOM" classname="l1/inference-pd-ratio.spec.ts" time="13.885">
</testcase>
</testsuite>
<testsuite name="l1/inference-result.spec.ts" timestamp="2026-07-31T19:04:18.280Z" hostname="chromium" tests="1" failures="0" skipped="0" time="15.555" errors="0">
<testcase name="@L1 推理结果筛选和多硬件切换" classname="l1/inference-result.spec.ts" time="15.555">
</testcase>
</testsuite>
<testsuite name="l1/route-proxy.spec.ts" timestamp="2026-07-31T19:04:18.280Z" hostname="chromium" tests="1" failures="0" skipped="0" time="9.461" errors="0">
<testcase name="@L1 部署前缀和深层路由" classname="l1/route-proxy.spec.ts" time="9.461">
</testcase>
</testsuite>
<testsuite name="l1/statistics.spec.ts" timestamp="2026-07-31T19:04:18.280Z" hostname="chromium" tests="1" failures="0" skipped="0" time="2.891" errors="0">
<testcase name="@L1 信息统计访问与导出" classname="l1/statistics.spec.ts" time="2.891">
</testcase>
</testsuite>
<testsuite name="l1/task-filter-history.spec.ts" timestamp="2026-07-31T19:04:18.280Z" hostname="chromium" tests="1" failures="0" skipped="0" time="23.48" errors="0">
<testcase name="@L1 任务筛选、详情和历史 Run" classname="l1/task-filter-history.spec.ts" time="23.48">
</testcase>
</testsuite>
<testsuite name="l1/task-lifecycle.spec.ts" timestamp="2026-07-31T19:04:18.280Z" hostname="chromium" tests="1" failures="0" skipped="0" time="68.186" errors="0">
<testcase name="@L1 重跑、终止、单删和批删" classname="l1/task-lifecycle.spec.ts" time="68.186">
</testcase>
</testsuite>
<testsuite name="l1/training-compare.spec.ts" timestamp="2026-07-31T19:04:18.280Z" hostname="chromium" tests="1" failures="0" skipped="0" time="9.114" errors="0">
<testcase name="@L1 训练多硬件性能对比" classname="l1/training-compare.spec.ts" time="9.114">
</testcase>
</testsuite>
<testsuite name="l1/training-hardware-search.spec.ts" timestamp="2026-07-31T19:04:18.280Z" hostname="chromium" tests="1" failures="0" skipped="0" time="14.373" errors="0">
<testcase name="@L1 训练硬件寻优" classname="l1/training-hardware-search.spec.ts" time="14.373">
</testcase>
</testsuite>
<testsuite name="l1/training-operator.spec.ts" timestamp="2026-07-31T19:04:18.280Z" hostname="chromium" tests="1" failures="0" skipped="0" time="8.844" errors="0">
<testcase name="@L1 训练算子性能评估" classname="l1/training-operator.spec.ts" time="8.844">
</testcase>
</testsuite>
<testsuite name="l1/training-source.spec.ts" timestamp="2026-07-31T19:04:18.280Z" hostname="chromium" tests="1" failures="0" skipped="0" time="38.609" errors="0">
<testcase name="@L1 训练 YAML 与 file 来源" classname="l1/training-source.spec.ts" time="38.609">
</testcase>
</testsuite>
<testsuite name="l1/training-strategy-search.spec.ts" timestamp="2026-07-31T19:04:18.280Z" hostname="chromium" tests="1" failures="0" skipped="0" time="15.099" errors="0">
<testcase name="@L1 训练策略自动寻优" classname="l1/training-strategy-search.spec.ts" time="15.099">
</testcase>
</testsuite>
</testsuites>