<testsuites id="" name="" tests="119" failures="17" skipped="2" errors="5" time="1026.53386">
<testsuite name="l0/eagle-single-chain.spec.ts" timestamp="2026-09-23T14:08:40.834Z" hostname="chromium" tests="3" failures="0" skipped="0" time="47.995" errors="0">
<testcase name="@L0 eagle decode 提交、算子结果与配置恢复" classname="l0/eagle-single-chain.spec.ts" time="18.502">
</testcase>
<testcase name="@L0 eagle3 decode 提交、算子结果与配置恢复" classname="l0/eagle-single-chain.spec.ts" time="14.728">
</testcase>
<testcase name="@L0 eagle3 prefill 提交、算子结果与配置恢复" classname="l0/eagle-single-chain.spec.ts" time="14.765">
</testcase>
</testsuite>
<testsuite name="l0/home.spec.ts" timestamp="2026-09-23T14:08:40.834Z" hostname="chromium" tests="3" failures="0" skipped="2" time="4.821" errors="0">
<testcase name="@L0 首页与核心入口可达" classname="l0/home.spec.ts" time="4.54">
</testcase>
<testcase name="@L0 显式开启时首页发送受控浏览器采集批次" classname="l0/home.spec.ts">
<properties>
<property name="skip" value="默认关闭浏览器采集">
</property>
</properties>
<skipped>
</skipped>
</testcase>
<testcase name="@L0 真实后端接受首页浏览器采集批次" classname="l0/home.spec.ts">
<properties>
<property name="skip" value="需要配置已启用 observability intake 的真实后端">
</property>
</properties>
<skipped>
</skipped>
</testcase>
</testsuite>
<testsuite name="l0/inference-model.spec.ts" timestamp="2026-09-23T14:08:40.834Z" hostname="chromium" tests="1" failures="0" skipped="0" time="30.639" errors="0">
<testcase name="@L0 推理模型性能评估完整闭环" classname="l0/inference-model.spec.ts" time="30.639">
</testcase>
</testsuite>
<testsuite name="l0/service-availability.spec.ts" timestamp="2026-09-23T14:08:40.834Z" hostname="chromium" tests="1" failures="0" skipped="0" time="4.797" errors="0">
<testcase name="@L0 服务读取链路的浏览器请求全部成功" classname="l0/service-availability.spec.ts" time="4.797">
</testcase>
</testsuite>
<testsuite name="l0/task-history.spec.ts" timestamp="2026-09-23T14:08:40.834Z" hostname="chromium" tests="1" failures="0" skipped="0" time="29.507" errors="0">
<testcase name="@L0 任务管理与历史结果回跳" classname="l0/task-history.spec.ts" time="29.507">
</testcase>
</testsuite>
<testsuite name="l0/training-model-estimate.spec.ts" timestamp="2026-09-23T14:08:40.834Z" hostname="chromium" tests="1" failures="0" skipped="0" time="30.018" errors="0">
<testcase name="@L0 训练模型评估从浏览器提交到报告和任务历史" classname="l0/training-model-estimate.spec.ts" time="30.018">
</testcase>
</testsuite>
<testsuite name="l0/unified-quant-ui.spec.ts" timestamp="2026-09-23T14:08:40.834Z" hostname="chromium" tests="3" failures="0" skipped="0" time="7.262" errors="0">
<testcase name="@L0 统一阶段联动、单独覆盖和 P/D 共用量化" classname="l0/unified-quant-ui.spec.ts" time="3.196">
</testcase>
<testcase name="@L0 推理对比复用统一阶段并独立复制配置" classname="l0/unified-quant-ui.spec.ts" time="1.969">
</testcase>
<testcase name="@L0 批量 P/D 预检发送实际阶段精度而非界面草稿" classname="l0/unified-quant-ui.spec.ts" time="2.097">
</testcase>
</testsuite>
<testsuite name="l0/user-manual-navigation.spec.ts" timestamp="2026-09-23T14:08:40.834Z" hostname="chromium" tests="1" failures="0" skipped="0" time="2.959" errors="0">
<testcase name="@L0 普通用户可打开用户手册" classname="l0/user-manual-navigation.spec.ts" time="2.959">
</testcase>
</testsuite>
<testsuite name="l1/asset-hardware.spec.ts" timestamp="2026-09-23T14:08:40.834Z" hostname="chromium" tests="1" failures="0" skipped="0" time="2.587" errors="0">
<testcase name="@L1 硬件资产 CRUD 与内置保护" classname="l1/asset-hardware.spec.ts" time="2.587">
</testcase>
</testsuite>
<testsuite name="l1/asset-model-conflict.spec.ts" timestamp="2026-09-23T14:08:40.834Z" hostname="chromium" tests="3" failures="1" skipped="0" time="18.651" errors="0">
<testcase name="@L1 手搓模型页同名保存显示客户端去重错误" classname="l1/asset-model-conflict.spec.ts" time="12.748">
<system-out>
<![CDATA[
[[ATTACHMENT|../test-results/l1-asset-model-conflict--L1-手搓模型页同名保存显示客户端去重错误-chromium/test-failed-1.png]]

[[ATTACHMENT|../test-results/l1-asset-model-conflict--L1-手搓模型页同名保存显示客户端去重错误-chromium/video.webm]]

[[ATTACHMENT|../test-results/l1-asset-model-conflict--L1-手搓模型页同名保存显示客户端去重错误-chromium/error-context.md]]

[[ATTACHMENT|../test-results/l1-asset-model-conflict--L1-手搓模型页同名保存显示客户端去重错误-chromium/trace.zip]]
]]>
</system-out>
<failure message="expect(locator).toBeVisible() failed" type="expect.toBeVisible">
<![CDATA[  [chromium] › l1/asset-model-conflict.spec.ts:6:1 › @L1 手搓模型页同名保存显示客户端去重错误 ────────────────────────

    Error: expect(locator).toBeVisible() failed

    Locator: locator('.manual-model-notice.error')
    Expected: visible
    Timeout: 10000ms
    Error: element(s) not found

    Call log:
      - Expect "toBeVisible" with timeout 10000ms
      - waiting for locator('.manual-model-notice.error')


      29 |   await page.getByTestId('model-form-save').click()
      30 |
    > 31 |   await expect(page.locator('.manual-model-notice.error')).toBeVisible({ timeout: 10_000 })
         |                                                            ^
      32 |   await expect(page.locator('.manual-model-notice.error')).toContainText(name)
      33 |   await expect(page.locator('.manual-model-notice.error')).toContainText(/已存在/)
      34 | })
        at /home/administrator/actions-runner/_work/zrt-sim-ui/zrt-sim-ui/e2e/specs/l1/asset-model-conflict.spec.ts:31:60

    attachment #1: screenshot (image/png) ──────────────────────────────────────────────────────────
    ../../test-results/l1-asset-model-conflict--L1-手搓模型页同名保存显示客户端去重错误-chromium/test-failed-1.png
    ────────────────────────────────────────────────────────────────────────────────────────────────

    attachment #2: video (video/webm) ──────────────────────────────────────────────────────────────
    ../../test-results/l1-asset-model-conflict--L1-手搓模型页同名保存显示客户端去重错误-chromium/video.webm
    ────────────────────────────────────────────────────────────────────────────────────────────────

    Error Context: ../../test-results/l1-asset-model-conflict--L1-手搓模型页同名保存显示客户端去重错误-chromium/error-context.md

    attachment #4: trace (application/zip) ─────────────────────────────────────────────────────────
    ../../test-results/l1-asset-model-conflict--L1-手搓模型页同名保存显示客户端去重错误-chromium/trace.zip
    Usage:

        npx playwright show-trace ../../test-results/l1-asset-model-conflict--L1-手搓模型页同名保存显示客户端去重错误-chromium/trace.zip

    ────────────────────────────────────────────────────────────────────────────────────────────────
]]>
</failure>
</testcase>
<testcase name="@L1 手搓模型页 409 服务端冲突显示错误提示" classname="l1/asset-model-conflict.spec.ts" time="2.598">
</testcase>
<testcase name="@L1 训练提交配额超限展示错误提示" classname="l1/asset-model-conflict.spec.ts" time="3.305">
</testcase>
</testsuite>
<testsuite name="l1/asset-model.spec.ts" timestamp="2026-09-23T14:08:40.834Z" hostname="chromium" tests="2" failures="1" skipped="0" time="18.946" errors="1">
<testcase name="@L1 自定义模型 CRUD 与内置保护" classname="l1/asset-model.spec.ts" time="18.781">
<system-out>
<![CDATA[
[[ATTACHMENT|../test-results/l1-asset-model--L1-自定义模型-CRUD-与内置保护-chromium/test-failed-1.png]]

[[ATTACHMENT|../test-results/l1-asset-model--L1-自定义模型-CRUD-与内置保护-chromium/video.webm]]

[[ATTACHMENT|../test-results/l1-asset-model--L1-自定义模型-CRUD-与内置保护-chromium/error-context.md]]

[[ATTACHMENT|../test-results/l1-asset-model--L1-自定义模型-CRUD-与内置保护-chromium/trace.zip]]
]]>
</system-out>
<error message="locator.click: Timeout 15000ms exceeded." type="TimeoutError">
<![CDATA[  [chromium] › l1/asset-model.spec.ts:5:1 › @L1 自定义模型 CRUD 与内置保护 ───────────────────────────────────

    TimeoutError: locator.click: Timeout 15000ms exceeded.
    Call log:
      - waiting for getByTestId('model-row-e2e_model_l1_1790172698225').locator('button, a').filter({ hasText: /详情/ }).first()


      25 |   await page.getByPlaceholder('搜索模型名称，回车确认').fill(name)
      26 |   await page.getByPlaceholder('搜索模型名称，回车确认').press('Enter')
    > 27 |   await page.getByTestId(`model-row-${name}`).locator('button, a').filter({ hasText: /详情/ }).first().click()
         |                                                                                                      ^
      28 |   await expect(page.getByTestId('model-detail-modal')).toContainText(name)
      29 |   await page.locator('[data-testid="model-detail-modal"] .mm-close').click()
      30 |   await expect(page.getByTestId('model-detail-modal')).not.toBeVisible()
        at /home/administrator/actions-runner/_work/zrt-sim-ui/zrt-sim-ui/e2e/specs/l1/asset-model.spec.ts:27:102

    attachment #1: screenshot (image/png) ──────────────────────────────────────────────────────────
    ../../test-results/l1-asset-model--L1-自定义模型-CRUD-与内置保护-chromium/test-failed-1.png
    ────────────────────────────────────────────────────────────────────────────────────────────────

    attachment #2: video (video/webm) ──────────────────────────────────────────────────────────────
    ../../test-results/l1-asset-model--L1-自定义模型-CRUD-与内置保护-chromium/video.webm
    ────────────────────────────────────────────────────────────────────────────────────────────────

    Error Context: ../../test-results/l1-asset-model--L1-自定义模型-CRUD-与内置保护-chromium/error-context.md

    attachment #4: trace (application/zip) ─────────────────────────────────────────────────────────
    ../../test-results/l1-asset-model--L1-自定义模型-CRUD-与内置保护-chromium/trace.zip
    Usage:

        npx playwright show-trace ../../test-results/l1-asset-model--L1-自定义模型-CRUD-与内置保护-chromium/trace.zip

    ────────────────────────────────────────────────────────────────────────────────────────────────
]]>
</error>
</testcase>
<testcase name="@L1 不同用户可导入同名私有模型且只看到自己的版本" classname="l1/asset-model.spec.ts" time="0.165">
<system-out>
<![CDATA[
[[ATTACHMENT|../test-results/l1-asset-model--L1-不同用户可导入同名私有模型且只看到自己的版本-chromium/test-failed-1.png]]

[[ATTACHMENT|../test-results/l1-asset-model--L1-不同用户可导入同名私有模型且只看到自己的版本-chromium/video.webm]]

[[ATTACHMENT|../test-results/l1-asset-model--L1-不同用户可导入同名私有模型且只看到自己的版本-chromium/error-context.md]]

[[ATTACHMENT|../test-results/l1-asset-model--L1-不同用户可导入同名私有模型且只看到自己的版本-chromium/trace.zip]]
]]>
</system-out>
<failure message="expect(received).toBe(expected) // Object.is equality" type="expect.toBe">
<![CDATA[  [chromium] › l1/asset-model.spec.ts:50:1 › @L1 不同用户可导入同名私有模型且只看到自己的版本 ────────────────────────────

    Error: expect(received).toBe(expected) // Object.is equality

    Expected: 200
    Received: 401

      62 |   const alice = await create(otherAccount)
      63 |   const bob = await create(testOwner.account)
    > 64 |   expect(alice.status()).toBe(200)
         |                          ^
      65 |   expect(bob.status()).toBe(200)
      66 |   expect((await alice.json()).id).not.toBe((await bob.json()).id)
      67 |   const duplicate = await create(testOwner.account)
        at /home/administrator/actions-runner/_work/zrt-sim-ui/zrt-sim-ui/e2e/specs/l1/asset-model.spec.ts:64:26

    attachment #1: screenshot (image/png) ──────────────────────────────────────────────────────────
    ../../test-results/l1-asset-model--L1-不同用户可导入同名私有模型且只看到自己的版本-chromium/test-failed-1.png
    ────────────────────────────────────────────────────────────────────────────────────────────────

    attachment #2: video (video/webm) ──────────────────────────────────────────────────────────────
    ../../test-results/l1-asset-model--L1-不同用户可导入同名私有模型且只看到自己的版本-chromium/video.webm
    ────────────────────────────────────────────────────────────────────────────────────────────────

    Error Context: ../../test-results/l1-asset-model--L1-不同用户可导入同名私有模型且只看到自己的版本-chromium/error-context.md

    attachment #4: trace (application/zip) ─────────────────────────────────────────────────────────
    ../../test-results/l1-asset-model--L1-不同用户可导入同名私有模型且只看到自己的版本-chromium/trace.zip
    Usage:

        npx playwright show-trace ../../test-results/l1-asset-model--L1-不同用户可导入同名私有模型且只看到自己的版本-chromium/trace.zip

    ────────────────────────────────────────────────────────────────────────────────────────────────
]]>
</failure>
</testcase>
</testsuite>
<testsuite name="l1/asset-module.spec.ts" timestamp="2026-09-23T14:08:40.834Z" hostname="chromium" tests="8" failures="0" skipped="0" time="19.599" errors="0">
<testcase name="@L1 Module 算子按需加载 › 乱序成功响应不覆盖当前场景，旧请求结束不提前关闭 loading" classname="l1/asset-module.spec.ts" time="2.237">
</testcase>
<testcase name="@L1 Module 算子按需加载 › 关闭重开后旧查询失败不清空新查询的选项" classname="l1/asset-module.spec.ts" time="2.129">
</testcase>
<testcase name="@L1 Module 算子按需加载 › 关闭旧编辑后迟到回调不改写新表单的 Spec JSON" classname="l1/asset-module.spec.ts" time="1.897">
</testcase>
<testcase name="@L1 Module 算子按需加载 › 首屏仅加载模块，新增时查询算子并随场景切换" classname="l1/asset-module.spec.ts" time="2.27">
</testcase>
<testcase name="@L1 Module 算子按需加载 › 首次编辑按模块场景读取算子并保留已选项和保存能力" classname="l1/asset-module.spec.ts" time="2.079">
</testcase>
<testcase name="@L1 Module 算子按需加载 › 新增算子查询失败时结束加载，保留表单且再次打开可重试" classname="l1/asset-module.spec.ts" time="2.398">
</testcase>
<testcase name="@L1 Module 算子按需加载 › 编辑算子查询失败时结束加载，保留表单且再次打开可重试" classname="l1/asset-module.spec.ts" time="2.088">
</testcase>
<testcase name="@L1 Module CRUD 与复用" classname="l1/asset-module.spec.ts" time="4.501">
</testcase>
</testsuite>
<testsuite name="l1/asset-operator.spec.ts" timestamp="2026-09-23T14:08:40.834Z" hostname="chromium" tests="2" failures="0" skipped="0" time="6.828" errors="0">
<testcase name="@L1 自定义算子 CRUD" classname="l1/asset-operator.spec.ts" time="4.754">
</testcase>
<testcase name="@L1 新增算子失败显示错误并保持弹窗打开" classname="l1/asset-operator.spec.ts" time="2.074">
</testcase>
</testsuite>
<testsuite name="l1/inference-auto-ep.spec.ts" timestamp="2026-09-23T14:08:40.834Z" hostname="chromium" tests="8" failures="0" skipped="0" time="36.948" errors="0">
<testcase name="@L1 evaluate Prefill 可编辑 EP 与自动 EDP" classname="l1/inference-auto-ep.spec.ts" time="4.934">
</testcase>
<testcase name="@L1 evaluate Decode 可编辑 EP 与自动 EDP" classname="l1/inference-auto-ep.spec.ts" time="5.001">
</testcase>
<testcase name="@L1 evaluate PD 混布 可编辑 EP 与自动 EDP" classname="l1/inference-auto-ep.spec.ts" time="4.695">
</testcase>
<testcase name="@L1 evaluate PD 分离 可编辑 EP 与自动 EDP" classname="l1/inference-auto-ep.spec.ts" time="5.359">
</testcase>
<testcase name="@L1 optimize Prefill 可编辑 EP 与自动 EDP" classname="l1/inference-auto-ep.spec.ts" time="4.067">
</testcase>
<testcase name="@L1 optimize Decode 可编辑 EP 与自动 EDP" classname="l1/inference-auto-ep.spec.ts" time="4.079">
</testcase>
<testcase name="@L1 optimize PD 混布 可编辑 EP 与自动 EDP" classname="l1/inference-auto-ep.spec.ts" time="4.072">
</testcase>
<testcase name="@L1 pd-ratio PD 分离 可编辑 EP 与自动 EDP" classname="l1/inference-auto-ep.spec.ts" time="4.741">
</testcase>
</testsuite>
<testsuite name="l1/inference-batch-experiment.spec.ts" timestamp="2026-09-23T14:08:40.834Z" hostname="chromium" tests="1" failures="0" skipped="0" time="8.369" errors="0">
<testcase name="@L1 推理批量实验服务闭环" classname="l1/inference-batch-experiment.spec.ts" time="8.369">
</testcase>
</testsuite>
<testsuite name="l1/inference-batch-optimization-toggle.spec.ts" timestamp="2026-09-23T14:08:40.834Z" hostname="chromium" tests="2" failures="0" skipped="0" time="5.698" errors="0">
<testcase name="@L1 推理批量实验寻优开关可往返切换：strategy_search" classname="l1/inference-batch-optimization-toggle.spec.ts" time="2.857">
</testcase>
<testcase name="@L1 推理批量实验寻优开关可往返切换：hardware_sensitivity" classname="l1/inference-batch-optimization-toggle.spec.ts" time="2.841">
</testcase>
</testsuite>
<testsuite name="l1/inference-compare.spec.ts" timestamp="2026-09-23T14:08:40.834Z" hostname="chromium" tests="1" failures="0" skipped="0" time="168.678" errors="0">
<testcase name="@L1 推理硬件性能对比" classname="l1/inference-compare.spec.ts" time="168.678">
</testcase>
</testsuite>
<testsuite name="l1/inference-config-navigation.spec.ts" timestamp="2026-09-23T14:08:40.834Z" hostname="chromium" tests="4" failures="0" skipped="0" time="10.9" errors="0">
<testcase name="@L1 evaluate Decode 配置在前后步骤往返时完整保留" classname="l1/inference-config-navigation.spec.ts" time="2.823">
</testcase>
<testcase name="@L1 optimize Decode 配置在前后步骤往返时完整保留" classname="l1/inference-config-navigation.spec.ts" time="2.771">
</testcase>
<testcase name="@L1 独立 O-TP=2 CP=1 切分不增加总卡数并保留步骤编辑" classname="l1/inference-config-navigation.spec.ts" time="2.585">
</testcase>
<testcase name="@L1 独立 O-TP=2 CP=2 切分不增加总卡数并保留步骤编辑" classname="l1/inference-config-navigation.spec.ts" time="2.721">
</testcase>
</testsuite>
<testsuite name="l1/inference-custom-communication-tiers.spec.ts" timestamp="2026-09-23T14:08:40.834Z" hostname="chromium" tests="1" failures="0" skipped="0" time="24.973" errors="0">
<testcase name="@L1 推理任务提交用户新增的通信中间层" classname="l1/inference-custom-communication-tiers.spec.ts" time="24.973">
</testcase>
</testsuite>
<testsuite name="l1/inference-hardware-editable.spec.ts" timestamp="2026-09-23T14:08:40.834Z" hostname="chromium" tests="1" failures="0" skipped="0" time="24.805" errors="0">
<testcase name="@L1 推理任务提交修改后的硬件规格并生效" classname="l1/inference-hardware-editable.spec.ts" time="24.805">
</testcase>
</testsuite>
<testsuite name="l1/inference-hicache.spec.ts" timestamp="2026-09-23T14:08:40.834Z" hostname="chromium" tests="4" failures="0" skipped="0" time="12.465" errors="0">
<testcase name="@L1 HiCache 配置恢复与性能评估结果" classname="l1/inference-hicache.spec.ts" time="4.087">
</testcase>
<testcase name="@L1 标准 KV Offload 配置恢复" classname="l1/inference-hicache.spec.ts" time="4.199">
</testcase>
<testcase name="@L1 HiCache 冻结最优解寻优结果" classname="l1/inference-hicache.spec.ts" time="1.991">
</testcase>
<testcase name="@L1 标准 KV Offload 冻结最优解带宽结果" classname="l1/inference-hicache.spec.ts" time="2.188">
</testcase>
</testsuite>
<testsuite name="l1/inference-o-tp-errors.spec.ts" timestamp="2026-09-23T14:08:40.834Z" hostname="chromium" tests="4" failures="0" skipped="0" time="24.198" errors="0">
<testcase name="@L1 O-TP 轮询错误展示 TASK.MODEL.O_TP_UNSUPPORTED" classname="l1/inference-o-tp-errors.spec.ts" time="6.105">
</testcase>
<testcase name="@L1 O-TP 轮询错误展示 TASK.MODEL.O_TP_GRAPH_INVALID" classname="l1/inference-o-tp-errors.spec.ts" time="6.145">
</testcase>
<testcase name="@L1 O-TP 轮询错误展示 TASK.CONFIG.O_TP_INVALID" classname="l1/inference-o-tp-errors.spec.ts" time="5.954">
</testcase>
<testcase name="@L1 O-TP 轮询错误展示 TASK.UNKNOWN" classname="l1/inference-o-tp-errors.spec.ts" time="5.994">
</testcase>
</testsuite>
<testsuite name="l1/inference-operator.spec.ts" timestamp="2026-09-23T14:08:40.834Z" hostname="chromium" tests="1" failures="0" skipped="0" time="13.943" errors="0">
<testcase name="@L1 推理算子性能评估" classname="l1/inference-operator.spec.ts" time="13.943">
</testcase>
</testsuite>
<testsuite name="l1/inference-optimal-table.spec.ts" timestamp="2026-09-23T14:08:40.834Z" hostname="chromium" tests="2" failures="0" skipped="0" time="5.113" errors="0">
<testcase name="@L1 推理最优配置统计表硬件过滤与自适应高度" classname="l1/inference-optimal-table.spec.ts" time="2.703">
</testcase>
<testcase name="@L1 推理最优配置分档表硬件过滤与自适应高度" classname="l1/inference-optimal-table.spec.ts" time="2.41">
</testcase>
</testsuite>
<testsuite name="l1/inference-optimize.spec.ts" timestamp="2026-09-23T14:08:40.834Z" hostname="chromium" tests="5" failures="0" skipped="0" time="29.66" errors="0">
<testcase name="@L1 推理策略寻优与应用策略" classname="l1/inference-optimize.spec.ts" time="20.153">
</testcase>
<testcase name="@L1 Prefill 重用配置恢复 Chunked Prefill Size" classname="l1/inference-optimize.spec.ts" time="2.272">
</testcase>
<testcase name="@L1 Prefill 重用配置在第 2 → 1 → 2 步保留量化和编辑值" classname="l1/inference-optimize.spec.ts" time="2.541">
</testcase>
<testcase name="@L1 Prefill 重用配置兼容 禁用 Chunked Prefill Size" classname="l1/inference-optimize.spec.ts" time="2.438">
</testcase>
<testcase name="@L1 Prefill 重用配置兼容 缺失 Chunked Prefill Size" classname="l1/inference-optimize.spec.ts" time="2.256">
</testcase>
</testsuite>
<testsuite name="l1/inference-pd-ratio.spec.ts" timestamp="2026-09-23T14:08:40.834Z" hostname="chromium" tests="2" failures="2" skipped="0" time="14.691" errors="0">
<testcase name="@L1 PD 配比可行结果" classname="l1/inference-pd-ratio.spec.ts" time="7.383">
<system-out>
<![CDATA[
[[ATTACHMENT|../test-results/l1-inference-pd-ratio--L1-PD-配比可行结果-chromium/test-failed-1.png]]

[[ATTACHMENT|../test-results/l1-inference-pd-ratio--L1-PD-配比可行结果-chromium/video.webm]]

[[ATTACHMENT|../test-results/l1-inference-pd-ratio--L1-PD-配比可行结果-chromium/error-context.md]]

[[ATTACHMENT|../test-results/l1-inference-pd-ratio--L1-PD-配比可行结果-chromium/trace.zip]]
]]>
</system-out>
<failure message="expect(locator).toBeVisible() failed" type="expect.toBeVisible">
<![CDATA[  [chromium] › l1/inference-pd-ratio.spec.ts:5:1 › @L1 PD 配比可行结果 ───────────────────────────────────

    Error: expect(locator).toBeVisible() failed

    Locator: getByTestId('pd-hardware-summary')
    Expected: visible
    Timeout: 5000ms
    Error: element(s) not found

    Call log:
      - Expect "toBeVisible" with timeout 5000ms
      - waiting for getByTestId('pd-hardware-summary')


      30 |   const summary = page.getByTestId('pd-hardware-summary')
      31 |   await expect(hardwareTemplate).toBeVisible()
    > 32 |   await expect(summary).toBeVisible()
         |                         ^
      33 |   const initialName = (await summary.locator('strong').textContent())?.trim()
      34 |   await selectOption(hardwareTemplate, { index: 1 })
      35 |   await expect(summary.locator('strong')).not.toHaveText(initialName || '')
        at /home/administrator/actions-runner/_work/zrt-sim-ui/zrt-sim-ui/e2e/specs/l1/inference-pd-ratio.spec.ts:32:25

    attachment #1: screenshot (image/png) ──────────────────────────────────────────────────────────
    ../../test-results/l1-inference-pd-ratio--L1-PD-配比可行结果-chromium/test-failed-1.png
    ────────────────────────────────────────────────────────────────────────────────────────────────

    attachment #2: video (video/webm) ──────────────────────────────────────────────────────────────
    ../../test-results/l1-inference-pd-ratio--L1-PD-配比可行结果-chromium/video.webm
    ────────────────────────────────────────────────────────────────────────────────────────────────

    Error Context: ../../test-results/l1-inference-pd-ratio--L1-PD-配比可行结果-chromium/error-context.md

    attachment #4: trace (application/zip) ─────────────────────────────────────────────────────────
    ../../test-results/l1-inference-pd-ratio--L1-PD-配比可行结果-chromium/trace.zip
    Usage:

        npx playwright show-trace ../../test-results/l1-inference-pd-ratio--L1-PD-配比可行结果-chromium/trace.zip

    ────────────────────────────────────────────────────────────────────────────────────────────────
]]>
</failure>
</testcase>
<testcase name="@L1 PD 配比无可行解/OOM" classname="l1/inference-pd-ratio.spec.ts" time="7.308">
<system-out>
<![CDATA[
[[ATTACHMENT|../test-results/l1-inference-pd-ratio--L1-PD-配比无可行解-OOM-chromium/test-failed-1.png]]

[[ATTACHMENT|../test-results/l1-inference-pd-ratio--L1-PD-配比无可行解-OOM-chromium/video.webm]]

[[ATTACHMENT|../test-results/l1-inference-pd-ratio--L1-PD-配比无可行解-OOM-chromium/error-context.md]]

[[ATTACHMENT|../test-results/l1-inference-pd-ratio--L1-PD-配比无可行解-OOM-chromium/trace.zip]]
]]>
</system-out>
<failure message="expect(locator).toBeVisible() failed" type="expect.toBeVisible">
<![CDATA[  [chromium] › l1/inference-pd-ratio.spec.ts:44:1 › @L1 PD 配比无可行解/OOM ──────────────────────────────

    Error: expect(locator).toBeVisible() failed

    Locator: getByTestId('pd-hardware-summary')
    Expected: visible
    Timeout: 5000ms
    Error: element(s) not found

    Call log:
      - Expect "toBeVisible" with timeout 5000ms
      - waiting for getByTestId('pd-hardware-summary')


      67 |   // OOM 分支也必须先得到可提交的数据库硬件模板，不能因空配置静默停在 Step 3。
      68 |   await expect(page.getByTestId('pd-hardware-template')).toBeVisible()
    > 69 |   await expect(page.getByTestId('pd-hardware-summary')).toBeVisible()
         |                                                         ^
      70 |   await page.getByTestId('infer-step-3-run').click()
      71 |
      72 |   const result = page.getByRole('heading', { name: 'PD 配比寻优结果' })
        at /home/administrator/actions-runner/_work/zrt-sim-ui/zrt-sim-ui/e2e/specs/l1/inference-pd-ratio.spec.ts:69:57

    attachment #1: screenshot (image/png) ──────────────────────────────────────────────────────────
    ../../test-results/l1-inference-pd-ratio--L1-PD-配比无可行解-OOM-chromium/test-failed-1.png
    ────────────────────────────────────────────────────────────────────────────────────────────────

    attachment #2: video (video/webm) ──────────────────────────────────────────────────────────────
    ../../test-results/l1-inference-pd-ratio--L1-PD-配比无可行解-OOM-chromium/video.webm
    ────────────────────────────────────────────────────────────────────────────────────────────────

    Error Context: ../../test-results/l1-inference-pd-ratio--L1-PD-配比无可行解-OOM-chromium/error-context.md

    attachment #4: trace (application/zip) ─────────────────────────────────────────────────────────
    ../../test-results/l1-inference-pd-ratio--L1-PD-配比无可行解-OOM-chromium/trace.zip
    Usage:

        npx playwright show-trace ../../test-results/l1-inference-pd-ratio--L1-PD-配比无可行解-OOM-chromium/trace.zip

    ────────────────────────────────────────────────────────────────────────────────────────────────
]]>
</failure>
</testcase>
</testsuite>
<testsuite name="l1/inference-result.spec.ts" timestamp="2026-09-23T14:08:40.834Z" hostname="chromium" tests="1" failures="0" skipped="0" time="47.111" errors="0">
<testcase name="@L1 推理结果筛选和多硬件切换" classname="l1/inference-result.spec.ts" time="47.111">
</testcase>
</testsuite>
<testsuite name="l1/operations-insights.spec.ts" timestamp="2026-09-23T14:08:40.834Z" hostname="chromium" tests="15" failures="0" skipped="0" time="34.835" errors="0">
<testcase name="@L1 产品运行与洞察真实接口或未启用路径" classname="l1/operations-insights.spec.ts" time="1.733">
</testcase>
<testcase name="@L1 MCP服务健康展示调用趋势和工具拆分" classname="l1/operations-insights.spec.ts" time="2.227">
</testcase>
<testcase name="@L1 无权限不得展示敏感内容和入口" classname="l1/operations-insights.spec.ts" time="1.859">
</testcase>
<testcase name="@L1 闭环与页面行为只展示后端聚合事实" classname="l1/operations-insights.spec.ts" time="2.125">
</testcase>
<testcase name="@L1 日期竞态、筛选与实时独立口径" classname="l1/operations-insights.spec.ts" time="4.139">
</testcase>
<testcase name="@L1 主题分页、排序、标签保留与Escape恢复焦点" classname="l1/operations-insights.spec.ts" time="2.453">
</testcase>
<testcase name="@L1 局部失败、新鲜度和未知Worker不冒充空闲" classname="l1/operations-insights.spec.ts" time="2.206">
</testcase>
<testcase name="@L1 账号切换立即清空并拒绝旧权限响应" classname="l1/operations-insights.spec.ts" time="2.552">
</testcase>
<testcase name="@L1 弹窗返回保持原滚动位置" classname="l1/operations-insights.spec.ts" time="2.084">
</testcase>
<testcase name="@L1 后台暂停轮询且离页后只保留轻量权限" classname="l1/operations-insights.spec.ts" time="2.102">
</testcase>
<testcase name="@L1 多部门默认全量，409回首页，403撤回全部数据" classname="l1/operations-insights.spec.ts" time="2.486">
</testcase>
<testcase name="@L1 R1 live刷新和全局草稿不重置主题第二页" classname="l1/operations-insights.spec.ts" time="2.395">
</testcase>
<testcase name="@L1 R1 直达主题Escape只移除topic保留其他query" classname="l1/operations-insights.spec.ts" time="2.065">
</testcase>
<testcase name="@L1 R1 跨上海午夜点击预设刷新服务端锚点而固定日期不漂移" classname="l1/operations-insights.spec.ts" time="2.329">
</testcase>
<testcase name="@L1 R1 排序实参和200无心跳Worker未知" classname="l1/operations-insights.spec.ts" time="2.08">
</testcase>
</testsuite>
<testsuite name="l1/release-info.spec.ts" timestamp="2026-09-23T14:08:40.834Z" hostname="chromium" tests="2" failures="0" skipped="0" time="3.471" errors="0">
<testcase name="@L1 版本信息当前和历史读取" classname="l1/release-info.spec.ts" time="1.598">
</testcase>
<testcase name="@L1 管理员编辑版本信息并恢复" classname="l1/release-info.spec.ts" time="1.873">
</testcase>
</testsuite>
<testsuite name="l1/resource-quotas.spec.ts" timestamp="2026-09-23T14:08:40.834Z" hostname="chromium" tests="2" failures="0" skipped="0" time="6.948" errors="0">
<testcase name="@L1 管理员角色配额与搜索页额度提示" classname="l1/resource-quotas.spec.ts" time="3.743">
</testcase>
<testcase name="@L1 本地普通用户遵守管理员配置的精度校准菜单禁用" classname="l1/resource-quotas.spec.ts" time="3.205">
</testcase>
</testsuite>
<testsuite name="l1/route-proxy.spec.ts" timestamp="2026-09-23T14:08:40.834Z" hostname="chromium" tests="1" failures="0" skipped="0" time="5.315" errors="0">
<testcase name="@L1 部署前缀和深层路由" classname="l1/route-proxy.spec.ts" time="5.315">
</testcase>
</testsuite>
<testsuite name="l1/statistics-edge.spec.ts" timestamp="2026-09-23T14:08:40.834Z" hostname="chromium" tests="3" failures="0" skipped="0" time="5.958" errors="0">
<testcase name="@L1 信息统计空数据态展示暂无数据" classname="l1/statistics-edge.spec.ts" time="2.001">
</testcase>
<testcase name="@L1 信息统计部分子请求失败展示降级提示" classname="l1/statistics-edge.spec.ts" time="1.958">
</testcase>
<testcase name="@L1 信息统计导出失败展示错误提示" classname="l1/statistics-edge.spec.ts" time="1.999">
</testcase>
</testsuite>
<testsuite name="l1/statistics.spec.ts" timestamp="2026-09-23T14:08:40.834Z" hostname="chromium" tests="1" failures="0" skipped="0" time="1.882" errors="0">
<testcase name="@L1 信息统计访问与导出" classname="l1/statistics.spec.ts" time="1.882">
</testcase>
</testsuite>
<testsuite name="l1/task-failure-detail.spec.ts" timestamp="2026-09-23T14:08:40.834Z" hostname="chromium" tests="4" failures="1" skipped="0" time="7.368" errors="0">
<testcase name="@L1 失败任务详情展示结构化错误卡片" classname="l1/task-failure-detail.spec.ts" time="1.904">
</testcase>
<testcase name="@L1 任务空列表态与筛选无结果" classname="l1/task-failure-detail.spec.ts" time="1.659">
</testcase>
<testcase name="@L1 进程启动失败展示后端异常原文" classname="l1/task-failure-detail.spec.ts" time="1.79">
<system-out>
<![CDATA[
[[ATTACHMENT|../test-results/l1-task-failure-detail--L1-进程启动失败展示后端异常原文-chromium/test-failed-1.png]]

[[ATTACHMENT|../test-results/l1-task-failure-detail--L1-进程启动失败展示后端异常原文-chromium/video.webm]]

[[ATTACHMENT|../test-results/l1-task-failure-detail--L1-进程启动失败展示后端异常原文-chromium/error-context.md]]

[[ATTACHMENT|../test-results/l1-task-failure-detail--L1-进程启动失败展示后端异常原文-chromium/trace.zip]]
]]>
</system-out>
<failure message="expect(locator).toBeVisible() failed" type="expect.toBeVisible">
<![CDATA[  [chromium] › l1/task-failure-detail.spec.ts:89:1 › @L1 进程启动失败展示后端异常原文 ────────────────────────────

    Error: expect(locator).toBeVisible() failed

    Locator: getByText('world_size 必须大于 0')
    Expected: visible
    Error: strict mode violation: getByText('world_size 必须大于 0') resolved to 2 elements:
        1) <dd data-v-391b9fcf="">world_size 必须大于 0</dd> aka getByText('world_size 必须大于 0', { exact: true })
        2) <div data-v-391b9fcf="" class="task-failure-detail">exception_type: ValueError↵reason: world_size 必须大…</div> aka getByText('exception_type: ValueError')

    Call log:
      - Expect "toBeVisible" with timeout 5000ms
      - waiting for getByText('world_size 必须大于 0')


      137 |   await expect(page.getByTestId('task-detail-modal')).toBeVisible()
      138 |   await expect(page.getByText('具体原因')).toBeVisible()
    > 139 |   await expect(page.getByText('world_size 必须大于 0')).toBeVisible()
          |                                                     ^
      140 | })
      141 |
      142 | test('@L1 历史遗留失败任务展示 legacy 错误信息', async ({ page }) => {
        at /home/administrator/actions-runner/_work/zrt-sim-ui/zrt-sim-ui/e2e/specs/l1/task-failure-detail.spec.ts:139:53

    attachment #1: screenshot (image/png) ──────────────────────────────────────────────────────────
    ../../test-results/l1-task-failure-detail--L1-进程启动失败展示后端异常原文-chromium/test-failed-1.png
    ────────────────────────────────────────────────────────────────────────────────────────────────

    attachment #2: video (video/webm) ──────────────────────────────────────────────────────────────
    ../../test-results/l1-task-failure-detail--L1-进程启动失败展示后端异常原文-chromium/video.webm
    ────────────────────────────────────────────────────────────────────────────────────────────────

    Error Context: ../../test-results/l1-task-failure-detail--L1-进程启动失败展示后端异常原文-chromium/error-context.md

    attachment #4: trace (application/zip) ─────────────────────────────────────────────────────────
    ../../test-results/l1-task-failure-detail--L1-进程启动失败展示后端异常原文-chromium/trace.zip
    Usage:

        npx playwright show-trace ../../test-results/l1-task-failure-detail--L1-进程启动失败展示后端异常原文-chromium/trace.zip

    ────────────────────────────────────────────────────────────────────────────────────────────────
]]>
</failure>
</testcase>
<testcase name="@L1 历史遗留失败任务展示 legacy 错误信息" classname="l1/task-failure-detail.spec.ts" time="2.015">
</testcase>
</testsuite>
<testsuite name="l1/task-filter-history.spec.ts" timestamp="2026-09-23T14:08:40.834Z" hostname="chromium" tests="1" failures="0" skipped="0" time="28.899" errors="1">
<testcase name="@L1 任务筛选、详情和历史 Run" classname="l1/task-filter-history.spec.ts" time="28.899">
<system-out>
<![CDATA[
[[ATTACHMENT|../test-results/l1-task-filter-history--L1-任务筛选、详情和历史-Run-chromium/test-failed-1.png]]

[[ATTACHMENT|../test-results/l1-task-filter-history--L1-任务筛选、详情和历史-Run-chromium/video.webm]]

[[ATTACHMENT|../test-results/l1-task-filter-history--L1-任务筛选、详情和历史-Run-chromium/error-context.md]]

[[ATTACHMENT|../test-results/l1-task-filter-history--L1-任务筛选、详情和历史-Run-chromium/trace.zip]]
]]>
</system-out>
<error message="locator.fill: Timeout 15000ms exceeded." type="TimeoutError">
<![CDATA[  [chromium] › l1/task-filter-history.spec.ts:7:1 › @L1 任务筛选、详情和历史 Run ─────────────────────────────

    TimeoutError: locator.fill: Timeout 15000ms exceeded.
    Call log:
      - waiting for getByTestId('task-search-owner')
        - locator resolved to <input disabled class="tm-search" data-v-80b47213="" placeholder="输入 owner，回车搜索" data-testid="task-search-owner"/>
        - fill("pw_6_1790173268667")
      - attempting fill action
        2 × waiting for element to be visible, enabled and editable
          - element is not enabled
        - retrying fill action
        - waiting 20ms
        2 × waiting for element to be visible, enabled and editable
          - element is not enabled
        - retrying fill action
          - waiting 100ms
        30 × waiting for element to be visible, enabled and editable
           - element is not enabled
         - retrying fill action
           - waiting 500ms


      30 |
      31 |   // 按用户筛选
    > 32 |   await page.getByTestId('task-search-owner').fill(api.account)
         |                                               ^
      33 |   await page.getByTestId('task-search-owner').press('Enter')
      34 |   await expect(page.getByTestId(`task-row-${job.task_id}`)).toBeVisible()
      35 |
        at /home/administrator/actions-runner/_work/zrt-sim-ui/zrt-sim-ui/e2e/specs/l1/task-filter-history.spec.ts:32:47

    attachment #1: screenshot (image/png) ──────────────────────────────────────────────────────────
    ../../test-results/l1-task-filter-history--L1-任务筛选、详情和历史-Run-chromium/test-failed-1.png
    ────────────────────────────────────────────────────────────────────────────────────────────────

    attachment #2: video (video/webm) ──────────────────────────────────────────────────────────────
    ../../test-results/l1-task-filter-history--L1-任务筛选、详情和历史-Run-chromium/video.webm
    ────────────────────────────────────────────────────────────────────────────────────────────────

    Error Context: ../../test-results/l1-task-filter-history--L1-任务筛选、详情和历史-Run-chromium/error-context.md

    attachment #4: trace (application/zip) ─────────────────────────────────────────────────────────
    ../../test-results/l1-task-filter-history--L1-任务筛选、详情和历史-Run-chromium/trace.zip
    Usage:

        npx playwright show-trace ../../test-results/l1-task-filter-history--L1-任务筛选、详情和历史-Run-chromium/trace.zip

    ────────────────────────────────────────────────────────────────────────────────────────────────
]]>
</error>
</testcase>
</testsuite>
<testsuite name="l1/task-lifecycle.spec.ts" timestamp="2026-09-23T14:08:40.834Z" hostname="chromium" tests="1" failures="0" skipped="0" time="41.625" errors="0">
<testcase name="@L1 重跑、终止、单删和批删" classname="l1/task-lifecycle.spec.ts" time="41.625">
</testcase>
</testsuite>
<testsuite name="l1/task10-layout.spec.ts" timestamp="2026-09-23T14:08:40.834Z" hostname="chromium" tests="2" failures="0" skipped="0" time="18.14" errors="0">
<testcase name="@L1 Task10 baseline renders server frames and hides failures" classname="l1/task10-layout.spec.ts" time="15.987">
</testcase>
<testcase name="@L1 Task10 desktop columns and responsive quant controls" classname="l1/task10-layout.spec.ts" time="2.153">
</testcase>
</testsuite>
<testsuite name="l1/training-analysis-progress.spec.ts" timestamp="2026-09-23T14:08:40.834Z" hostname="chromium" tests="2" failures="2" skipped="0" time="0.283" errors="0">
<testcase name="@L1 真实训练分析 baseline 两帧进度与持久化结果" classname="l1/training-analysis-progress.spec.ts" time="0.12">
<system-out>
<![CDATA[
[[ATTACHMENT|../test-results/l1-training-analysis-progress--L1-真实训练分析-baseline-两帧进度与持久化结果-chromium/test-failed-1.png]]

[[ATTACHMENT|../test-results/l1-training-analysis-progress--L1-真实训练分析-baseline-两帧进度与持久化结果-chromium/video.webm]]

[[ATTACHMENT|../test-results/l1-training-analysis-progress--L1-真实训练分析-baseline-两帧进度与持久化结果-chromium/error-context.md]]

[[ATTACHMENT|../test-results/l1-training-analysis-progress--L1-真实训练分析-baseline-两帧进度与持久化结果-chromium/trace.zip]]
]]>
</system-out>
<failure message="expect(received).toBe(expected) // Object.is equality" type="expect.toBe">
<![CDATA[  [chromium] › l1/training-analysis-progress.spec.ts:80:3 › @L1 真实训练分析 baseline 两帧进度与持久化结果 ─────────

    Error: expect(received).toBe(expected) // Object.is equality

    Expected: true
    Received: false

      38 |     const headers = { 'X-User-Account': testOwner.account }
      39 |     const hardwareResponse = await page.request.get(`${backend}/api/assets/hardwares?domain=train`, { headers })
    > 40 |     expect(hardwareResponse.ok()).toBe(true)
         |                                   ^
      41 |     const hardwareRows = await hardwareResponse.json()
      42 |     const hardware = hardwareRows.find((row: any) => row.name === 'H100_Server')
      43 |     expect(hardware).toBeTruthy()
        at submitAnalysis (/home/administrator/actions-runner/_work/zrt-sim-ui/zrt-sim-ui/e2e/specs/l1/training-analysis-progress.spec.ts:40:35)
        at /home/administrator/actions-runner/_work/zrt-sim-ui/zrt-sim-ui/e2e/specs/l1/training-analysis-progress.spec.ts:82:17

    attachment #1: screenshot (image/png) ──────────────────────────────────────────────────────────
    ../../test-results/l1-training-analysis-progress--L1-真实训练分析-baseline-两帧进度与持久化结果-chromium/test-failed-1.png
    ────────────────────────────────────────────────────────────────────────────────────────────────

    attachment #2: video (video/webm) ──────────────────────────────────────────────────────────────
    ../../test-results/l1-training-analysis-progress--L1-真实训练分析-baseline-两帧进度与持久化结果-chromium/video.webm
    ────────────────────────────────────────────────────────────────────────────────────────────────

    Error Context: ../../test-results/l1-training-analysis-progress--L1-真实训练分析-baseline-两帧进度与持久化结果-chromium/error-context.md

    attachment #4: trace (application/zip) ─────────────────────────────────────────────────────────
    ../../test-results/l1-training-analysis-progress--L1-真实训练分析-baseline-两帧进度与持久化结果-chromium/trace.zip
    Usage:

        npx playwright show-trace ../../test-results/l1-training-analysis-progress--L1-真实训练分析-baseline-两帧进度与持久化结果-chromium/trace.zip

    ────────────────────────────────────────────────────────────────────────────────────────────────
]]>
</failure>
</testcase>
<testcase name="@L1 真实训练分析 compare 两帧进度与持久化结果" classname="l1/training-analysis-progress.spec.ts" time="0.163">
<system-out>
<![CDATA[
[[ATTACHMENT|../test-results/l1-training-analysis-progress--L1-真实训练分析-compare-两帧进度与持久化结果-chromium/test-failed-1.png]]

[[ATTACHMENT|../test-results/l1-training-analysis-progress--L1-真实训练分析-compare-两帧进度与持久化结果-chromium/video.webm]]

[[ATTACHMENT|../test-results/l1-training-analysis-progress--L1-真实训练分析-compare-两帧进度与持久化结果-chromium/error-context.md]]

[[ATTACHMENT|../test-results/l1-training-analysis-progress--L1-真实训练分析-compare-两帧进度与持久化结果-chromium/trace.zip]]
]]>
</system-out>
<failure message="expect(received).toBe(expected) // Object.is equality" type="expect.toBe">
<![CDATA[  [chromium] › l1/training-analysis-progress.spec.ts:80:3 › @L1 真实训练分析 compare 两帧进度与持久化结果 ──────────

    Error: expect(received).toBe(expected) // Object.is equality

    Expected: true
    Received: false

      38 |     const headers = { 'X-User-Account': testOwner.account }
      39 |     const hardwareResponse = await page.request.get(`${backend}/api/assets/hardwares?domain=train`, { headers })
    > 40 |     expect(hardwareResponse.ok()).toBe(true)
         |                                   ^
      41 |     const hardwareRows = await hardwareResponse.json()
      42 |     const hardware = hardwareRows.find((row: any) => row.name === 'H100_Server')
      43 |     expect(hardware).toBeTruthy()
        at submitAnalysis (/home/administrator/actions-runner/_work/zrt-sim-ui/zrt-sim-ui/e2e/specs/l1/training-analysis-progress.spec.ts:40:35)
        at /home/administrator/actions-runner/_work/zrt-sim-ui/zrt-sim-ui/e2e/specs/l1/training-analysis-progress.spec.ts:82:17

    attachment #1: screenshot (image/png) ──────────────────────────────────────────────────────────
    ../../test-results/l1-training-analysis-progress--L1-真实训练分析-compare-两帧进度与持久化结果-chromium/test-failed-1.png
    ────────────────────────────────────────────────────────────────────────────────────────────────

    attachment #2: video (video/webm) ──────────────────────────────────────────────────────────────
    ../../test-results/l1-training-analysis-progress--L1-真实训练分析-compare-两帧进度与持久化结果-chromium/video.webm
    ────────────────────────────────────────────────────────────────────────────────────────────────

    Error Context: ../../test-results/l1-training-analysis-progress--L1-真实训练分析-compare-两帧进度与持久化结果-chromium/error-context.md

    attachment #4: trace (application/zip) ─────────────────────────────────────────────────────────
    ../../test-results/l1-training-analysis-progress--L1-真实训练分析-compare-两帧进度与持久化结果-chromium/trace.zip
    Usage:

        npx playwright show-trace ../../test-results/l1-training-analysis-progress--L1-真实训练分析-compare-两帧进度与持久化结果-chromium/trace.zip

    ────────────────────────────────────────────────────────────────────────────────────────────────
]]>
</failure>
</testcase>
</testsuite>
<testsuite name="l1/training-batch-experiment.spec.ts" timestamp="2026-09-23T14:08:40.834Z" hostname="chromium" tests="1" failures="0" skipped="0" time="14.336" errors="0">
<testcase name="@L1 批量训练实验服务闭环" classname="l1/training-batch-experiment.spec.ts" time="14.336">
</testcase>
</testsuite>
<testsuite name="l1/training-compare.spec.ts" timestamp="2026-09-23T14:08:40.834Z" hostname="chromium" tests="1" failures="0" skipped="0" time="85.626" errors="0">
<testcase name="@L1 训练多硬件性能对比" classname="l1/training-compare.spec.ts" time="85.626">
</testcase>
</testsuite>
<testsuite name="l1/training-hardware-search.spec.ts" timestamp="2026-09-23T14:08:40.834Z" hostname="chromium" tests="1" failures="0" skipped="0" time="23.955" errors="0">
<testcase name="@L1 训练硬件寻优" classname="l1/training-hardware-search.spec.ts" time="23.955">
</testcase>
</testsuite>
<testsuite name="l1/training-operator.spec.ts" timestamp="2026-09-23T14:08:40.834Z" hostname="chromium" tests="1" failures="0" skipped="0" time="9.184" errors="0">
<testcase name="@L1 训练算子性能评估" classname="l1/training-operator.spec.ts" time="9.184">
</testcase>
</testsuite>
<testsuite name="l1/training-strategy-search.spec.ts" timestamp="2026-09-23T14:08:40.834Z" hostname="chromium" tests="1" failures="0" skipped="0" time="15" errors="0">
<testcase name="@L1 训练策略自动寻优" classname="l1/training-strategy-search.spec.ts" time="15">
</testcase>
</testsuite>
<testsuite name="l1/training-task-progress.spec.ts" timestamp="2026-09-23T14:08:40.834Z" hostname="chromium" tests="2" failures="2" skipped="0" time="0.273" errors="0">
<testcase name="@L1 训练strategy真实任务进度与结果" classname="l1/training-task-progress.spec.ts" time="0.122">
<system-out>
<![CDATA[
[[ATTACHMENT|../test-results/l1-training-task-progress--L1-训练strategy真实任务进度与结果-chromium/test-failed-1.png]]

[[ATTACHMENT|../test-results/l1-training-task-progress--L1-训练strategy真实任务进度与结果-chromium/video.webm]]

[[ATTACHMENT|../test-results/l1-training-task-progress--L1-训练strategy真实任务进度与结果-chromium/error-context.md]]

[[ATTACHMENT|../test-results/l1-training-task-progress--L1-训练strategy真实任务进度与结果-chromium/trace.zip]]
]]>
</system-out>
<failure message="{&quot;detail&quot;:&quot;用户信息不完整&quot;,&quot;missing_fields&quot;:[&quot;username&quot;,&quot;l3Dept&quot;],&quot;redirect_url&quot;:&quot;&quot;}" type="expect.toBe">
<![CDATA[  [chromium] › l1/training-task-progress.spec.ts:45:3 › @L1 训练strategy真实任务进度与结果 ────────────────────

    Error: {"detail":"用户信息不完整","missing_fields":["username","l3Dept"],"redirect_url":""}

    expect(received).toBe(expected) // Object.is equality

    Expected: 202
    Received: 401

      72 |       headers, data: body,
      73 |     })
    > 74 |     expect(response.status(), await response.text()).toBe(202)
         |                                                      ^
      75 |     const job = await response.json()
      76 |     try {
      77 |       await page.goto(`/zrt-sim/train/optimize/${kind}?task_id=${job.task_id}&run_id=${job.run_id}`)
        at /home/administrator/actions-runner/_work/zrt-sim-ui/zrt-sim-ui/e2e/specs/l1/training-task-progress.spec.ts:74:54

    attachment #1: screenshot (image/png) ──────────────────────────────────────────────────────────
    ../../test-results/l1-training-task-progress--L1-训练strategy真实任务进度与结果-chromium/test-failed-1.png
    ────────────────────────────────────────────────────────────────────────────────────────────────

    attachment #2: video (video/webm) ──────────────────────────────────────────────────────────────
    ../../test-results/l1-training-task-progress--L1-训练strategy真实任务进度与结果-chromium/video.webm
    ────────────────────────────────────────────────────────────────────────────────────────────────

    Error Context: ../../test-results/l1-training-task-progress--L1-训练strategy真实任务进度与结果-chromium/error-context.md

    attachment #4: trace (application/zip) ─────────────────────────────────────────────────────────
    ../../test-results/l1-training-task-progress--L1-训练strategy真实任务进度与结果-chromium/trace.zip
    Usage:

        npx playwright show-trace ../../test-results/l1-training-task-progress--L1-训练strategy真实任务进度与结果-chromium/trace.zip

    ────────────────────────────────────────────────────────────────────────────────────────────────
]]>
</failure>
</testcase>
<testcase name="@L1 训练hardware真实任务进度与结果" classname="l1/training-task-progress.spec.ts" time="0.151">
<system-out>
<![CDATA[
[[ATTACHMENT|../test-results/l1-training-task-progress--L1-训练hardware真实任务进度与结果-chromium/test-failed-1.png]]

[[ATTACHMENT|../test-results/l1-training-task-progress--L1-训练hardware真实任务进度与结果-chromium/video.webm]]

[[ATTACHMENT|../test-results/l1-training-task-progress--L1-训练hardware真实任务进度与结果-chromium/error-context.md]]

[[ATTACHMENT|../test-results/l1-training-task-progress--L1-训练hardware真实任务进度与结果-chromium/trace.zip]]
]]>
</system-out>
<failure message="expect(received).toBe(expected) // Object.is equality" type="expect.toBe">
<![CDATA[  [chromium] › l1/training-task-progress.spec.ts:45:3 › @L1 训练hardware真实任务进度与结果 ────────────────────

    Error: expect(received).toBe(expected) // Object.is equality

    Expected: true
    Received: false

      59 |       body.max_memory_gb = 1024
      60 |       const response = await page.request.get(`${backend}/api/assets/hardwares?domain=train`, { headers })
    > 61 |       expect(response.ok()).toBe(true)
         |                             ^
      62 |       const hardware = (await response.json()).find((row: any) => row.chip_name === 'H100')
      63 |       expect(hardware).toBeTruthy()
      64 |       // Inline hardware snapshots keep the test at eight devices, independent of catalog superpod limits.
        at /home/administrator/actions-runner/_work/zrt-sim-ui/zrt-sim-ui/e2e/specs/l1/training-task-progress.spec.ts:61:29

    attachment #1: screenshot (image/png) ──────────────────────────────────────────────────────────
    ../../test-results/l1-training-task-progress--L1-训练hardware真实任务进度与结果-chromium/test-failed-1.png
    ────────────────────────────────────────────────────────────────────────────────────────────────

    attachment #2: video (video/webm) ──────────────────────────────────────────────────────────────
    ../../test-results/l1-training-task-progress--L1-训练hardware真实任务进度与结果-chromium/video.webm
    ────────────────────────────────────────────────────────────────────────────────────────────────

    Error Context: ../../test-results/l1-training-task-progress--L1-训练hardware真实任务进度与结果-chromium/error-context.md

    attachment #4: trace (application/zip) ─────────────────────────────────────────────────────────
    ../../test-results/l1-training-task-progress--L1-训练hardware真实任务进度与结果-chromium/trace.zip
    Usage:

        npx playwright show-trace ../../test-results/l1-training-task-progress--L1-训练hardware真实任务进度与结果-chromium/trace.zip

    ────────────────────────────────────────────────────────────────────────────────────────────────
]]>
</failure>
</testcase>
</testsuite>
<testsuite name="l1/user-calibration.spec.ts" timestamp="2026-09-23T14:08:40.834Z" hostname="chromium" tests="11" failures="8" skipped="0" time="59.57" errors="3">
<testcase name="@L1 Profiling构建候选提交、刷新恢复与诊断报告" classname="l1/user-calibration.spec.ts" time="0.191">
<system-out>
<![CDATA[
[[ATTACHMENT|../test-results/l1-user-calibration--L1-Profiling构建候选提交、刷新恢复与诊断报告-chromium/test-failed-1.png]]

[[ATTACHMENT|../test-results/l1-user-calibration--L1-Profiling构建候选提交、刷新恢复与诊断报告-chromium/video.webm]]

[[ATTACHMENT|../test-results/l1-user-calibration--L1-Profiling构建候选提交、刷新恢复与诊断报告-chromium/error-context.md]]

[[ATTACHMENT|../test-results/l1-user-calibration--L1-Profiling构建候选提交、刷新恢复与诊断报告-chromium/trace.zip]]
]]>
</system-out>
<failure message="{&quot;detail&quot;:&quot;用户信息不完整&quot;,&quot;missing_fields&quot;:[&quot;username&quot;,&quot;l3Dept&quot;],&quot;redirect_url&quot;:&quot;&quot;}" type="expect.toBe">
<![CDATA[  [chromium] › l1/user-calibration.spec.ts:124:1 › @L1 Profiling构建候选提交、刷新恢复与诊断报告 ───────────────────

    Error: {"detail":"用户信息不完整","missing_fields":["username","l3Dept"],"redirect_url":""}

    expect(received).toBe(expected) // Object.is equality

    Expected: true
    Received: false

      49 |     headers: { 'x-user-account': owner.account },
      50 |   })
    > 51 |   expect(response.ok(), await response.text()).toBe(true)
         |                                                ^
      52 |   const asset = await response.json()
      53 |   const spec = asset.model_spec_json
      54 |   const modelJson = {
        at prepareCandidateSource (/home/administrator/actions-runner/_work/zrt-sim-ui/zrt-sim-ui/e2e/specs/l1/user-calibration.spec.ts:51:48)
        at /home/administrator/actions-runner/_work/zrt-sim-ui/zrt-sim-ui/e2e/specs/l1/user-calibration.spec.ts:128:50

    attachment #1: screenshot (image/png) ──────────────────────────────────────────────────────────
    ../../test-results/l1-user-calibration--L1-Profiling构建候选提交、刷新恢复与诊断报告-chromium/test-failed-1.png
    ────────────────────────────────────────────────────────────────────────────────────────────────

    attachment #2: video (video/webm) ──────────────────────────────────────────────────────────────
    ../../test-results/l1-user-calibration--L1-Profiling构建候选提交、刷新恢复与诊断报告-chromium/video.webm
    ────────────────────────────────────────────────────────────────────────────────────────────────

    Error Context: ../../test-results/l1-user-calibration--L1-Profiling构建候选提交、刷新恢复与诊断报告-chromium/error-context.md

    attachment #4: trace (application/zip) ─────────────────────────────────────────────────────────
    ../../test-results/l1-user-calibration--L1-Profiling构建候选提交、刷新恢复与诊断报告-chromium/trace.zip
    Usage:

        npx playwright show-trace ../../test-results/l1-user-calibration--L1-Profiling构建候选提交、刷新恢复与诊断报告-chromium/trace.zip

    ────────────────────────────────────────────────────────────────────────────────────────────────
]]>
</failure>
</testcase>
<testcase name="@L1 Profiling构建候选期间修改批次使旧运行失效" classname="l1/user-calibration.spec.ts" time="0.185">
<system-out>
<![CDATA[
[[ATTACHMENT|../test-results/l1-user-calibration--L1-Profiling构建候选期间修改批次使旧运行失效-chromium/test-failed-1.png]]

[[ATTACHMENT|../test-results/l1-user-calibration--L1-Profiling构建候选期间修改批次使旧运行失效-chromium/video.webm]]

[[ATTACHMENT|../test-results/l1-user-calibration--L1-Profiling构建候选期间修改批次使旧运行失效-chromium/error-context.md]]

[[ATTACHMENT|../test-results/l1-user-calibration--L1-Profiling构建候选期间修改批次使旧运行失效-chromium/trace.zip]]
]]>
</system-out>
<failure message="{&quot;detail&quot;:&quot;用户信息不完整&quot;,&quot;missing_fields&quot;:[&quot;username&quot;,&quot;l3Dept&quot;],&quot;redirect_url&quot;:&quot;&quot;}" type="expect.toBe">
<![CDATA[  [chromium] › l1/user-calibration.spec.ts:165:1 › @L1 Profiling构建候选期间修改批次使旧运行失效 ───────────────────

    Error: {"detail":"用户信息不完整","missing_fields":["username","l3Dept"],"redirect_url":""}

    expect(received).toBe(expected) // Object.is equality

    Expected: true
    Received: false

      33 |       spec_json: { ...spec, name, label: name } },
      34 |   })
    > 35 |   expect(created.ok(), await created.text()).toBe(true)
         |                                              ^
      36 |   return name
      37 | }
      38 |
        at prepareCandidateHardware (/home/administrator/actions-runner/_work/zrt-sim-ui/zrt-sim-ui/e2e/specs/l1/user-calibration.spec.ts:35:46)
        at prepareCandidateSource (/home/administrator/actions-runner/_work/zrt-sim-ui/zrt-sim-ui/e2e/specs/l1/user-calibration.spec.ts:44:67)
        at /home/administrator/actions-runner/_work/zrt-sim-ui/zrt-sim-ui/e2e/specs/l1/user-calibration.spec.ts:168:50

    attachment #1: screenshot (image/png) ──────────────────────────────────────────────────────────
    ../../test-results/l1-user-calibration--L1-Profiling构建候选期间修改批次使旧运行失效-chromium/test-failed-1.png
    ────────────────────────────────────────────────────────────────────────────────────────────────

    attachment #2: video (video/webm) ──────────────────────────────────────────────────────────────
    ../../test-results/l1-user-calibration--L1-Profiling构建候选期间修改批次使旧运行失效-chromium/video.webm
    ────────────────────────────────────────────────────────────────────────────────────────────────

    Error Context: ../../test-results/l1-user-calibration--L1-Profiling构建候选期间修改批次使旧运行失效-chromium/error-context.md

    attachment #4: trace (application/zip) ─────────────────────────────────────────────────────────
    ../../test-results/l1-user-calibration--L1-Profiling构建候选期间修改批次使旧运行失效-chromium/trace.zip
    Usage:

        npx playwright show-trace ../../test-results/l1-user-calibration--L1-Profiling构建候选期间修改批次使旧运行失效-chromium/trace.zip

    ────────────────────────────────────────────────────────────────────────────────────────────────
]]>
</failure>
</testcase>
<testcase name="@L1 Profiling构建候选显式终止后回到草稿" classname="l1/user-calibration.spec.ts" time="0.183">
<system-out>
<![CDATA[
[[ATTACHMENT|../test-results/l1-user-calibration--L1-Profiling构建候选显式终止后回到草稿-chromium/test-failed-1.png]]

[[ATTACHMENT|../test-results/l1-user-calibration--L1-Profiling构建候选显式终止后回到草稿-chromium/video.webm]]

[[ATTACHMENT|../test-results/l1-user-calibration--L1-Profiling构建候选显式终止后回到草稿-chromium/error-context.md]]

[[ATTACHMENT|../test-results/l1-user-calibration--L1-Profiling构建候选显式终止后回到草稿-chromium/trace.zip]]
]]>
</system-out>
<failure message="{&quot;detail&quot;:&quot;用户信息不完整&quot;,&quot;missing_fields&quot;:[&quot;username&quot;,&quot;l3Dept&quot;],&quot;redirect_url&quot;:&quot;&quot;}" type="expect.toBe">
<![CDATA[  [chromium] › l1/user-calibration.spec.ts:209:1 › @L1 Profiling构建候选显式终止后回到草稿 ──────────────────────

    Error: {"detail":"用户信息不完整","missing_fields":["username","l3Dept"],"redirect_url":""}

    expect(received).toBe(expected) // Object.is equality

    Expected: true
    Received: false

      33 |       spec_json: { ...spec, name, label: name } },
      34 |   })
    > 35 |   expect(created.ok(), await created.text()).toBe(true)
         |                                              ^
      36 |   return name
      37 | }
      38 |
        at prepareCandidateHardware (/home/administrator/actions-runner/_work/zrt-sim-ui/zrt-sim-ui/e2e/specs/l1/user-calibration.spec.ts:35:46)
        at prepareCandidateSource (/home/administrator/actions-runner/_work/zrt-sim-ui/zrt-sim-ui/e2e/specs/l1/user-calibration.spec.ts:44:67)
        at /home/administrator/actions-runner/_work/zrt-sim-ui/zrt-sim-ui/e2e/specs/l1/user-calibration.spec.ts:212:36

    attachment #1: screenshot (image/png) ──────────────────────────────────────────────────────────
    ../../test-results/l1-user-calibration--L1-Profiling构建候选显式终止后回到草稿-chromium/test-failed-1.png
    ────────────────────────────────────────────────────────────────────────────────────────────────

    attachment #2: video (video/webm) ──────────────────────────────────────────────────────────────
    ../../test-results/l1-user-calibration--L1-Profiling构建候选显式终止后回到草稿-chromium/video.webm
    ────────────────────────────────────────────────────────────────────────────────────────────────

    Error Context: ../../test-results/l1-user-calibration--L1-Profiling构建候选显式终止后回到草稿-chromium/error-context.md

    attachment #4: trace (application/zip) ─────────────────────────────────────────────────────────
    ../../test-results/l1-user-calibration--L1-Profiling构建候选显式终止后回到草稿-chromium/trace.zip
    Usage:

        npx playwright show-trace ../../test-results/l1-user-calibration--L1-Profiling构建候选显式终止后回到草稿-chromium/trace.zip

    ────────────────────────────────────────────────────────────────────────────────────────────────
]]>
</failure>
</testcase>
<testcase name="@L1 Profiling终止重载完成前不允许重试并保留新运行终止能力" classname="l1/user-calibration.spec.ts" time="0.192">
<system-out>
<![CDATA[
[[ATTACHMENT|../test-results/l1-user-calibration--L1-Profiling终止重载完成前不允许重试并保留新运行终止能力-chromium/test-failed-1.png]]

[[ATTACHMENT|../test-results/l1-user-calibration--L1-Profiling终止重载完成前不允许重试并保留新运行终止能力-chromium/video.webm]]

[[ATTACHMENT|../test-results/l1-user-calibration--L1-Profiling终止重载完成前不允许重试并保留新运行终止能力-chromium/error-context.md]]

[[ATTACHMENT|../test-results/l1-user-calibration--L1-Profiling终止重载完成前不允许重试并保留新运行终止能力-chromium/trace.zip]]
]]>
</system-out>
<failure message="{&quot;detail&quot;:&quot;用户信息不完整&quot;,&quot;missing_fields&quot;:[&quot;username&quot;,&quot;l3Dept&quot;],&quot;redirect_url&quot;:&quot;&quot;}" type="expect.toBe">
<![CDATA[  [chromium] › l1/user-calibration.spec.ts:253:1 › @L1 Profiling终止重载完成前不允许重试并保留新运行终止能力 ─────────────

    Error: {"detail":"用户信息不完整","missing_fields":["username","l3Dept"],"redirect_url":""}

    expect(received).toBe(expected) // Object.is equality

    Expected: true
    Received: false

      33 |       spec_json: { ...spec, name, label: name } },
      34 |   })
    > 35 |   expect(created.ok(), await created.text()).toBe(true)
         |                                              ^
      36 |   return name
      37 | }
      38 |
        at prepareCandidateHardware (/home/administrator/actions-runner/_work/zrt-sim-ui/zrt-sim-ui/e2e/specs/l1/user-calibration.spec.ts:35:46)
        at prepareCandidateSource (/home/administrator/actions-runner/_work/zrt-sim-ui/zrt-sim-ui/e2e/specs/l1/user-calibration.spec.ts:44:67)
        at /home/administrator/actions-runner/_work/zrt-sim-ui/zrt-sim-ui/e2e/specs/l1/user-calibration.spec.ts:255:36

    attachment #1: screenshot (image/png) ──────────────────────────────────────────────────────────
    ../../test-results/l1-user-calibration--L1-Profiling终止重载完成前不允许重试并保留新运行终止能力-chromium/test-failed-1.png
    ────────────────────────────────────────────────────────────────────────────────────────────────

    attachment #2: video (video/webm) ──────────────────────────────────────────────────────────────
    ../../test-results/l1-user-calibration--L1-Profiling终止重载完成前不允许重试并保留新运行终止能力-chromium/video.webm
    ────────────────────────────────────────────────────────────────────────────────────────────────

    Error Context: ../../test-results/l1-user-calibration--L1-Profiling终止重载完成前不允许重试并保留新运行终止能力-chromium/error-context.md

    attachment #4: trace (application/zip) ─────────────────────────────────────────────────────────
    ../../test-results/l1-user-calibration--L1-Profiling终止重载完成前不允许重试并保留新运行终止能力-chromium/trace.zip
    Usage:

        npx playwright show-trace ../../test-results/l1-user-calibration--L1-Profiling终止重载完成前不允许重试并保留新运行终止能力-chromium/trace.zip

    ────────────────────────────────────────────────────────────────────────────────────────────────
]]>
</failure>
</testcase>
<testcase name="@L1 Profiling构建候选同页关闭重开从服务器恢复" classname="l1/user-calibration.spec.ts" time="0.186">
<system-out>
<![CDATA[
[[ATTACHMENT|../test-results/l1-user-calibration--L1-Profiling构建候选同页关闭重开从服务器恢复-chromium/test-failed-1.png]]

[[ATTACHMENT|../test-results/l1-user-calibration--L1-Profiling构建候选同页关闭重开从服务器恢复-chromium/video.webm]]

[[ATTACHMENT|../test-results/l1-user-calibration--L1-Profiling构建候选同页关闭重开从服务器恢复-chromium/error-context.md]]

[[ATTACHMENT|../test-results/l1-user-calibration--L1-Profiling构建候选同页关闭重开从服务器恢复-chromium/trace.zip]]
]]>
</system-out>
<failure message="{&quot;detail&quot;:&quot;用户信息不完整&quot;,&quot;missing_fields&quot;:[&quot;username&quot;,&quot;l3Dept&quot;],&quot;redirect_url&quot;:&quot;&quot;}" type="expect.toBe">
<![CDATA[  [chromium] › l1/user-calibration.spec.ts:285:1 › @L1 Profiling构建候选同页关闭重开从服务器恢复 ───────────────────

    Error: {"detail":"用户信息不完整","missing_fields":["username","l3Dept"],"redirect_url":""}

    expect(received).toBe(expected) // Object.is equality

    Expected: true
    Received: false

      33 |       spec_json: { ...spec, name, label: name } },
      34 |   })
    > 35 |   expect(created.ok(), await created.text()).toBe(true)
         |                                              ^
      36 |   return name
      37 | }
      38 |
        at prepareCandidateHardware (/home/administrator/actions-runner/_work/zrt-sim-ui/zrt-sim-ui/e2e/specs/l1/user-calibration.spec.ts:35:46)
        at prepareCandidateSource (/home/administrator/actions-runner/_work/zrt-sim-ui/zrt-sim-ui/e2e/specs/l1/user-calibration.spec.ts:44:67)
        at /home/administrator/actions-runner/_work/zrt-sim-ui/zrt-sim-ui/e2e/specs/l1/user-calibration.spec.ts:287:36

    attachment #1: screenshot (image/png) ──────────────────────────────────────────────────────────
    ../../test-results/l1-user-calibration--L1-Profiling构建候选同页关闭重开从服务器恢复-chromium/test-failed-1.png
    ────────────────────────────────────────────────────────────────────────────────────────────────

    attachment #2: video (video/webm) ──────────────────────────────────────────────────────────────
    ../../test-results/l1-user-calibration--L1-Profiling构建候选同页关闭重开从服务器恢复-chromium/video.webm
    ────────────────────────────────────────────────────────────────────────────────────────────────

    Error Context: ../../test-results/l1-user-calibration--L1-Profiling构建候选同页关闭重开从服务器恢复-chromium/error-context.md

    attachment #4: trace (application/zip) ─────────────────────────────────────────────────────────
    ../../test-results/l1-user-calibration--L1-Profiling构建候选同页关闭重开从服务器恢复-chromium/trace.zip
    Usage:

        npx playwright show-trace ../../test-results/l1-user-calibration--L1-Profiling构建候选同页关闭重开从服务器恢复-chromium/trace.zip

    ────────────────────────────────────────────────────────────────────────────────────────────────
]]>
</failure>
</testcase>
<testcase name="@L1 Profiling迟到打开版本响应不覆盖较新的构建候选" classname="l1/user-calibration.spec.ts" time="0.18">
<system-out>
<![CDATA[
[[ATTACHMENT|../test-results/l1-user-calibration--L1-Profiling迟到打开版本响应不覆盖较新的构建候选-chromium/test-failed-1.png]]

[[ATTACHMENT|../test-results/l1-user-calibration--L1-Profiling迟到打开版本响应不覆盖较新的构建候选-chromium/video.webm]]

[[ATTACHMENT|../test-results/l1-user-calibration--L1-Profiling迟到打开版本响应不覆盖较新的构建候选-chromium/error-context.md]]

[[ATTACHMENT|../test-results/l1-user-calibration--L1-Profiling迟到打开版本响应不覆盖较新的构建候选-chromium/trace.zip]]
]]>
</system-out>
<failure message="{&quot;detail&quot;:&quot;用户信息不完整&quot;,&quot;missing_fields&quot;:[&quot;username&quot;,&quot;l3Dept&quot;],&quot;redirect_url&quot;:&quot;&quot;}" type="expect.toBe">
<![CDATA[  [chromium] › l1/user-calibration.spec.ts:303:1 › @L1 Profiling迟到打开版本响应不覆盖较新的构建候选 ─────────────────

    Error: {"detail":"用户信息不完整","missing_fields":["username","l3Dept"],"redirect_url":""}

    expect(received).toBe(expected) // Object.is equality

    Expected: true
    Received: false

      33 |       spec_json: { ...spec, name, label: name } },
      34 |   })
    > 35 |   expect(created.ok(), await created.text()).toBe(true)
         |                                              ^
      36 |   return name
      37 | }
      38 |
        at prepareCandidateHardware (/home/administrator/actions-runner/_work/zrt-sim-ui/zrt-sim-ui/e2e/specs/l1/user-calibration.spec.ts:35:46)
        at prepareCandidateSource (/home/administrator/actions-runner/_work/zrt-sim-ui/zrt-sim-ui/e2e/specs/l1/user-calibration.spec.ts:44:67)
        at /home/administrator/actions-runner/_work/zrt-sim-ui/zrt-sim-ui/e2e/specs/l1/user-calibration.spec.ts:305:36

    attachment #1: screenshot (image/png) ──────────────────────────────────────────────────────────
    ../../test-results/l1-user-calibration--L1-Profiling迟到打开版本响应不覆盖较新的构建候选-chromium/test-failed-1.png
    ────────────────────────────────────────────────────────────────────────────────────────────────

    attachment #2: video (video/webm) ──────────────────────────────────────────────────────────────
    ../../test-results/l1-user-calibration--L1-Profiling迟到打开版本响应不覆盖较新的构建候选-chromium/video.webm
    ────────────────────────────────────────────────────────────────────────────────────────────────

    Error Context: ../../test-results/l1-user-calibration--L1-Profiling迟到打开版本响应不覆盖较新的构建候选-chromium/error-context.md

    attachment #4: trace (application/zip) ─────────────────────────────────────────────────────────
    ../../test-results/l1-user-calibration--L1-Profiling迟到打开版本响应不覆盖较新的构建候选-chromium/trace.zip
    Usage:

        npx playwright show-trace ../../test-results/l1-user-calibration--L1-Profiling迟到打开版本响应不覆盖较新的构建候选-chromium/trace.zip

    ────────────────────────────────────────────────────────────────────────────────────────────────
]]>
</failure>
</testcase>
<testcase name="@L1 Profiling批次迟到错误不污染同版本或另一版本重开" classname="l1/user-calibration.spec.ts" time="17.242">
<system-out>
<![CDATA[
[[ATTACHMENT|../test-results/l1-user-calibration--L1-Profiling批次迟到错误不污染同版本或另一版本重开-chromium/test-failed-1.png]]

[[ATTACHMENT|../test-results/l1-user-calibration--L1-Profiling批次迟到错误不污染同版本或另一版本重开-chromium/video.webm]]

[[ATTACHMENT|../test-results/l1-user-calibration--L1-Profiling批次迟到错误不污染同版本或另一版本重开-chromium/error-context.md]]

[[ATTACHMENT|../test-results/l1-user-calibration--L1-Profiling批次迟到错误不污染同版本或另一版本重开-chromium/trace.zip]]
]]>
</system-out>
<error message="locator.click: Timeout 15000ms exceeded." type="TimeoutError">
<![CDATA[  [chromium] › l1/user-calibration.spec.ts:332:1 › @L1 Profiling批次迟到错误不污染同版本或另一版本重开 ────────────────

    TimeoutError: locator.click: Timeout 15000ms exceeded.
    Call log:
      - waiting for getByTestId('calibration-create-open')


      74 | async function openCandidateDraft(page: Page, catalogs: TestFixtures['catalogs'], hardwareName: string, name: string) {
      75 |   await page.goto('/zrt-sim/calibration')
    > 76 |   await page.getByTestId('calibration-create-open').click()
         |                                                     ^
      77 |   await page.getByRole('button', { name: /导入 Profiling/ }).click()
      78 |   await page.getByTestId('calibration-version-name').fill(name)
      79 |   await page.getByTestId('calibration-version-hardware').fill(hardwareName)
        at openCandidateDraft (/home/administrator/actions-runner/_work/zrt-sim-ui/zrt-sim-ui/e2e/specs/l1/user-calibration.spec.ts:76:53)
        at /home/administrator/actions-runner/_work/zrt-sim-ui/zrt-sim-ui/e2e/specs/l1/user-calibration.spec.ts:335:16

    attachment #1: screenshot (image/png) ──────────────────────────────────────────────────────────
    ../../test-results/l1-user-calibration--L1-Profiling批次迟到错误不污染同版本或另一版本重开-chromium/test-failed-1.png
    ────────────────────────────────────────────────────────────────────────────────────────────────

    attachment #2: video (video/webm) ──────────────────────────────────────────────────────────────
    ../../test-results/l1-user-calibration--L1-Profiling批次迟到错误不污染同版本或另一版本重开-chromium/video.webm
    ────────────────────────────────────────────────────────────────────────────────────────────────

    Error Context: ../../test-results/l1-user-calibration--L1-Profiling批次迟到错误不污染同版本或另一版本重开-chromium/error-context.md

    attachment #4: trace (application/zip) ─────────────────────────────────────────────────────────
    ../../test-results/l1-user-calibration--L1-Profiling批次迟到错误不污染同版本或另一版本重开-chromium/trace.zip
    Usage:

        npx playwright show-trace ../../test-results/l1-user-calibration--L1-Profiling批次迟到错误不污染同版本或另一版本重开-chromium/trace.zip

    ────────────────────────────────────────────────────────────────────────────────────────────────
]]>
</error>
</testcase>
<testcase name="@L1 Profiling追加导入迟到成功不关闭重开的弹窗" classname="l1/user-calibration.spec.ts" time="17.167">
<system-out>
<![CDATA[
[[ATTACHMENT|../test-results/l1-user-calibration--L1-Profiling追加导入迟到成功不关闭重开的弹窗-chromium/test-failed-1.png]]

[[ATTACHMENT|../test-results/l1-user-calibration--L1-Profiling追加导入迟到成功不关闭重开的弹窗-chromium/video.webm]]

[[ATTACHMENT|../test-results/l1-user-calibration--L1-Profiling追加导入迟到成功不关闭重开的弹窗-chromium/error-context.md]]

[[ATTACHMENT|../test-results/l1-user-calibration--L1-Profiling追加导入迟到成功不关闭重开的弹窗-chromium/trace.zip]]
]]>
</system-out>
<error message="locator.click: Timeout 15000ms exceeded." type="TimeoutError">
<![CDATA[  [chromium] › l1/user-calibration.spec.ts:371:1 › @L1 Profiling追加导入迟到成功不关闭重开的弹窗 ───────────────────

    TimeoutError: locator.click: Timeout 15000ms exceeded.
    Call log:
      - waiting for getByTestId('calibration-create-open')


      74 | async function openCandidateDraft(page: Page, catalogs: TestFixtures['catalogs'], hardwareName: string, name: string) {
      75 |   await page.goto('/zrt-sim/calibration')
    > 76 |   await page.getByTestId('calibration-create-open').click()
         |                                                     ^
      77 |   await page.getByRole('button', { name: /导入 Profiling/ }).click()
      78 |   await page.getByTestId('calibration-version-name').fill(name)
      79 |   await page.getByTestId('calibration-version-hardware').fill(hardwareName)
        at openCandidateDraft (/home/administrator/actions-runner/_work/zrt-sim-ui/zrt-sim-ui/e2e/specs/l1/user-calibration.spec.ts:76:53)
        at /home/administrator/actions-runner/_work/zrt-sim-ui/zrt-sim-ui/e2e/specs/l1/user-calibration.spec.ts:373:3

    attachment #1: screenshot (image/png) ──────────────────────────────────────────────────────────
    ../../test-results/l1-user-calibration--L1-Profiling追加导入迟到成功不关闭重开的弹窗-chromium/test-failed-1.png
    ────────────────────────────────────────────────────────────────────────────────────────────────

    attachment #2: video (video/webm) ──────────────────────────────────────────────────────────────
    ../../test-results/l1-user-calibration--L1-Profiling追加导入迟到成功不关闭重开的弹窗-chromium/video.webm
    ────────────────────────────────────────────────────────────────────────────────────────────────

    Error Context: ../../test-results/l1-user-calibration--L1-Profiling追加导入迟到成功不关闭重开的弹窗-chromium/error-context.md

    attachment #4: trace (application/zip) ─────────────────────────────────────────────────────────
    ../../test-results/l1-user-calibration--L1-Profiling追加导入迟到成功不关闭重开的弹窗-chromium/trace.zip
    Usage:

        npx playwright show-trace ../../test-results/l1-user-calibration--L1-Profiling追加导入迟到成功不关闭重开的弹窗-chromium/trace.zip

    ────────────────────────────────────────────────────────────────────────────────────────────────
]]>
</error>
</testcase>
<testcase name="@L1 用户 Profiling CSV 私有批次导入与移除" classname="l1/user-calibration.spec.ts" time="17.139">
<system-out>
<![CDATA[
[[ATTACHMENT|../test-results/l1-user-calibration--L1-用户-Profiling-CSV-私有批次导入与移除-chromium/test-failed-1.png]]

[[ATTACHMENT|../test-results/l1-user-calibration--L1-用户-Profiling-CSV-私有批次导入与移除-chromium/video.webm]]

[[ATTACHMENT|../test-results/l1-user-calibration--L1-用户-Profiling-CSV-私有批次导入与移除-chromium/error-context.md]]

[[ATTACHMENT|../test-results/l1-user-calibration--L1-用户-Profiling-CSV-私有批次导入与移除-chromium/trace.zip]]
]]>
</system-out>
<error message="locator.click: Timeout 15000ms exceeded." type="TimeoutError">
<![CDATA[  [chromium] › l1/user-calibration.spec.ts:400:1 › @L1 用户 Profiling CSV 私有批次导入与移除 ──────────────────

    TimeoutError: locator.click: Timeout 15000ms exceeded.
    Call log:
      - waiting for getByTestId('calibration-create-open')


      407 |
      408 |   await page.goto('/zrt-sim/calibration')
    > 409 |   await page.getByTestId('calibration-create-open').click()
          |                                                     ^
      410 |   await page.getByRole('button', { name: /导入 Profiling/ }).click()
      411 |   await page.getByTestId('calibration-version-name').fill(versionName)
      412 |   await page.getByTestId('calibration-version-hardware').fill(catalogs.train.hardwareName)
        at /home/administrator/actions-runner/_work/zrt-sim-ui/zrt-sim-ui/e2e/specs/l1/user-calibration.spec.ts:409:53

    attachment #1: screenshot (image/png) ──────────────────────────────────────────────────────────
    ../../test-results/l1-user-calibration--L1-用户-Profiling-CSV-私有批次导入与移除-chromium/test-failed-1.png
    ────────────────────────────────────────────────────────────────────────────────────────────────

    attachment #2: video (video/webm) ──────────────────────────────────────────────────────────────
    ../../test-results/l1-user-calibration--L1-用户-Profiling-CSV-私有批次导入与移除-chromium/video.webm
    ────────────────────────────────────────────────────────────────────────────────────────────────

    Error Context: ../../test-results/l1-user-calibration--L1-用户-Profiling-CSV-私有批次导入与移除-chromium/error-context.md

    attachment #4: trace (application/zip) ─────────────────────────────────────────────────────────
    ../../test-results/l1-user-calibration--L1-用户-Profiling-CSV-私有批次导入与移除-chromium/trace.zip
    Usage:

        npx playwright show-trace ../../test-results/l1-user-calibration--L1-用户-Profiling-CSV-私有批次导入与移除-chromium/trace.zip

    ────────────────────────────────────────────────────────────────────────────────────────────────
]]>
</error>
</testcase>
<testcase name="@L1 旧草稿拟合响应不能污染新草稿报告" classname="l1/user-calibration.spec.ts" time="0.165">
<system-out>
<![CDATA[
[[ATTACHMENT|../test-results/l1-user-calibration--L1-旧草稿拟合响应不能污染新草稿报告-chromium/test-failed-1.png]]

[[ATTACHMENT|../test-results/l1-user-calibration--L1-旧草稿拟合响应不能污染新草稿报告-chromium/video.webm]]

[[ATTACHMENT|../test-results/l1-user-calibration--L1-旧草稿拟合响应不能污染新草稿报告-chromium/error-context.md]]

[[ATTACHMENT|../test-results/l1-user-calibration--L1-旧草稿拟合响应不能污染新草稿报告-chromium/trace.zip]]
]]>
</system-out>
<failure message="expect(received).toBeTruthy()" type="expect.toBeTruthy">
<![CDATA[  [chromium] › l1/user-calibration.spec.ts:465:1 › @L1 旧草稿拟合响应不能污染新草稿报告 ────────────────────────────

    Error: expect(received).toBeTruthy()

    Received: false

      482 |       },
      483 |     })
    > 484 |     expect(created.ok()).toBeTruthy()
          |                          ^
      485 |     const id = (await created.json()).id as string
      486 |     const imported = await page.request.post(
      487 |       `${backend}/api/calibrations/versions/${id}/batches?filename=MatMulV3.csv&request_key=capture&revision=1`,
        at createDraft (/home/administrator/actions-runner/_work/zrt-sim-ui/zrt-sim-ui/e2e/specs/l1/user-calibration.spec.ts:484:26)
        at /home/administrator/actions-runner/_work/zrt-sim-ui/zrt-sim-ui/e2e/specs/l1/user-calibration.spec.ts:495:15

    attachment #1: screenshot (image/png) ──────────────────────────────────────────────────────────
    ../../test-results/l1-user-calibration--L1-旧草稿拟合响应不能污染新草稿报告-chromium/test-failed-1.png
    ────────────────────────────────────────────────────────────────────────────────────────────────

    attachment #2: video (video/webm) ──────────────────────────────────────────────────────────────
    ../../test-results/l1-user-calibration--L1-旧草稿拟合响应不能污染新草稿报告-chromium/video.webm
    ────────────────────────────────────────────────────────────────────────────────────────────────

    Error Context: ../../test-results/l1-user-calibration--L1-旧草稿拟合响应不能污染新草稿报告-chromium/error-context.md

    attachment #4: trace (application/zip) ─────────────────────────────────────────────────────────
    ../../test-results/l1-user-calibration--L1-旧草稿拟合响应不能污染新草稿报告-chromium/trace.zip
    Usage:

        npx playwright show-trace ../../test-results/l1-user-calibration--L1-旧草稿拟合响应不能污染新草稿报告-chromium/trace.zip

    ────────────────────────────────────────────────────────────────────────────────────────────────
]]>
</failure>
</testcase>
<testcase name="@L1 用户手工校准工作台闭环" classname="l1/user-calibration.spec.ts" time="6.74">
<system-out>
<![CDATA[
[[ATTACHMENT|../test-results/l1-user-calibration--L1-用户手工校准工作台闭环-chromium/test-failed-1.png]]

[[ATTACHMENT|../test-results/l1-user-calibration--L1-用户手工校准工作台闭环-chromium/video.webm]]

[[ATTACHMENT|../test-results/l1-user-calibration--L1-用户手工校准工作台闭环-chromium/error-context.md]]

[[ATTACHMENT|../test-results/l1-user-calibration--L1-用户手工校准工作台闭环-chromium/trace.zip]]
]]>
</system-out>
<failure message="expect(locator).toBeVisible() failed" type="expect.toBeVisible">
<![CDATA[  [chromium] › l1/user-calibration.spec.ts:525:1 › @L1 用户手工校准工作台闭环 ─────────────────────────────────

    Error: expect(locator).toBeVisible() failed

    Locator: getByRole('heading', { name: '用户精度校准' })
    Expected: visible
    Timeout: 5000ms
    Error: element(s) not found

    Call log:
      - Expect "toBeVisible" with timeout 5000ms
      - waiting for getByRole('heading', { name: '用户精度校准' })


      528 |
      529 |   await page.goto('/zrt-sim/calibration')
    > 530 |   await expect(page.getByRole('heading', { name: '用户精度校准' })).toBeVisible()
          |                                                               ^
      531 |
      532 |   await page.getByTestId('calibration-create-open').click()
      533 |   await page.getByTestId('calibration-version-name').fill(versionName)
        at /home/administrator/actions-runner/_work/zrt-sim-ui/zrt-sim-ui/e2e/specs/l1/user-calibration.spec.ts:530:63

    attachment #1: screenshot (image/png) ──────────────────────────────────────────────────────────
    ../../test-results/l1-user-calibration--L1-用户手工校准工作台闭环-chromium/test-failed-1.png
    ────────────────────────────────────────────────────────────────────────────────────────────────

    attachment #2: video (video/webm) ──────────────────────────────────────────────────────────────
    ../../test-results/l1-user-calibration--L1-用户手工校准工作台闭环-chromium/video.webm
    ────────────────────────────────────────────────────────────────────────────────────────────────

    Error Context: ../../test-results/l1-user-calibration--L1-用户手工校准工作台闭环-chromium/error-context.md

    attachment #4: trace (application/zip) ─────────────────────────────────────────────────────────
    ../../test-results/l1-user-calibration--L1-用户手工校准工作台闭环-chromium/trace.zip
    Usage:

        npx playwright show-trace ../../test-results/l1-user-calibration--L1-用户手工校准工作台闭环-chromium/trace.zip

    ────────────────────────────────────────────────────────────────────────────────────────────────
]]>
</failure>
</testcase>
</testsuite>
</testsuites>