<testsuites id="" name="" tests="119" failures="5" skipped="2" errors="11" time="1039.325892">
<testsuite name="l0/eagle-single-chain.spec.ts" timestamp="2026-09-24T12:38:42.298Z" hostname="chromium" tests="3" failures="0" skipped="0" time="33.312" errors="0">
<testcase name="@L0 eagle decode 提交、算子结果与配置恢复" classname="l0/eagle-single-chain.spec.ts" time="12.878">
</testcase>
<testcase name="@L0 eagle3 decode 提交、算子结果与配置恢复" classname="l0/eagle-single-chain.spec.ts" time="10.163">
</testcase>
<testcase name="@L0 eagle3 prefill 提交、算子结果与配置恢复" classname="l0/eagle-single-chain.spec.ts" time="10.271">
</testcase>
</testsuite>
<testsuite name="l0/home.spec.ts" timestamp="2026-09-24T12:38:42.298Z" hostname="chromium" tests="3" failures="0" skipped="2" time="2.623" errors="0">
<testcase name="@L0 首页与核心入口可达" classname="l0/home.spec.ts" time="2.417">
</testcase>
<testcase name="@L0 显式开启时首页发送受控浏览器采集批次" classname="l0/home.spec.ts">
<properties>
<property name="skip" value="默认关闭浏览器采集">
</property>
</properties>
<skipped>
</skipped>
</testcase>
<testcase name="@L0 真实后端接受首页浏览器采集批次" classname="l0/home.spec.ts">
<properties>
<property name="skip" value="需要配置已启用 observability intake 的真实后端">
</property>
</properties>
<skipped>
</skipped>
</testcase>
</testsuite>
<testsuite name="l0/inference-model.spec.ts" timestamp="2026-09-24T12:38:42.298Z" hostname="chromium" tests="1" failures="0" skipped="0" time="8.576" errors="0">
<testcase name="@L0 推理模型性能评估完整闭环" classname="l0/inference-model.spec.ts" time="8.576">
</testcase>
</testsuite>
<testsuite name="l0/service-availability.spec.ts" timestamp="2026-09-24T12:38:42.298Z" hostname="chromium" tests="1" failures="0" skipped="0" time="2.984" errors="0">
<testcase name="@L0 服务读取链路的浏览器请求全部成功" classname="l0/service-availability.spec.ts" time="2.984">
</testcase>
</testsuite>
<testsuite name="l0/task-history.spec.ts" timestamp="2026-09-24T12:38:42.298Z" hostname="chromium" tests="1" failures="0" skipped="0" time="25.501" errors="0">
<testcase name="@L0 任务管理与历史结果回跳" classname="l0/task-history.spec.ts" time="25.501">
</testcase>
</testsuite>
<testsuite name="l0/training-model-estimate.spec.ts" timestamp="2026-09-24T12:38:42.298Z" hostname="chromium" tests="1" failures="0" skipped="0" time="27.828" errors="0">
<testcase name="@L0 训练模型评估从浏览器提交到报告和任务历史" classname="l0/training-model-estimate.spec.ts" time="27.828">
</testcase>
</testsuite>
<testsuite name="l0/unified-quant-ui.spec.ts" timestamp="2026-09-24T12:38:42.298Z" hostname="chromium" tests="3" failures="0" skipped="0" time="5.049" errors="0">
<testcase name="@L0 统一阶段联动、单独覆盖和 P/D 共用量化" classname="l0/unified-quant-ui.spec.ts" time="2.379">
</testcase>
<testcase name="@L0 推理对比复用统一阶段并独立复制配置" classname="l0/unified-quant-ui.spec.ts" time="1.295">
</testcase>
<testcase name="@L0 批量 P/D 预检发送实际阶段精度而非界面草稿" classname="l0/unified-quant-ui.spec.ts" time="1.375">
</testcase>
</testsuite>
<testsuite name="l0/user-manual-navigation.spec.ts" timestamp="2026-09-24T12:38:42.298Z" hostname="chromium" tests="1" failures="0" skipped="0" time="1.599" errors="0">
<testcase name="@L0 普通用户可打开用户手册" classname="l0/user-manual-navigation.spec.ts" time="1.599">
</testcase>
</testsuite>
<testsuite name="l1/asset-hardware.spec.ts" timestamp="2026-09-24T12:38:42.298Z" hostname="chromium" tests="1" failures="0" skipped="0" time="1.887" errors="0">
<testcase name="@L1 硬件资产 CRUD 与内置保护" classname="l1/asset-hardware.spec.ts" time="1.887">
</testcase>
</testsuite>
<testsuite name="l1/asset-model-conflict.spec.ts" timestamp="2026-09-24T12:38:42.298Z" hostname="chromium" tests="3" failures="0" skipped="0" time="5.831" errors="0">
<testcase name="@L1 手搓模型页同名保存显示客户端去重错误" classname="l1/asset-model-conflict.spec.ts" time="1.715">
</testcase>
<testcase name="@L1 手搓模型页 409 服务端冲突显示错误提示" classname="l1/asset-model-conflict.spec.ts" time="1.68">
</testcase>
<testcase name="@L1 训练提交配额超限展示错误提示" classname="l1/asset-model-conflict.spec.ts" time="2.436">
</testcase>
</testsuite>
<testsuite name="l1/asset-model.spec.ts" timestamp="2026-09-24T12:38:42.298Z" hostname="chromium" tests="2" failures="0" skipped="0" time="4.246" errors="0">
<testcase name="@L1 自定义模型 CRUD 与内置保护" classname="l1/asset-model.spec.ts" time="3.194">
</testcase>
<testcase name="@L1 不同用户可导入同名私有模型且只看到自己的版本" classname="l1/asset-model.spec.ts" time="1.052">
</testcase>
</testsuite>
<testsuite name="l1/asset-module.spec.ts" timestamp="2026-09-24T12:38:42.298Z" hostname="chromium" tests="8" failures="0" skipped="0" time="11.312" errors="0">
<testcase name="@L1 Module 算子按需加载 › 乱序成功响应不覆盖当前场景，旧请求结束不提前关闭 loading" classname="l1/asset-module.spec.ts" time="1.243">
</testcase>
<testcase name="@L1 Module 算子按需加载 › 关闭重开后旧查询失败不清空新查询的选项" classname="l1/asset-module.spec.ts" time="1.283">
</testcase>
<testcase name="@L1 Module 算子按需加载 › 关闭旧编辑后迟到回调不改写新表单的 Spec JSON" classname="l1/asset-module.spec.ts" time="1.212">
</testcase>
<testcase name="@L1 Module 算子按需加载 › 首屏仅加载模块，新增时查询算子并随场景切换" classname="l1/asset-module.spec.ts" time="1.378">
</testcase>
<testcase name="@L1 Module 算子按需加载 › 首次编辑按模块场景读取算子并保留已选项和保存能力" classname="l1/asset-module.spec.ts" time="1.194">
</testcase>
<testcase name="@L1 Module 算子按需加载 › 新增算子查询失败时结束加载，保留表单且再次打开可重试" classname="l1/asset-module.spec.ts" time="1.265">
</testcase>
<testcase name="@L1 Module 算子按需加载 › 编辑算子查询失败时结束加载，保留表单且再次打开可重试" classname="l1/asset-module.spec.ts" time="1.305">
</testcase>
<testcase name="@L1 Module CRUD 与复用" classname="l1/asset-module.spec.ts" time="2.432">
</testcase>
</testsuite>
<testsuite name="l1/asset-operator.spec.ts" timestamp="2026-09-24T12:38:42.298Z" hostname="chromium" tests="2" failures="0" skipped="0" time="3.658" errors="0">
<testcase name="@L1 自定义算子 CRUD" classname="l1/asset-operator.spec.ts" time="2.478">
</testcase>
<testcase name="@L1 新增算子失败显示错误并保持弹窗打开" classname="l1/asset-operator.spec.ts" time="1.18">
</testcase>
</testsuite>
<testsuite name="l1/inference-auto-ep.spec.ts" timestamp="2026-09-24T12:38:42.298Z" hostname="chromium" tests="8" failures="0" skipped="0" time="27.306" errors="0">
<testcase name="@L1 evaluate Prefill 可编辑 EP 与自动 EDP" classname="l1/inference-auto-ep.spec.ts" time="3.578">
</testcase>
<testcase name="@L1 evaluate Decode 可编辑 EP 与自动 EDP" classname="l1/inference-auto-ep.spec.ts" time="3.677">
</testcase>
<testcase name="@L1 evaluate PD 混布 可编辑 EP 与自动 EDP" classname="l1/inference-auto-ep.spec.ts" time="3.58">
</testcase>
<testcase name="@L1 evaluate PD 分离 可编辑 EP 与自动 EDP" classname="l1/inference-auto-ep.spec.ts" time="4.107">
</testcase>
<testcase name="@L1 optimize Prefill 可编辑 EP 与自动 EDP" classname="l1/inference-auto-ep.spec.ts" time="3.078">
</testcase>
<testcase name="@L1 optimize Decode 可编辑 EP 与自动 EDP" classname="l1/inference-auto-ep.spec.ts" time="2.947">
</testcase>
<testcase name="@L1 optimize PD 混布 可编辑 EP 与自动 EDP" classname="l1/inference-auto-ep.spec.ts" time="3.078">
</testcase>
<testcase name="@L1 pd-ratio PD 分离 可编辑 EP 与自动 EDP" classname="l1/inference-auto-ep.spec.ts" time="3.261">
</testcase>
</testsuite>
<testsuite name="l1/inference-batch-experiment.spec.ts" timestamp="2026-09-24T12:38:42.298Z" hostname="chromium" tests="1" failures="0" skipped="0" time="7.585" errors="0">
<testcase name="@L1 推理批量实验服务闭环" classname="l1/inference-batch-experiment.spec.ts" time="7.585">
</testcase>
</testsuite>
<testsuite name="l1/inference-batch-optimization-toggle.spec.ts" timestamp="2026-09-24T12:38:42.298Z" hostname="chromium" tests="2" failures="0" skipped="0" time="4.218" errors="0">
<testcase name="@L1 推理批量实验寻优开关可往返切换：strategy_search" classname="l1/inference-batch-optimization-toggle.spec.ts" time="2.063">
</testcase>
<testcase name="@L1 推理批量实验寻优开关可往返切换：hardware_sensitivity" classname="l1/inference-batch-optimization-toggle.spec.ts" time="2.155">
</testcase>
</testsuite>
<testsuite name="l1/inference-compare.spec.ts" timestamp="2026-09-24T12:38:42.298Z" hostname="chromium" tests="1" failures="0" skipped="0" time="217.826" errors="0">
<testcase name="@L1 推理硬件性能对比" classname="l1/inference-compare.spec.ts" time="217.826">
</testcase>
</testsuite>
<testsuite name="l1/inference-config-navigation.spec.ts" timestamp="2026-09-24T12:38:42.298Z" hostname="chromium" tests="4" failures="0" skipped="0" time="7.372" errors="0">
<testcase name="@L1 evaluate Decode 配置在前后步骤往返时完整保留" classname="l1/inference-config-navigation.spec.ts" time="2.036">
</testcase>
<testcase name="@L1 optimize Decode 配置在前后步骤往返时完整保留" classname="l1/inference-config-navigation.spec.ts" time="2.036">
</testcase>
<testcase name="@L1 独立 O-TP=2 CP=1 切分不增加总卡数并保留步骤编辑" classname="l1/inference-config-navigation.spec.ts" time="1.629">
</testcase>
<testcase name="@L1 独立 O-TP=2 CP=2 切分不增加总卡数并保留步骤编辑" classname="l1/inference-config-navigation.spec.ts" time="1.671">
</testcase>
</testsuite>
<testsuite name="l1/inference-custom-communication-tiers.spec.ts" timestamp="2026-09-24T12:38:42.298Z" hostname="chromium" tests="1" failures="0" skipped="0" time="9.129" errors="0">
<testcase name="@L1 推理任务提交用户新增的通信中间层" classname="l1/inference-custom-communication-tiers.spec.ts" time="9.129">
</testcase>
</testsuite>
<testsuite name="l1/inference-hardware-editable.spec.ts" timestamp="2026-09-24T12:38:42.298Z" hostname="chromium" tests="1" failures="0" skipped="0" time="9.076" errors="0">
<testcase name="@L1 推理任务提交修改后的硬件规格并生效" classname="l1/inference-hardware-editable.spec.ts" time="9.076">
</testcase>
</testsuite>
<testsuite name="l1/inference-hicache.spec.ts" timestamp="2026-09-24T12:38:42.298Z" hostname="chromium" tests="4" failures="0" skipped="0" time="7.405" errors="0">
<testcase name="@L1 HiCache 配置恢复与性能评估结果" classname="l1/inference-hicache.spec.ts" time="2.664">
</testcase>
<testcase name="@L1 标准 KV Offload 配置恢复" classname="l1/inference-hicache.spec.ts" time="2.574">
</testcase>
<testcase name="@L1 HiCache 冻结最优解寻优结果" classname="l1/inference-hicache.spec.ts" time="1.082">
</testcase>
<testcase name="@L1 标准 KV Offload 冻结最优解带宽结果" classname="l1/inference-hicache.spec.ts" time="1.085">
</testcase>
</testsuite>
<testsuite name="l1/inference-o-tp-errors.spec.ts" timestamp="2026-09-24T12:38:42.298Z" hostname="chromium" tests="4" failures="0" skipped="0" time="21.201" errors="0">
<testcase name="@L1 O-TP 轮询错误展示 TASK.MODEL.O_TP_UNSUPPORTED" classname="l1/inference-o-tp-errors.spec.ts" time="5.349">
</testcase>
<testcase name="@L1 O-TP 轮询错误展示 TASK.MODEL.O_TP_GRAPH_INVALID" classname="l1/inference-o-tp-errors.spec.ts" time="5.327">
</testcase>
<testcase name="@L1 O-TP 轮询错误展示 TASK.CONFIG.O_TP_INVALID" classname="l1/inference-o-tp-errors.spec.ts" time="5.339">
</testcase>
<testcase name="@L1 O-TP 轮询错误展示 TASK.UNKNOWN" classname="l1/inference-o-tp-errors.spec.ts" time="5.186">
</testcase>
</testsuite>
<testsuite name="l1/inference-operator.spec.ts" timestamp="2026-09-24T12:38:42.298Z" hostname="chromium" tests="1" failures="0" skipped="0" time="9.964" errors="0">
<testcase name="@L1 推理算子性能评估" classname="l1/inference-operator.spec.ts" time="9.964">
</testcase>
</testsuite>
<testsuite name="l1/inference-optimal-table.spec.ts" timestamp="2026-09-24T12:38:42.298Z" hostname="chromium" tests="2" failures="0" skipped="0" time="2.97" errors="0">
<testcase name="@L1 推理最优配置统计表硬件过滤与自适应高度" classname="l1/inference-optimal-table.spec.ts" time="1.533">
</testcase>
<testcase name="@L1 推理最优配置分档表硬件过滤与自适应高度" classname="l1/inference-optimal-table.spec.ts" time="1.437">
</testcase>
</testsuite>
<testsuite name="l1/inference-optimize.spec.ts" timestamp="2026-09-24T12:38:42.298Z" hostname="chromium" tests="5" failures="0" skipped="0" time="18.702" errors="0">
<testcase name="@L1 推理策略寻优与应用策略" classname="l1/inference-optimize.spec.ts" time="12.843">
</testcase>
<testcase name="@L1 Prefill 重用配置恢复 Chunked Prefill Size" classname="l1/inference-optimize.spec.ts" time="1.405">
</testcase>
<testcase name="@L1 Prefill 重用配置在第 2 → 1 → 2 步保留量化和编辑值" classname="l1/inference-optimize.spec.ts" time="1.549">
</testcase>
<testcase name="@L1 Prefill 重用配置兼容 禁用 Chunked Prefill Size" classname="l1/inference-optimize.spec.ts" time="1.476">
</testcase>
<testcase name="@L1 Prefill 重用配置兼容 缺失 Chunked Prefill Size" classname="l1/inference-optimize.spec.ts" time="1.429">
</testcase>
</testsuite>
<testsuite name="l1/inference-pd-ratio.spec.ts" timestamp="2026-09-24T12:38:42.298Z" hostname="chromium" tests="2" failures="2" skipped="0" time="13.046" errors="0">
<testcase name="@L1 PD 配比可行结果" classname="l1/inference-pd-ratio.spec.ts" time="6.542">
<system-out>
<![CDATA[
[[ATTACHMENT|../test-results/l1-inference-pd-ratio--L1-PD-配比可行结果-chromium/test-failed-1.png]]

[[ATTACHMENT|../test-results/l1-inference-pd-ratio--L1-PD-配比可行结果-chromium/video.webm]]

[[ATTACHMENT|../test-results/l1-inference-pd-ratio--L1-PD-配比可行结果-chromium/error-context.md]]

[[ATTACHMENT|../test-results/l1-inference-pd-ratio--L1-PD-配比可行结果-chromium/trace.zip]]
]]>
</system-out>
<failure message="expect(locator).toBeVisible() failed" type="expect.toBeVisible">
<![CDATA[  [chromium] › l1/inference-pd-ratio.spec.ts:5:1 › @L1 PD 配比可行结果 ───────────────────────────────────

    Error: expect(locator).toBeVisible() failed

    Locator: getByTestId('pd-hardware-summary')
    Expected: visible
    Timeout: 5000ms
    Error: element(s) not found

    Call log:
      - Expect "toBeVisible" with timeout 5000ms
      - waiting for getByTestId('pd-hardware-summary')


      30 |   const summary = page.getByTestId('pd-hardware-summary')
      31 |   await expect(hardwareTemplate).toBeVisible()
    > 32 |   await expect(summary).toBeVisible()
         |                         ^
      33 |   const initialName = (await summary.locator('strong').textContent())?.trim()
      34 |   await selectOption(hardwareTemplate, { index: 1 })
      35 |   await expect(summary.locator('strong')).not.toHaveText(initialName || '')
        at /Users/xietianqi/actions-runner-zrt-sim-ui/_work/zrt-sim-ui/zrt-sim-ui/e2e/specs/l1/inference-pd-ratio.spec.ts:32:25

    attachment #1: screenshot (image/png) ──────────────────────────────────────────────────────────
    ../../test-results/l1-inference-pd-ratio--L1-PD-配比可行结果-chromium/test-failed-1.png
    ────────────────────────────────────────────────────────────────────────────────────────────────

    attachment #2: video (video/webm) ──────────────────────────────────────────────────────────────
    ../../test-results/l1-inference-pd-ratio--L1-PD-配比可行结果-chromium/video.webm
    ────────────────────────────────────────────────────────────────────────────────────────────────

    Error Context: ../../test-results/l1-inference-pd-ratio--L1-PD-配比可行结果-chromium/error-context.md

    attachment #4: trace (application/zip) ─────────────────────────────────────────────────────────
    ../../test-results/l1-inference-pd-ratio--L1-PD-配比可行结果-chromium/trace.zip
    Usage:

        npx playwright show-trace ../../test-results/l1-inference-pd-ratio--L1-PD-配比可行结果-chromium/trace.zip

    ────────────────────────────────────────────────────────────────────────────────────────────────
]]>
</failure>
</testcase>
<testcase name="@L1 PD 配比无可行解/OOM" classname="l1/inference-pd-ratio.spec.ts" time="6.504">
<system-out>
<![CDATA[
[[ATTACHMENT|../test-results/l1-inference-pd-ratio--L1-PD-配比无可行解-OOM-chromium/test-failed-1.png]]

[[ATTACHMENT|../test-results/l1-inference-pd-ratio--L1-PD-配比无可行解-OOM-chromium/video.webm]]

[[ATTACHMENT|../test-results/l1-inference-pd-ratio--L1-PD-配比无可行解-OOM-chromium/error-context.md]]

[[ATTACHMENT|../test-results/l1-inference-pd-ratio--L1-PD-配比无可行解-OOM-chromium/trace.zip]]
]]>
</system-out>
<failure message="expect(locator).toBeVisible() failed" type="expect.toBeVisible">
<![CDATA[  [chromium] › l1/inference-pd-ratio.spec.ts:44:1 › @L1 PD 配比无可行解/OOM ──────────────────────────────

    Error: expect(locator).toBeVisible() failed

    Locator: getByTestId('pd-hardware-summary')
    Expected: visible
    Timeout: 5000ms
    Error: element(s) not found

    Call log:
      - Expect "toBeVisible" with timeout 5000ms
      - waiting for getByTestId('pd-hardware-summary')


      67 |   // OOM 分支也必须先得到可提交的数据库硬件模板，不能因空配置静默停在 Step 3。
      68 |   await expect(page.getByTestId('pd-hardware-template')).toBeVisible()
    > 69 |   await expect(page.getByTestId('pd-hardware-summary')).toBeVisible()
         |                                                         ^
      70 |   await page.getByTestId('infer-step-3-run').click()
      71 |
      72 |   const result = page.getByRole('heading', { name: 'PD 配比寻优结果' })
        at /Users/xietianqi/actions-runner-zrt-sim-ui/_work/zrt-sim-ui/zrt-sim-ui/e2e/specs/l1/inference-pd-ratio.spec.ts:69:57

    attachment #1: screenshot (image/png) ──────────────────────────────────────────────────────────
    ../../test-results/l1-inference-pd-ratio--L1-PD-配比无可行解-OOM-chromium/test-failed-1.png
    ────────────────────────────────────────────────────────────────────────────────────────────────

    attachment #2: video (video/webm) ──────────────────────────────────────────────────────────────
    ../../test-results/l1-inference-pd-ratio--L1-PD-配比无可行解-OOM-chromium/video.webm
    ────────────────────────────────────────────────────────────────────────────────────────────────

    Error Context: ../../test-results/l1-inference-pd-ratio--L1-PD-配比无可行解-OOM-chromium/error-context.md

    attachment #4: trace (application/zip) ─────────────────────────────────────────────────────────
    ../../test-results/l1-inference-pd-ratio--L1-PD-配比无可行解-OOM-chromium/trace.zip
    Usage:

        npx playwright show-trace ../../test-results/l1-inference-pd-ratio--L1-PD-配比无可行解-OOM-chromium/trace.zip

    ────────────────────────────────────────────────────────────────────────────────────────────────
]]>
</failure>
</testcase>
</testsuite>
<testsuite name="l1/inference-result.spec.ts" timestamp="2026-09-24T12:38:42.298Z" hostname="chromium" tests="1" failures="0" skipped="0" time="18.636" errors="0">
<testcase name="@L1 推理结果筛选和多硬件切换" classname="l1/inference-result.spec.ts" time="18.636">
</testcase>
</testsuite>
<testsuite name="l1/operations-insights.spec.ts" timestamp="2026-09-24T12:38:42.298Z" hostname="chromium" tests="15" failures="1" skipped="0" time="25.905" errors="0">
<testcase name="@L1 产品运行与洞察真实接口或未启用路径" classname="l1/operations-insights.spec.ts" time="1.025">
</testcase>
<testcase name="@L1 MCP服务健康展示调用趋势和工具拆分" classname="l1/operations-insights.spec.ts" time="1.161">
</testcase>
<testcase name="@L1 无权限不得展示敏感内容和入口" classname="l1/operations-insights.spec.ts" time="1.014">
</testcase>
<testcase name="@L1 闭环与页面行为只展示后端聚合事实" classname="l1/operations-insights.spec.ts" time="1.268">
</testcase>
<testcase name="@L1 日期竞态、筛选与实时独立口径" classname="l1/operations-insights.spec.ts" time="3.413">
</testcase>
<testcase name="@L1 主题分页、排序、标签保留与Escape恢复焦点" classname="l1/operations-insights.spec.ts" time="1.348">
</testcase>
<testcase name="@L1 局部失败、新鲜度和未知Worker不冒充空闲" classname="l1/operations-insights.spec.ts" time="1.146">
</testcase>
<testcase name="@L1 账号切换立即清空并拒绝旧权限响应" classname="l1/operations-insights.spec.ts" time="1.785">
</testcase>
<testcase name="@L1 弹窗返回保持原滚动位置" classname="l1/operations-insights.spec.ts" time="1.151">
</testcase>
<testcase name="@L1 后台暂停轮询且离页后只保留轻量权限" classname="l1/operations-insights.spec.ts" time="1.248">
</testcase>
<testcase name="@L1 多部门默认全量，409回首页，403撤回全部数据" classname="l1/operations-insights.spec.ts" time="6.235">
<system-out>
<![CDATA[
[[ATTACHMENT|../test-results/l1-operations-insights--L1-多部门默认全量，409回首页，403撤回全部数据-chromium/test-failed-1.png]]

[[ATTACHMENT|../test-results/l1-operations-insights--L1-多部门默认全量，409回首页，403撤回全部数据-chromium/video.webm]]

[[ATTACHMENT|../test-results/l1-operations-insights--L1-多部门默认全量，409回首页，403撤回全部数据-chromium/error-context.md]]

[[ATTACHMENT|../test-results/l1-operations-insights--L1-多部门默认全量，409回首页，403撤回全部数据-chromium/trace.zip]]
]]>
</system-out>
<failure message="expect(locator).toHaveValue(expected) failed" type="expect.toHaveValue">
<![CDATA[  [chromium] › l1/operations-insights.spec.ts:231:1 › @L1 多部门默认全量，409回首页，403撤回全部数据 ─────────────────

    Error: expect(locator).toHaveValue(expected) failed

    Locator:  getByLabel('授权部门', { exact: true })
    Expected: "all"
    Received: "Research"
    Timeout:  5000ms

    Call log:
      - Expect "toHaveValue" with timeout 5000ms
      - waiting for getByLabel('授权部门', { exact: true })
        12 × locator resolved to <select aria-label="授权部门" data-v-6dd92d66="">…</select>
           - unexpected value "Research"


      235 |   page.on('request', request => { if (request.url().includes('/api/observability/overview')) overviews.push(request.url()) })
      236 |   await page.goto('/zrt-sim/operations-insights')
    > 237 |   await expect(page.getByLabel('授权部门', { exact: true })).toHaveValue('all')
          |                                                          ^
      238 |   await expect(page.getByTestId('metric-runs')).toContainText('24')
      239 |   await expect.poll(() => overviews.some(url => new URL(url).searchParams.get('dept') === 'all')).toBe(true)
      240 |   await page.getByLabel('授权部门', { exact: true }).selectOption('Research')
        at /Users/xietianqi/actions-runner-zrt-sim-ui/_work/zrt-sim-ui/zrt-sim-ui/e2e/specs/l1/operations-insights.spec.ts:237:58

    attachment #1: screenshot (image/png) ──────────────────────────────────────────────────────────
    ../../test-results/l1-operations-insights--L1-多部门默认全量，409回首页，403撤回全部数据-chromium/test-failed-1.png
    ────────────────────────────────────────────────────────────────────────────────────────────────

    attachment #2: video (video/webm) ──────────────────────────────────────────────────────────────
    ../../test-results/l1-operations-insights--L1-多部门默认全量，409回首页，403撤回全部数据-chromium/video.webm
    ────────────────────────────────────────────────────────────────────────────────────────────────

    Error Context: ../../test-results/l1-operations-insights--L1-多部门默认全量，409回首页，403撤回全部数据-chromium/error-context.md

    attachment #4: trace (application/zip) ─────────────────────────────────────────────────────────
    ../../test-results/l1-operations-insights--L1-多部门默认全量，409回首页，403撤回全部数据-chromium/trace.zip
    Usage:

        npx playwright show-trace ../../test-results/l1-operations-insights--L1-多部门默认全量，409回首页，403撤回全部数据-chromium/trace.zip

    ────────────────────────────────────────────────────────────────────────────────────────────────
]]>
</failure>
</testcase>
<testcase name="@L1 R1 live刷新和全局草稿不重置主题第二页" classname="l1/operations-insights.spec.ts" time="1.346">
</testcase>
<testcase name="@L1 R1 直达主题Escape只移除topic保留其他query" classname="l1/operations-insights.spec.ts" time="1.163">
</testcase>
<testcase name="@L1 R1 跨上海午夜点击预设刷新服务端锚点而固定日期不漂移" classname="l1/operations-insights.spec.ts" time="1.42">
</testcase>
<testcase name="@L1 R1 排序实参和200无心跳Worker未知" classname="l1/operations-insights.spec.ts" time="1.182">
</testcase>
</testsuite>
<testsuite name="l1/release-info.spec.ts" timestamp="2026-09-24T12:38:42.298Z" hostname="chromium" tests="2" failures="0" skipped="0" time="1.942" errors="0">
<testcase name="@L1 版本信息当前和历史读取" classname="l1/release-info.spec.ts" time="0.942">
</testcase>
<testcase name="@L1 管理员编辑版本信息并恢复" classname="l1/release-info.spec.ts" time="1">
</testcase>
</testsuite>
<testsuite name="l1/resource-quotas.spec.ts" timestamp="2026-09-24T12:38:42.298Z" hostname="chromium" tests="2" failures="0" skipped="0" time="3.651" errors="0">
<testcase name="@L1 管理员角色配额与搜索页额度提示" classname="l1/resource-quotas.spec.ts" time="1.867">
</testcase>
<testcase name="@L1 本地普通用户遵守管理员配置的精度校准菜单禁用" classname="l1/resource-quotas.spec.ts" time="1.784">
</testcase>
</testsuite>
<testsuite name="l1/route-proxy.spec.ts" timestamp="2026-09-24T12:38:42.298Z" hostname="chromium" tests="1" failures="0" skipped="0" time="2.602" errors="0">
<testcase name="@L1 部署前缀和深层路由" classname="l1/route-proxy.spec.ts" time="2.602">
</testcase>
</testsuite>
<testsuite name="l1/statistics-edge.spec.ts" timestamp="2026-09-24T12:38:42.298Z" hostname="chromium" tests="3" failures="0" skipped="0" time="3.261" errors="0">
<testcase name="@L1 信息统计空数据态展示暂无数据" classname="l1/statistics-edge.spec.ts" time="1.04">
</testcase>
<testcase name="@L1 信息统计部分子请求失败展示降级提示" classname="l1/statistics-edge.spec.ts" time="1.08">
</testcase>
<testcase name="@L1 信息统计导出失败展示错误提示" classname="l1/statistics-edge.spec.ts" time="1.141">
</testcase>
</testsuite>
<testsuite name="l1/statistics.spec.ts" timestamp="2026-09-24T12:38:42.298Z" hostname="chromium" tests="1" failures="0" skipped="0" time="1.133" errors="0">
<testcase name="@L1 信息统计访问与导出" classname="l1/statistics.spec.ts" time="1.133">
</testcase>
</testsuite>
<testsuite name="l1/task-failure-detail.spec.ts" timestamp="2026-09-24T12:38:42.298Z" hostname="chromium" tests="4" failures="1" skipped="0" time="4.463" errors="0">
<testcase name="@L1 失败任务详情展示结构化错误卡片" classname="l1/task-failure-detail.spec.ts" time="1.149">
</testcase>
<testcase name="@L1 任务空列表态与筛选无结果" classname="l1/task-failure-detail.spec.ts" time="1.012">
</testcase>
<testcase name="@L1 进程启动失败展示后端异常原文" classname="l1/task-failure-detail.spec.ts" time="1.122">
<system-out>
<![CDATA[
[[ATTACHMENT|../test-results/l1-task-failure-detail--L1-进程启动失败展示后端异常原文-chromium/test-failed-1.png]]

[[ATTACHMENT|../test-results/l1-task-failure-detail--L1-进程启动失败展示后端异常原文-chromium/video.webm]]

[[ATTACHMENT|../test-results/l1-task-failure-detail--L1-进程启动失败展示后端异常原文-chromium/error-context.md]]

[[ATTACHMENT|../test-results/l1-task-failure-detail--L1-进程启动失败展示后端异常原文-chromium/trace.zip]]
]]>
</system-out>
<failure message="expect(locator).toBeVisible() failed" type="expect.toBeVisible">
<![CDATA[  [chromium] › l1/task-failure-detail.spec.ts:89:1 › @L1 进程启动失败展示后端异常原文 ────────────────────────────

    Error: expect(locator).toBeVisible() failed

    Locator: getByText('world_size 必须大于 0')
    Expected: visible
    Error: strict mode violation: getByText('world_size 必须大于 0') resolved to 2 elements:
        1) <dd data-v-391b9fcf="">world_size 必须大于 0</dd> aka getByText('world_size 必须大于 0', { exact: true })
        2) <div data-v-391b9fcf="" class="task-failure-detail">exception_type: ValueError↵reason: world_size 必须大…</div> aka getByText('exception_type: ValueError')

    Call log:
      - Expect "toBeVisible" with timeout 5000ms
      - waiting for getByText('world_size 必须大于 0')


      137 |   await expect(page.getByTestId('task-detail-modal')).toBeVisible()
      138 |   await expect(page.getByText('具体原因')).toBeVisible()
    > 139 |   await expect(page.getByText('world_size 必须大于 0')).toBeVisible()
          |                                                     ^
      140 | })
      141 |
      142 | test('@L1 历史遗留失败任务展示 legacy 错误信息', async ({ page }) => {
        at /Users/xietianqi/actions-runner-zrt-sim-ui/_work/zrt-sim-ui/zrt-sim-ui/e2e/specs/l1/task-failure-detail.spec.ts:139:53

    attachment #1: screenshot (image/png) ──────────────────────────────────────────────────────────
    ../../test-results/l1-task-failure-detail--L1-进程启动失败展示后端异常原文-chromium/test-failed-1.png
    ────────────────────────────────────────────────────────────────────────────────────────────────

    attachment #2: video (video/webm) ──────────────────────────────────────────────────────────────
    ../../test-results/l1-task-failure-detail--L1-进程启动失败展示后端异常原文-chromium/video.webm
    ────────────────────────────────────────────────────────────────────────────────────────────────

    Error Context: ../../test-results/l1-task-failure-detail--L1-进程启动失败展示后端异常原文-chromium/error-context.md

    attachment #4: trace (application/zip) ─────────────────────────────────────────────────────────
    ../../test-results/l1-task-failure-detail--L1-进程启动失败展示后端异常原文-chromium/trace.zip
    Usage:

        npx playwright show-trace ../../test-results/l1-task-failure-detail--L1-进程启动失败展示后端异常原文-chromium/trace.zip

    ────────────────────────────────────────────────────────────────────────────────────────────────
]]>
</failure>
</testcase>
<testcase name="@L1 历史遗留失败任务展示 legacy 错误信息" classname="l1/task-failure-detail.spec.ts" time="1.18">
</testcase>
</testsuite>
<testsuite name="l1/task-filter-history.spec.ts" timestamp="2026-09-24T12:38:42.298Z" hostname="chromium" tests="1" failures="0" skipped="0" time="24.81" errors="1">
<testcase name="@L1 任务筛选、详情和历史 Run" classname="l1/task-filter-history.spec.ts" time="24.81">
<system-out>
<![CDATA[
[[ATTACHMENT|../test-results/l1-task-filter-history--L1-任务筛选、详情和历史-Run-chromium/test-failed-1.png]]

[[ATTACHMENT|../test-results/l1-task-filter-history--L1-任务筛选、详情和历史-Run-chromium/video.webm]]

[[ATTACHMENT|../test-results/l1-task-filter-history--L1-任务筛选、详情和历史-Run-chromium/error-context.md]]

[[ATTACHMENT|../test-results/l1-task-filter-history--L1-任务筛选、详情和历史-Run-chromium/trace.zip]]
]]>
</system-out>
<error message="locator.fill: Timeout 15000ms exceeded." type="TimeoutError">
<![CDATA[  [chromium] › l1/task-filter-history.spec.ts:7:1 › @L1 任务筛选、详情和历史 Run ─────────────────────────────

    TimeoutError: locator.fill: Timeout 15000ms exceeded.
    Call log:
      - waiting for getByTestId('task-search-owner')
        - locator resolved to <input disabled class="tm-search" data-v-80b47213="" placeholder="输入 owner，回车搜索" data-testid="task-search-owner"/>
        - fill("pw_4_1790254079943")
      - attempting fill action
        2 × waiting for element to be visible, enabled and editable
          - element is not enabled
        - retrying fill action
        - waiting 20ms
        2 × waiting for element to be visible, enabled and editable
          - element is not enabled
        - retrying fill action
          - waiting 100ms
        29 × waiting for element to be visible, enabled and editable
           - element is not enabled
         - retrying fill action
           - waiting 500ms


      30 |
      31 |   // 按用户筛选
    > 32 |   await page.getByTestId('task-search-owner').fill(api.account)
         |                                               ^
      33 |   await page.getByTestId('task-search-owner').press('Enter')
      34 |   await expect(page.getByTestId(`task-row-${job.task_id}`)).toBeVisible()
      35 |
        at /Users/xietianqi/actions-runner-zrt-sim-ui/_work/zrt-sim-ui/zrt-sim-ui/e2e/specs/l1/task-filter-history.spec.ts:32:47

    attachment #1: screenshot (image/png) ──────────────────────────────────────────────────────────
    ../../test-results/l1-task-filter-history--L1-任务筛选、详情和历史-Run-chromium/test-failed-1.png
    ────────────────────────────────────────────────────────────────────────────────────────────────

    attachment #2: video (video/webm) ──────────────────────────────────────────────────────────────
    ../../test-results/l1-task-filter-history--L1-任务筛选、详情和历史-Run-chromium/video.webm
    ────────────────────────────────────────────────────────────────────────────────────────────────

    Error Context: ../../test-results/l1-task-filter-history--L1-任务筛选、详情和历史-Run-chromium/error-context.md

    attachment #4: trace (application/zip) ─────────────────────────────────────────────────────────
    ../../test-results/l1-task-filter-history--L1-任务筛选、详情和历史-Run-chromium/trace.zip
    Usage:

        npx playwright show-trace ../../test-results/l1-task-filter-history--L1-任务筛选、详情和历史-Run-chromium/trace.zip

    ────────────────────────────────────────────────────────────────────────────────────────────────
]]>
</error>
</testcase>
</testsuite>
<testsuite name="l1/task-lifecycle.spec.ts" timestamp="2026-09-24T12:38:42.298Z" hostname="chromium" tests="1" failures="0" skipped="0" time="29.219" errors="0">
<testcase name="@L1 重跑、终止、单删和批删" classname="l1/task-lifecycle.spec.ts" time="29.219">
</testcase>
</testsuite>
<testsuite name="l1/task10-layout.spec.ts" timestamp="2026-09-24T12:38:42.298Z" hostname="chromium" tests="2" failures="0" skipped="0" time="14.725" errors="0">
<testcase name="@L1 Task10 baseline renders server frames and hides failures" classname="l1/task10-layout.spec.ts" time="13.582">
</testcase>
<testcase name="@L1 Task10 desktop columns and responsive quant controls" classname="l1/task10-layout.spec.ts" time="1.143">
</testcase>
</testsuite>
<testsuite name="l1/training-analysis-progress.spec.ts" timestamp="2026-09-24T12:38:42.298Z" hostname="chromium" tests="2" failures="0" skipped="0" time="48.41" errors="0">
<testcase name="@L1 真实训练分析 baseline 两帧进度与持久化结果" classname="l1/training-analysis-progress.spec.ts" time="19.716">
</testcase>
<testcase name="@L1 真实训练分析 compare 两帧进度与持久化结果" classname="l1/training-analysis-progress.spec.ts" time="28.694">
</testcase>
</testsuite>
<testsuite name="l1/training-batch-experiment.spec.ts" timestamp="2026-09-24T12:38:42.298Z" hostname="chromium" tests="1" failures="0" skipped="0" time="13.618" errors="0">
<testcase name="@L1 批量训练实验服务闭环" classname="l1/training-batch-experiment.spec.ts" time="13.618">
</testcase>
</testsuite>
<testsuite name="l1/training-compare.spec.ts" timestamp="2026-09-24T12:38:42.298Z" hostname="chromium" tests="1" failures="0" skipped="0" time="67.4" errors="0">
<testcase name="@L1 训练多硬件性能对比" classname="l1/training-compare.spec.ts" time="67.4">
</testcase>
</testsuite>
<testsuite name="l1/training-hardware-search.spec.ts" timestamp="2026-09-24T12:38:42.298Z" hostname="chromium" tests="1" failures="0" skipped="0" time="14.384" errors="0">
<testcase name="@L1 训练硬件寻优" classname="l1/training-hardware-search.spec.ts" time="14.384">
</testcase>
</testsuite>
<testsuite name="l1/training-operator.spec.ts" timestamp="2026-09-24T12:38:42.298Z" hostname="chromium" tests="1" failures="0" skipped="0" time="8.319" errors="0">
<testcase name="@L1 训练算子性能评估" classname="l1/training-operator.spec.ts" time="8.319">
</testcase>
</testsuite>
<testsuite name="l1/training-strategy-search.spec.ts" timestamp="2026-09-24T12:38:42.298Z" hostname="chromium" tests="1" failures="0" skipped="0" time="12.965" errors="0">
<testcase name="@L1 训练策略自动寻优" classname="l1/training-strategy-search.spec.ts" time="12.965">
</testcase>
</testsuite>
<testsuite name="l1/training-task-progress.spec.ts" timestamp="2026-09-24T12:38:42.298Z" hostname="chromium" tests="2" failures="0" skipped="0" time="36.048" errors="0">
<testcase name="@L1 训练strategy真实任务进度与结果" classname="l1/training-task-progress.spec.ts" time="17.602">
</testcase>
<testcase name="@L1 训练hardware真实任务进度与结果" classname="l1/training-task-progress.spec.ts" time="18.446">
</testcase>
</testsuite>
<testsuite name="l1/user-calibration.spec.ts" timestamp="2026-09-24T12:38:42.298Z" hostname="chromium" tests="11" failures="1" skipped="0" time="206.316" errors="10">
<testcase name="@L1 Profiling构建候选提交、刷新恢复与诊断报告" classname="l1/user-calibration.spec.ts" time="22.37">
<system-out>
<![CDATA[
[[ATTACHMENT|../test-results/l1-user-calibration--L1-Profiling构建候选提交、刷新恢复与诊断报告-chromium/test-failed-1.png]]

[[ATTACHMENT|../test-results/l1-user-calibration--L1-Profiling构建候选提交、刷新恢复与诊断报告-chromium/video.webm]]

[[ATTACHMENT|../test-results/l1-user-calibration--L1-Profiling构建候选提交、刷新恢复与诊断报告-chromium/error-context.md]]

[[ATTACHMENT|../test-results/l1-user-calibration--L1-Profiling构建候选提交、刷新恢复与诊断报告-chromium/trace.zip]]
]]>
</system-out>
<error message="locator.click: Timeout 15000ms exceeded." type="TimeoutError">
<![CDATA[  [chromium] › l1/user-calibration.spec.ts:125:1 › @L1 Profiling构建候选提交、刷新恢复与诊断报告 ───────────────────

    TimeoutError: locator.click: Timeout 15000ms exceeded.
    Call log:
      - waiting for getByTestId('calibration-create-open')


      75 | async function openCandidateDraft(page: Page, catalogs: TestFixtures['catalogs'], hardwareName: string, name: string) {
      76 |   await page.goto('/zrt-sim/calibration')
    > 77 |   await page.getByTestId('calibration-create-open').click()
         |                                                     ^
      78 |   await page.getByRole('button', { name: /导入 Profiling/ }).click()
      79 |   await page.getByTestId('calibration-version-name').fill(name)
      80 |   await page.getByTestId('calibration-version-hardware').fill(hardwareName)
        at openCandidateDraft (/Users/xietianqi/actions-runner-zrt-sim-ui/_work/zrt-sim-ui/zrt-sim-ui/e2e/specs/l1/user-calibration.spec.ts:77:53)
        at /Users/xietianqi/actions-runner-zrt-sim-ui/_work/zrt-sim-ui/zrt-sim-ui/e2e/specs/l1/user-calibration.spec.ts:130:15

    attachment #1: screenshot (image/png) ──────────────────────────────────────────────────────────
    ../../test-results/l1-user-calibration--L1-Profiling构建候选提交、刷新恢复与诊断报告-chromium/test-failed-1.png
    ────────────────────────────────────────────────────────────────────────────────────────────────

    attachment #2: video (video/webm) ──────────────────────────────────────────────────────────────
    ../../test-results/l1-user-calibration--L1-Profiling构建候选提交、刷新恢复与诊断报告-chromium/video.webm
    ────────────────────────────────────────────────────────────────────────────────────────────────

    Error Context: ../../test-results/l1-user-calibration--L1-Profiling构建候选提交、刷新恢复与诊断报告-chromium/error-context.md

    attachment #4: trace (application/zip) ─────────────────────────────────────────────────────────
    ../../test-results/l1-user-calibration--L1-Profiling构建候选提交、刷新恢复与诊断报告-chromium/trace.zip
    Usage:

        npx playwright show-trace ../../test-results/l1-user-calibration--L1-Profiling构建候选提交、刷新恢复与诊断报告-chromium/trace.zip

    ────────────────────────────────────────────────────────────────────────────────────────────────
]]>
</error>
</testcase>
<testcase name="@L1 Profiling构建候选期间修改批次使旧运行失效" classname="l1/user-calibration.spec.ts" time="22.418">
<system-out>
<![CDATA[
[[ATTACHMENT|../test-results/l1-user-calibration--L1-Profiling构建候选期间修改批次使旧运行失效-chromium/test-failed-1.png]]

[[ATTACHMENT|../test-results/l1-user-calibration--L1-Profiling构建候选期间修改批次使旧运行失效-chromium/video.webm]]

[[ATTACHMENT|../test-results/l1-user-calibration--L1-Profiling构建候选期间修改批次使旧运行失效-chromium/error-context.md]]

[[ATTACHMENT|../test-results/l1-user-calibration--L1-Profiling构建候选期间修改批次使旧运行失效-chromium/trace.zip]]
]]>
</system-out>
<error message="locator.click: Timeout 15000ms exceeded." type="TimeoutError">
<![CDATA[  [chromium] › l1/user-calibration.spec.ts:166:1 › @L1 Profiling构建候选期间修改批次使旧运行失效 ───────────────────

    TimeoutError: locator.click: Timeout 15000ms exceeded.
    Call log:
      - waiting for getByTestId('calibration-create-open')


      75 | async function openCandidateDraft(page: Page, catalogs: TestFixtures['catalogs'], hardwareName: string, name: string) {
      76 |   await page.goto('/zrt-sim/calibration')
    > 77 |   await page.getByTestId('calibration-create-open').click()
         |                                                     ^
      78 |   await page.getByRole('button', { name: /导入 Profiling/ }).click()
      79 |   await page.getByTestId('calibration-version-name').fill(name)
      80 |   await page.getByTestId('calibration-version-hardware').fill(hardwareName)
        at openCandidateDraft (/Users/xietianqi/actions-runner-zrt-sim-ui/_work/zrt-sim-ui/zrt-sim-ui/e2e/specs/l1/user-calibration.spec.ts:77:53)
        at /Users/xietianqi/actions-runner-zrt-sim-ui/_work/zrt-sim-ui/zrt-sim-ui/e2e/specs/l1/user-calibration.spec.ts:171:3

    attachment #1: screenshot (image/png) ──────────────────────────────────────────────────────────
    ../../test-results/l1-user-calibration--L1-Profiling构建候选期间修改批次使旧运行失效-chromium/test-failed-1.png
    ────────────────────────────────────────────────────────────────────────────────────────────────

    attachment #2: video (video/webm) ──────────────────────────────────────────────────────────────
    ../../test-results/l1-user-calibration--L1-Profiling构建候选期间修改批次使旧运行失效-chromium/video.webm
    ────────────────────────────────────────────────────────────────────────────────────────────────

    Error Context: ../../test-results/l1-user-calibration--L1-Profiling构建候选期间修改批次使旧运行失效-chromium/error-context.md

    attachment #4: trace (application/zip) ─────────────────────────────────────────────────────────
    ../../test-results/l1-user-calibration--L1-Profiling构建候选期间修改批次使旧运行失效-chromium/trace.zip
    Usage:

        npx playwright show-trace ../../test-results/l1-user-calibration--L1-Profiling构建候选期间修改批次使旧运行失效-chromium/trace.zip

    ────────────────────────────────────────────────────────────────────────────────────────────────
]]>
</error>
</testcase>
<testcase name="@L1 Profiling构建候选显式终止后回到草稿" classname="l1/user-calibration.spec.ts" time="22.41">
<system-out>
<![CDATA[
[[ATTACHMENT|../test-results/l1-user-calibration--L1-Profiling构建候选显式终止后回到草稿-chromium/test-failed-1.png]]

[[ATTACHMENT|../test-results/l1-user-calibration--L1-Profiling构建候选显式终止后回到草稿-chromium/video.webm]]

[[ATTACHMENT|../test-results/l1-user-calibration--L1-Profiling构建候选显式终止后回到草稿-chromium/error-context.md]]

[[ATTACHMENT|../test-results/l1-user-calibration--L1-Profiling构建候选显式终止后回到草稿-chromium/trace.zip]]
]]>
</system-out>
<error message="locator.click: Timeout 15000ms exceeded." type="TimeoutError">
<![CDATA[  [chromium] › l1/user-calibration.spec.ts:210:1 › @L1 Profiling构建候选显式终止后回到草稿 ──────────────────────

    TimeoutError: locator.click: Timeout 15000ms exceeded.
    Call log:
      - waiting for getByTestId('calibration-create-open')


      75 | async function openCandidateDraft(page: Page, catalogs: TestFixtures['catalogs'], hardwareName: string, name: string) {
      76 |   await page.goto('/zrt-sim/calibration')
    > 77 |   await page.getByTestId('calibration-create-open').click()
         |                                                     ^
      78 |   await page.getByRole('button', { name: /导入 Profiling/ }).click()
      79 |   await page.getByTestId('calibration-version-name').fill(name)
      80 |   await page.getByTestId('calibration-version-hardware').fill(hardwareName)
        at openCandidateDraft (/Users/xietianqi/actions-runner-zrt-sim-ui/_work/zrt-sim-ui/zrt-sim-ui/e2e/specs/l1/user-calibration.spec.ts:77:53)
        at /Users/xietianqi/actions-runner-zrt-sim-ui/_work/zrt-sim-ui/zrt-sim-ui/e2e/specs/l1/user-calibration.spec.ts:215:3

    attachment #1: screenshot (image/png) ──────────────────────────────────────────────────────────
    ../../test-results/l1-user-calibration--L1-Profiling构建候选显式终止后回到草稿-chromium/test-failed-1.png
    ────────────────────────────────────────────────────────────────────────────────────────────────

    attachment #2: video (video/webm) ──────────────────────────────────────────────────────────────
    ../../test-results/l1-user-calibration--L1-Profiling构建候选显式终止后回到草稿-chromium/video.webm
    ────────────────────────────────────────────────────────────────────────────────────────────────

    Error Context: ../../test-results/l1-user-calibration--L1-Profiling构建候选显式终止后回到草稿-chromium/error-context.md

    attachment #4: trace (application/zip) ─────────────────────────────────────────────────────────
    ../../test-results/l1-user-calibration--L1-Profiling构建候选显式终止后回到草稿-chromium/trace.zip
    Usage:

        npx playwright show-trace ../../test-results/l1-user-calibration--L1-Profiling构建候选显式终止后回到草稿-chromium/trace.zip

    ────────────────────────────────────────────────────────────────────────────────────────────────
]]>
</error>
</testcase>
<testcase name="@L1 Profiling终止重载完成前不允许重试并保留新运行终止能力" classname="l1/user-calibration.spec.ts" time="22.465">
<system-out>
<![CDATA[
[[ATTACHMENT|../test-results/l1-user-calibration--L1-Profiling终止重载完成前不允许重试并保留新运行终止能力-chromium/test-failed-1.png]]

[[ATTACHMENT|../test-results/l1-user-calibration--L1-Profiling终止重载完成前不允许重试并保留新运行终止能力-chromium/video.webm]]

[[ATTACHMENT|../test-results/l1-user-calibration--L1-Profiling终止重载完成前不允许重试并保留新运行终止能力-chromium/error-context.md]]

[[ATTACHMENT|../test-results/l1-user-calibration--L1-Profiling终止重载完成前不允许重试并保留新运行终止能力-chromium/trace.zip]]
]]>
</system-out>
<error message="locator.click: Timeout 15000ms exceeded." type="TimeoutError">
<![CDATA[  [chromium] › l1/user-calibration.spec.ts:254:1 › @L1 Profiling终止重载完成前不允许重试并保留新运行终止能力 ─────────────

    TimeoutError: locator.click: Timeout 15000ms exceeded.
    Call log:
      - waiting for getByTestId('calibration-create-open')


      75 | async function openCandidateDraft(page: Page, catalogs: TestFixtures['catalogs'], hardwareName: string, name: string) {
      76 |   await page.goto('/zrt-sim/calibration')
    > 77 |   await page.getByTestId('calibration-create-open').click()
         |                                                     ^
      78 |   await page.getByRole('button', { name: /导入 Profiling/ }).click()
      79 |   await page.getByTestId('calibration-version-name').fill(name)
      80 |   await page.getByTestId('calibration-version-hardware').fill(hardwareName)
        at openCandidateDraft (/Users/xietianqi/actions-runner-zrt-sim-ui/_work/zrt-sim-ui/zrt-sim-ui/e2e/specs/l1/user-calibration.spec.ts:77:53)
        at /Users/xietianqi/actions-runner-zrt-sim-ui/_work/zrt-sim-ui/zrt-sim-ui/e2e/specs/l1/user-calibration.spec.ts:258:3

    attachment #1: screenshot (image/png) ──────────────────────────────────────────────────────────
    ../../test-results/l1-user-calibration--L1-Profiling终止重载完成前不允许重试并保留新运行终止能力-chromium/test-failed-1.png
    ────────────────────────────────────────────────────────────────────────────────────────────────

    attachment #2: video (video/webm) ──────────────────────────────────────────────────────────────
    ../../test-results/l1-user-calibration--L1-Profiling终止重载完成前不允许重试并保留新运行终止能力-chromium/video.webm
    ────────────────────────────────────────────────────────────────────────────────────────────────

    Error Context: ../../test-results/l1-user-calibration--L1-Profiling终止重载完成前不允许重试并保留新运行终止能力-chromium/error-context.md

    attachment #4: trace (application/zip) ─────────────────────────────────────────────────────────
    ../../test-results/l1-user-calibration--L1-Profiling终止重载完成前不允许重试并保留新运行终止能力-chromium/trace.zip
    Usage:

        npx playwright show-trace ../../test-results/l1-user-calibration--L1-Profiling终止重载完成前不允许重试并保留新运行终止能力-chromium/trace.zip

    ────────────────────────────────────────────────────────────────────────────────────────────────
]]>
</error>
</testcase>
<testcase name="@L1 Profiling构建候选同页关闭重开从服务器恢复" classname="l1/user-calibration.spec.ts" time="22.447">
<system-out>
<![CDATA[
[[ATTACHMENT|../test-results/l1-user-calibration--L1-Profiling构建候选同页关闭重开从服务器恢复-chromium/test-failed-1.png]]

[[ATTACHMENT|../test-results/l1-user-calibration--L1-Profiling构建候选同页关闭重开从服务器恢复-chromium/video.webm]]

[[ATTACHMENT|../test-results/l1-user-calibration--L1-Profiling构建候选同页关闭重开从服务器恢复-chromium/error-context.md]]

[[ATTACHMENT|../test-results/l1-user-calibration--L1-Profiling构建候选同页关闭重开从服务器恢复-chromium/trace.zip]]
]]>
</system-out>
<error message="locator.click: Timeout 15000ms exceeded." type="TimeoutError">
<![CDATA[  [chromium] › l1/user-calibration.spec.ts:286:1 › @L1 Profiling构建候选同页关闭重开从服务器恢复 ───────────────────

    TimeoutError: locator.click: Timeout 15000ms exceeded.
    Call log:
      - waiting for getByTestId('calibration-create-open')


      75 | async function openCandidateDraft(page: Page, catalogs: TestFixtures['catalogs'], hardwareName: string, name: string) {
      76 |   await page.goto('/zrt-sim/calibration')
    > 77 |   await page.getByTestId('calibration-create-open').click()
         |                                                     ^
      78 |   await page.getByRole('button', { name: /导入 Profiling/ }).click()
      79 |   await page.getByTestId('calibration-version-name').fill(name)
      80 |   await page.getByTestId('calibration-version-hardware').fill(hardwareName)
        at openCandidateDraft (/Users/xietianqi/actions-runner-zrt-sim-ui/_work/zrt-sim-ui/zrt-sim-ui/e2e/specs/l1/user-calibration.spec.ts:77:53)
        at /Users/xietianqi/actions-runner-zrt-sim-ui/_work/zrt-sim-ui/zrt-sim-ui/e2e/specs/l1/user-calibration.spec.ts:289:15

    attachment #1: screenshot (image/png) ──────────────────────────────────────────────────────────
    ../../test-results/l1-user-calibration--L1-Profiling构建候选同页关闭重开从服务器恢复-chromium/test-failed-1.png
    ────────────────────────────────────────────────────────────────────────────────────────────────

    attachment #2: video (video/webm) ──────────────────────────────────────────────────────────────
    ../../test-results/l1-user-calibration--L1-Profiling构建候选同页关闭重开从服务器恢复-chromium/video.webm
    ────────────────────────────────────────────────────────────────────────────────────────────────

    Error Context: ../../test-results/l1-user-calibration--L1-Profiling构建候选同页关闭重开从服务器恢复-chromium/error-context.md

    attachment #4: trace (application/zip) ─────────────────────────────────────────────────────────
    ../../test-results/l1-user-calibration--L1-Profiling构建候选同页关闭重开从服务器恢复-chromium/trace.zip
    Usage:

        npx playwright show-trace ../../test-results/l1-user-calibration--L1-Profiling构建候选同页关闭重开从服务器恢复-chromium/trace.zip

    ────────────────────────────────────────────────────────────────────────────────────────────────
]]>
</error>
</testcase>
<testcase name="@L1 Profiling迟到打开版本响应不覆盖较新的构建候选" classname="l1/user-calibration.spec.ts" time="22.449">
<system-out>
<![CDATA[
[[ATTACHMENT|../test-results/l1-user-calibration--L1-Profiling迟到打开版本响应不覆盖较新的构建候选-chromium/test-failed-1.png]]

[[ATTACHMENT|../test-results/l1-user-calibration--L1-Profiling迟到打开版本响应不覆盖较新的构建候选-chromium/video.webm]]

[[ATTACHMENT|../test-results/l1-user-calibration--L1-Profiling迟到打开版本响应不覆盖较新的构建候选-chromium/error-context.md]]

[[ATTACHMENT|../test-results/l1-user-calibration--L1-Profiling迟到打开版本响应不覆盖较新的构建候选-chromium/trace.zip]]
]]>
</system-out>
<error message="locator.click: Timeout 15000ms exceeded." type="TimeoutError">
<![CDATA[  [chromium] › l1/user-calibration.spec.ts:304:1 › @L1 Profiling迟到打开版本响应不覆盖较新的构建候选 ─────────────────

    TimeoutError: locator.click: Timeout 15000ms exceeded.
    Call log:
      - waiting for getByTestId('calibration-create-open')


      75 | async function openCandidateDraft(page: Page, catalogs: TestFixtures['catalogs'], hardwareName: string, name: string) {
      76 |   await page.goto('/zrt-sim/calibration')
    > 77 |   await page.getByTestId('calibration-create-open').click()
         |                                                     ^
      78 |   await page.getByRole('button', { name: /导入 Profiling/ }).click()
      79 |   await page.getByTestId('calibration-version-name').fill(name)
      80 |   await page.getByTestId('calibration-version-hardware').fill(hardwareName)
        at openCandidateDraft (/Users/xietianqi/actions-runner-zrt-sim-ui/_work/zrt-sim-ui/zrt-sim-ui/e2e/specs/l1/user-calibration.spec.ts:77:53)
        at /Users/xietianqi/actions-runner-zrt-sim-ui/_work/zrt-sim-ui/zrt-sim-ui/e2e/specs/l1/user-calibration.spec.ts:308:3

    attachment #1: screenshot (image/png) ──────────────────────────────────────────────────────────
    ../../test-results/l1-user-calibration--L1-Profiling迟到打开版本响应不覆盖较新的构建候选-chromium/test-failed-1.png
    ────────────────────────────────────────────────────────────────────────────────────────────────

    attachment #2: video (video/webm) ──────────────────────────────────────────────────────────────
    ../../test-results/l1-user-calibration--L1-Profiling迟到打开版本响应不覆盖较新的构建候选-chromium/video.webm
    ────────────────────────────────────────────────────────────────────────────────────────────────

    Error Context: ../../test-results/l1-user-calibration--L1-Profiling迟到打开版本响应不覆盖较新的构建候选-chromium/error-context.md

    attachment #4: trace (application/zip) ─────────────────────────────────────────────────────────
    ../../test-results/l1-user-calibration--L1-Profiling迟到打开版本响应不覆盖较新的构建候选-chromium/trace.zip
    Usage:

        npx playwright show-trace ../../test-results/l1-user-calibration--L1-Profiling迟到打开版本响应不覆盖较新的构建候选-chromium/trace.zip

    ────────────────────────────────────────────────────────────────────────────────────────────────
]]>
</error>
</testcase>
<testcase name="@L1 Profiling批次迟到错误不污染同版本或另一版本重开" classname="l1/user-calibration.spec.ts" time="16.376">
<system-out>
<![CDATA[
[[ATTACHMENT|../test-results/l1-user-calibration--L1-Profiling批次迟到错误不污染同版本或另一版本重开-chromium/test-failed-1.png]]

[[ATTACHMENT|../test-results/l1-user-calibration--L1-Profiling批次迟到错误不污染同版本或另一版本重开-chromium/video.webm]]

[[ATTACHMENT|../test-results/l1-user-calibration--L1-Profiling批次迟到错误不污染同版本或另一版本重开-chromium/error-context.md]]

[[ATTACHMENT|../test-results/l1-user-calibration--L1-Profiling批次迟到错误不污染同版本或另一版本重开-chromium/trace.zip]]
]]>
</system-out>
<error message="locator.click: Timeout 15000ms exceeded." type="TimeoutError">
<![CDATA[  [chromium] › l1/user-calibration.spec.ts:333:1 › @L1 Profiling批次迟到错误不污染同版本或另一版本重开 ────────────────

    TimeoutError: locator.click: Timeout 15000ms exceeded.
    Call log:
      - waiting for getByTestId('calibration-create-open')


      75 | async function openCandidateDraft(page: Page, catalogs: TestFixtures['catalogs'], hardwareName: string, name: string) {
      76 |   await page.goto('/zrt-sim/calibration')
    > 77 |   await page.getByTestId('calibration-create-open').click()
         |                                                     ^
      78 |   await page.getByRole('button', { name: /导入 Profiling/ }).click()
      79 |   await page.getByTestId('calibration-version-name').fill(name)
      80 |   await page.getByTestId('calibration-version-hardware').fill(hardwareName)
        at openCandidateDraft (/Users/xietianqi/actions-runner-zrt-sim-ui/_work/zrt-sim-ui/zrt-sim-ui/e2e/specs/l1/user-calibration.spec.ts:77:53)
        at /Users/xietianqi/actions-runner-zrt-sim-ui/_work/zrt-sim-ui/zrt-sim-ui/e2e/specs/l1/user-calibration.spec.ts:336:16

    attachment #1: screenshot (image/png) ──────────────────────────────────────────────────────────
    ../../test-results/l1-user-calibration--L1-Profiling批次迟到错误不污染同版本或另一版本重开-chromium/test-failed-1.png
    ────────────────────────────────────────────────────────────────────────────────────────────────

    attachment #2: video (video/webm) ──────────────────────────────────────────────────────────────
    ../../test-results/l1-user-calibration--L1-Profiling批次迟到错误不污染同版本或另一版本重开-chromium/video.webm
    ────────────────────────────────────────────────────────────────────────────────────────────────

    Error Context: ../../test-results/l1-user-calibration--L1-Profiling批次迟到错误不污染同版本或另一版本重开-chromium/error-context.md

    attachment #4: trace (application/zip) ─────────────────────────────────────────────────────────
    ../../test-results/l1-user-calibration--L1-Profiling批次迟到错误不污染同版本或另一版本重开-chromium/trace.zip
    Usage:

        npx playwright show-trace ../../test-results/l1-user-calibration--L1-Profiling批次迟到错误不污染同版本或另一版本重开-chromium/trace.zip

    ────────────────────────────────────────────────────────────────────────────────────────────────
]]>
</error>
</testcase>
<testcase name="@L1 Profiling追加导入迟到成功不关闭重开的弹窗" classname="l1/user-calibration.spec.ts" time="16.353">
<system-out>
<![CDATA[
[[ATTACHMENT|../test-results/l1-user-calibration--L1-Profiling追加导入迟到成功不关闭重开的弹窗-chromium/test-failed-1.png]]

[[ATTACHMENT|../test-results/l1-user-calibration--L1-Profiling追加导入迟到成功不关闭重开的弹窗-chromium/video.webm]]

[[ATTACHMENT|../test-results/l1-user-calibration--L1-Profiling追加导入迟到成功不关闭重开的弹窗-chromium/error-context.md]]

[[ATTACHMENT|../test-results/l1-user-calibration--L1-Profiling追加导入迟到成功不关闭重开的弹窗-chromium/trace.zip]]
]]>
</system-out>
<error message="locator.click: Timeout 15000ms exceeded." type="TimeoutError">
<![CDATA[  [chromium] › l1/user-calibration.spec.ts:372:1 › @L1 Profiling追加导入迟到成功不关闭重开的弹窗 ───────────────────

    TimeoutError: locator.click: Timeout 15000ms exceeded.
    Call log:
      - waiting for getByTestId('calibration-create-open')


      75 | async function openCandidateDraft(page: Page, catalogs: TestFixtures['catalogs'], hardwareName: string, name: string) {
      76 |   await page.goto('/zrt-sim/calibration')
    > 77 |   await page.getByTestId('calibration-create-open').click()
         |                                                     ^
      78 |   await page.getByRole('button', { name: /导入 Profiling/ }).click()
      79 |   await page.getByTestId('calibration-version-name').fill(name)
      80 |   await page.getByTestId('calibration-version-hardware').fill(hardwareName)
        at openCandidateDraft (/Users/xietianqi/actions-runner-zrt-sim-ui/_work/zrt-sim-ui/zrt-sim-ui/e2e/specs/l1/user-calibration.spec.ts:77:53)
        at /Users/xietianqi/actions-runner-zrt-sim-ui/_work/zrt-sim-ui/zrt-sim-ui/e2e/specs/l1/user-calibration.spec.ts:374:3

    attachment #1: screenshot (image/png) ──────────────────────────────────────────────────────────
    ../../test-results/l1-user-calibration--L1-Profiling追加导入迟到成功不关闭重开的弹窗-chromium/test-failed-1.png
    ────────────────────────────────────────────────────────────────────────────────────────────────

    attachment #2: video (video/webm) ──────────────────────────────────────────────────────────────
    ../../test-results/l1-user-calibration--L1-Profiling追加导入迟到成功不关闭重开的弹窗-chromium/video.webm
    ────────────────────────────────────────────────────────────────────────────────────────────────

    Error Context: ../../test-results/l1-user-calibration--L1-Profiling追加导入迟到成功不关闭重开的弹窗-chromium/error-context.md

    attachment #4: trace (application/zip) ─────────────────────────────────────────────────────────
    ../../test-results/l1-user-calibration--L1-Profiling追加导入迟到成功不关闭重开的弹窗-chromium/trace.zip
    Usage:

        npx playwright show-trace ../../test-results/l1-user-calibration--L1-Profiling追加导入迟到成功不关闭重开的弹窗-chromium/trace.zip

    ────────────────────────────────────────────────────────────────────────────────────────────────
]]>
</error>
</testcase>
<testcase name="@L1 用户 Profiling CSV 私有批次导入与移除" classname="l1/user-calibration.spec.ts" time="16.392">
<system-out>
<![CDATA[
[[ATTACHMENT|../test-results/l1-user-calibration--L1-用户-Profiling-CSV-私有批次导入与移除-chromium/test-failed-1.png]]

[[ATTACHMENT|../test-results/l1-user-calibration--L1-用户-Profiling-CSV-私有批次导入与移除-chromium/video.webm]]

[[ATTACHMENT|../test-results/l1-user-calibration--L1-用户-Profiling-CSV-私有批次导入与移除-chromium/error-context.md]]

[[ATTACHMENT|../test-results/l1-user-calibration--L1-用户-Profiling-CSV-私有批次导入与移除-chromium/trace.zip]]
]]>
</system-out>
<error message="locator.click: Timeout 15000ms exceeded." type="TimeoutError">
<![CDATA[  [chromium] › l1/user-calibration.spec.ts:401:1 › @L1 用户 Profiling CSV 私有批次导入与移除 ──────────────────

    TimeoutError: locator.click: Timeout 15000ms exceeded.
    Call log:
      - waiting for getByTestId('calibration-create-open')


      408 |
      409 |   await page.goto('/zrt-sim/calibration')
    > 410 |   await page.getByTestId('calibration-create-open').click()
          |                                                     ^
      411 |   await page.getByRole('button', { name: /导入 Profiling/ }).click()
      412 |   await page.getByTestId('calibration-version-name').fill(versionName)
      413 |   await page.getByTestId('calibration-version-hardware').fill(catalogs.train.hardwareName)
        at /Users/xietianqi/actions-runner-zrt-sim-ui/_work/zrt-sim-ui/zrt-sim-ui/e2e/specs/l1/user-calibration.spec.ts:410:53

    attachment #1: screenshot (image/png) ──────────────────────────────────────────────────────────
    ../../test-results/l1-user-calibration--L1-用户-Profiling-CSV-私有批次导入与移除-chromium/test-failed-1.png
    ────────────────────────────────────────────────────────────────────────────────────────────────

    attachment #2: video (video/webm) ──────────────────────────────────────────────────────────────
    ../../test-results/l1-user-calibration--L1-用户-Profiling-CSV-私有批次导入与移除-chromium/video.webm
    ────────────────────────────────────────────────────────────────────────────────────────────────

    Error Context: ../../test-results/l1-user-calibration--L1-用户-Profiling-CSV-私有批次导入与移除-chromium/error-context.md

    attachment #4: trace (application/zip) ─────────────────────────────────────────────────────────
    ../../test-results/l1-user-calibration--L1-用户-Profiling-CSV-私有批次导入与移除-chromium/trace.zip
    Usage:

        npx playwright show-trace ../../test-results/l1-user-calibration--L1-用户-Profiling-CSV-私有批次导入与移除-chromium/trace.zip

    ────────────────────────────────────────────────────────────────────────────────────────────────
]]>
</error>
</testcase>
<testcase name="@L1 旧草稿拟合响应不能污染新草稿报告" classname="l1/user-calibration.spec.ts" time="16.442">
<system-out>
<![CDATA[
[[ATTACHMENT|../test-results/l1-user-calibration--L1-旧草稿拟合响应不能污染新草稿报告-chromium/test-failed-1.png]]

[[ATTACHMENT|../test-results/l1-user-calibration--L1-旧草稿拟合响应不能污染新草稿报告-chromium/video.webm]]

[[ATTACHMENT|../test-results/l1-user-calibration--L1-旧草稿拟合响应不能污染新草稿报告-chromium/error-context.md]]

[[ATTACHMENT|../test-results/l1-user-calibration--L1-旧草稿拟合响应不能污染新草稿报告-chromium/trace.zip]]
]]>
</system-out>
<error message="locator.click: Timeout 15000ms exceeded." type="TimeoutError">
<![CDATA[  [chromium] › l1/user-calibration.spec.ts:466:1 › @L1 旧草稿拟合响应不能污染新草稿报告 ────────────────────────────

    TimeoutError: locator.click: Timeout 15000ms exceeded.
    Call log:
      - waiting for getByTestId('calibration-nav-versions')


      509 |   })
      510 |   await page.goto('/zrt-sim/calibration')
    > 511 |   await page.getByTestId('calibration-nav-versions').click()
          |                                                      ^
      512 |   await page.locator('tbody tr').filter({ hasText: nameA }).getByRole('button', { name: '编辑' }).click()
      513 |   await expect(page.getByText('有效 1 / 总 1')).toBeVisible()
      514 |   await page.getByTestId('calibration-shape-fit-preview').click()
        at /Users/xietianqi/actions-runner-zrt-sim-ui/_work/zrt-sim-ui/zrt-sim-ui/e2e/specs/l1/user-calibration.spec.ts:511:54

    attachment #1: screenshot (image/png) ──────────────────────────────────────────────────────────
    ../../test-results/l1-user-calibration--L1-旧草稿拟合响应不能污染新草稿报告-chromium/test-failed-1.png
    ────────────────────────────────────────────────────────────────────────────────────────────────

    attachment #2: video (video/webm) ──────────────────────────────────────────────────────────────
    ../../test-results/l1-user-calibration--L1-旧草稿拟合响应不能污染新草稿报告-chromium/video.webm
    ────────────────────────────────────────────────────────────────────────────────────────────────

    Error Context: ../../test-results/l1-user-calibration--L1-旧草稿拟合响应不能污染新草稿报告-chromium/error-context.md

    attachment #4: trace (application/zip) ─────────────────────────────────────────────────────────
    ../../test-results/l1-user-calibration--L1-旧草稿拟合响应不能污染新草稿报告-chromium/trace.zip
    Usage:

        npx playwright show-trace ../../test-results/l1-user-calibration--L1-旧草稿拟合响应不能污染新草稿报告-chromium/trace.zip

    ────────────────────────────────────────────────────────────────────────────────────────────────
]]>
</error>
</testcase>
<testcase name="@L1 用户手工校准工作台闭环" classname="l1/user-calibration.spec.ts" time="6.194">
<system-out>
<![CDATA[
[[ATTACHMENT|../test-results/l1-user-calibration--L1-用户手工校准工作台闭环-chromium/test-failed-1.png]]

[[ATTACHMENT|../test-results/l1-user-calibration--L1-用户手工校准工作台闭环-chromium/video.webm]]

[[ATTACHMENT|../test-results/l1-user-calibration--L1-用户手工校准工作台闭环-chromium/error-context.md]]

[[ATTACHMENT|../test-results/l1-user-calibration--L1-用户手工校准工作台闭环-chromium/trace.zip]]
]]>
</system-out>
<failure message="expect(locator).toBeVisible() failed" type="expect.toBeVisible">
<![CDATA[  [chromium] › l1/user-calibration.spec.ts:526:1 › @L1 用户手工校准工作台闭环 ─────────────────────────────────

    Error: expect(locator).toBeVisible() failed

    Locator: getByRole('heading', { name: '用户精度校准' })
    Expected: visible
    Timeout: 5000ms
    Error: element(s) not found

    Call log:
      - Expect "toBeVisible" with timeout 5000ms
      - waiting for getByRole('heading', { name: '用户精度校准' })


      529 |
      530 |   await page.goto('/zrt-sim/calibration')
    > 531 |   await expect(page.getByRole('heading', { name: '用户精度校准' })).toBeVisible()
          |                                                               ^
      532 |
      533 |   await page.getByTestId('calibration-create-open').click()
      534 |   await page.getByTestId('calibration-version-name').fill(versionName)
        at /Users/xietianqi/actions-runner-zrt-sim-ui/_work/zrt-sim-ui/zrt-sim-ui/e2e/specs/l1/user-calibration.spec.ts:531:63

    attachment #1: screenshot (image/png) ──────────────────────────────────────────────────────────
    ../../test-results/l1-user-calibration--L1-用户手工校准工作台闭环-chromium/test-failed-1.png
    ────────────────────────────────────────────────────────────────────────────────────────────────

    attachment #2: video (video/webm) ──────────────────────────────────────────────────────────────
    ../../test-results/l1-user-calibration--L1-用户手工校准工作台闭环-chromium/video.webm
    ────────────────────────────────────────────────────────────────────────────────────────────────

    Error Context: ../../test-results/l1-user-calibration--L1-用户手工校准工作台闭环-chromium/error-context.md

    attachment #4: trace (application/zip) ─────────────────────────────────────────────────────────
    ../../test-results/l1-user-calibration--L1-用户手工校准工作台闭环-chromium/trace.zip
    Usage:

        npx playwright show-trace ../../test-results/l1-user-calibration--L1-用户手工校准工作台闭环-chromium/trace.zip

    ────────────────────────────────────────────────────────────────────────────────────────────────
]]>
</failure>
</testcase>
</testsuite>
</testsuites>